Generating pseudo labels for i data
pseudo label correct rate is 0.8816666666666667
Data statistic {'p': 591, 'c': 600, 'b': 600}
=================================================================
Layer (type:depth-idx)                   Param #
=================================================================
PromptGenerator                          106,496
├─ParameterList: 1-1                     24,576
=================================================================
Total params: 131,072
Trainable params: 131,072
Non-trainable params: 0
=================================================================
PromptGenerator =================================================================
Layer (type:depth-idx)                   Param #
=================================================================
PromptGenerator                          106,496
├─ParameterList: 1-1                     24,576
=================================================================
Total params: 131,072
Trainable params: 131,072
Non-trainable params: 0
=================================================================
name: ctx_cls, shape torch.Size([12, 16, 512]), require grad: True
name: ctx_target, shape torch.Size([1, 16, 512]), require grad: True
name: ctx_source.0, shape torch.Size([1, 16, 512]), require grad: True
name: ctx_source.1, shape torch.Size([1, 16, 512]), require grad: True
name: ctx_source.2, shape torch.Size([1, 16, 512]), require grad: True
Best accuracy so far: 0.6996527777777778, step 1, accuracy 0.6996527777777778
Best accuracy so far: 0.8368055555555556, step 2, accuracy 0.8368055555555556
Best accuracy so far: 0.890625, step 3, accuracy 0.890625
Best accuracy so far: 0.890625, step 4, accuracy 0.8732638888888888
Best accuracy so far: 0.890625, step 5, accuracy 0.8663194444444444
Best accuracy so far: 0.9236111111111112, step 6, accuracy 0.9236111111111112
Best accuracy so far: 0.9357638888888888, step 7, accuracy 0.9357638888888888
Best accuracy so far: 0.9357638888888888, step 8, accuracy 0.9322916666666666
Best accuracy so far: 0.9357638888888888, step 9, accuracy 0.9270833333333334
Best accuracy so far: 0.9357638888888888, step 10, accuracy 0.9305555555555556
Best accuracy so far: 0.9618055555555556, step 11, accuracy 0.9618055555555556
Best accuracy so far: 0.9704861111111112, step 12, accuracy 0.9704861111111112
Best accuracy so far: 0.9704861111111112, step 13, accuracy 0.9600694444444444
Best accuracy so far: 0.9704861111111112, step 14, accuracy 0.9618055555555556
Best accuracy so far: 0.9704861111111112, step 15, accuracy 0.9618055555555556
Best accuracy so far: 0.9704861111111112, step 16, accuracy 0.9565972222222222
Best accuracy so far: 0.9704861111111112, step 17, accuracy 0.9652777777777778
Best accuracy so far: 0.9704861111111112, step 18, accuracy 0.9548611111111112
Best accuracy so far: 0.9704861111111112, step 19, accuracy 0.9496527777777778
Best accuracy so far: 0.9704861111111112, step 20, accuracy 0.9583333333333334
Best accuracy so far: 0.9704861111111112, step 21, accuracy 0.9565972222222222
Best accuracy so far: 0.9704861111111112, step 22, accuracy 0.9565972222222222
Best accuracy so far: 0.9704861111111112, step 23, accuracy 0.9583333333333334
Best accuracy so far: 0.9704861111111112, step 24, accuracy 0.9600694444444444
Best accuracy so far: 0.9704861111111112, step 25, accuracy 0.9513888888888888
Best accuracy so far: 0.9704861111111112, step 26, accuracy 0.9565972222222222
Best accuracy so far: 0.9704861111111112, step 27, accuracy 0.9583333333333334
Best accuracy so far: 0.9704861111111112, step 28, accuracy 0.9548611111111112
Best accuracy so far: 0.9704861111111112, step 29, accuracy 0.9600694444444444
Best accuracy so far: 0.9704861111111112, step 30, accuracy 0.9583333333333334
Best accuracy so far: 0.9704861111111112, step 31, accuracy 0.953125
Best accuracy so far: 0.9704861111111112, step 32, accuracy 0.9600694444444444
Best accuracy so far: 0.9704861111111112, step 33, accuracy 0.9548611111111112
Best accuracy so far: 0.9704861111111112, step 34, accuracy 0.9583333333333334
Best accuracy so far: 0.9704861111111112, step 35, accuracy 0.9635416666666666
Best accuracy so far: 0.9704861111111112, step 36, accuracy 0.9565972222222222
Best accuracy so far: 0.9704861111111112, step 37, accuracy 0.953125
Best accuracy so far: 0.9704861111111112, step 38, accuracy 0.9600694444444444
Best accuracy so far: 0.9704861111111112, step 39, accuracy 0.9565972222222222
Best accuracy so far: 0.9704861111111112, step 40, accuracy 0.9618055555555556
Best accuracy so far: 0.9704861111111112, step 41, accuracy 0.9583333333333334
Best accuracy so far: 0.9704861111111112, step 42, accuracy 0.9583333333333334
Best accuracy so far: 0.9704861111111112, step 43, accuracy 0.9635416666666666
Best accuracy so far: 0.9704861111111112, step 44, accuracy 0.9600694444444444
Best accuracy so far: 0.9704861111111112, step 45, accuracy 0.9565972222222222
Best accuracy so far: 0.9704861111111112, step 46, accuracy 0.9583333333333334
Best accuracy so far: 0.9704861111111112, step 47, accuracy 0.9548611111111112
Best accuracy so far: 0.9704861111111112, step 48, accuracy 0.9618055555555556
Best accuracy so far: 0.9704861111111112, step 49, accuracy 0.953125
Best accuracy so far: 0.9704861111111112, step 50, accuracy 0.953125
Best accuracy so far: 0.9704861111111112, step 51, accuracy 0.9548611111111112
Best accuracy so far: 0.9704861111111112, step 52, accuracy 0.9600694444444444
Best accuracy so far: 0.9704861111111112, step 53, accuracy 0.9548611111111112
Best accuracy so far: 0.9704861111111112, step 54, accuracy 0.9583333333333334
Best accuracy so far: 0.9704861111111112, step 55, accuracy 0.9565972222222222
Best accuracy so far: 0.9704861111111112, step 56, accuracy 0.953125
Best accuracy so far: 0.9704861111111112, step 57, accuracy 0.9600694444444444
Best accuracy so far: 0.9704861111111112, step 58, accuracy 0.9565972222222222
Best accuracy so far: 0.9704861111111112, step 59, accuracy 0.953125
Best accuracy so far: 0.9704861111111112, step 60, accuracy 0.9565972222222222
Best accuracy so far: 0.9704861111111112, step 61, accuracy 0.9600694444444444
Best accuracy so far: 0.9704861111111112, step 62, accuracy 0.9548611111111112
Best accuracy so far: 0.9704861111111112, step 63, accuracy 0.9583333333333334
Best accuracy so far: 0.9704861111111112, step 64, accuracy 0.9548611111111112
Best accuracy so far: 0.9704861111111112, step 65, accuracy 0.9565972222222222
Best accuracy so far: 0.9704861111111112, step 66, accuracy 0.9548611111111112
Best accuracy so far: 0.9704861111111112, step 67, accuracy 0.9548611111111112
Best accuracy so far: 0.9704861111111112, step 68, accuracy 0.9600694444444444
Best accuracy so far: 0.9704861111111112, step 69, accuracy 0.9583333333333334
Best accuracy so far: 0.9704861111111112, step 70, accuracy 0.9618055555555556
Best accuracy so far: 0.9704861111111112, step 71, accuracy 0.9583333333333334
Best accuracy so far: 0.9704861111111112, step 72, accuracy 0.9600694444444444
Best accuracy so far: 0.9704861111111112, step 73, accuracy 0.9600694444444444
Best accuracy so far: 0.9704861111111112, step 74, accuracy 0.9600694444444444
Best accuracy so far: 0.9704861111111112, step 75, accuracy 0.9565972222222222
Best accuracy so far: 0.9704861111111112, step 76, accuracy 0.9600694444444444
Best accuracy so far: 0.9704861111111112, step 77, accuracy 0.9600694444444444
Best accuracy so far: 0.9704861111111112, step 78, accuracy 0.9652777777777778
Best accuracy so far: 0.9704861111111112, step 79, accuracy 0.9635416666666666
Best accuracy so far: 0.9704861111111112, step 80, accuracy 0.9583333333333334
Best accuracy so far: 0.9704861111111112, step 81, accuracy 0.9635416666666666
Best accuracy so far: 0.9704861111111112, step 82, accuracy 0.9635416666666666
Best accuracy so far: 0.9704861111111112, step 83, accuracy 0.9583333333333334
Best accuracy so far: 0.9704861111111112, step 84, accuracy 0.9600694444444444
Best accuracy so far: 0.9704861111111112, step 85, accuracy 0.9565972222222222
Best accuracy so far: 0.9704861111111112, step 86, accuracy 0.9565972222222222
Best accuracy so far: 0.9704861111111112, step 87, accuracy 0.9565972222222222
Best accuracy so far: 0.9704861111111112, step 88, accuracy 0.9565972222222222
Best accuracy so far: 0.9704861111111112, step 89, accuracy 0.9565972222222222
Best accuracy so far: 0.9704861111111112, step 90, accuracy 0.9548611111111112
Best accuracy so far: 0.9704861111111112, step 91, accuracy 0.9565972222222222
Best accuracy so far: 0.9704861111111112, step 92, accuracy 0.9600694444444444
Best accuracy so far: 0.9704861111111112, step 93, accuracy 0.953125
Best accuracy so far: 0.9704861111111112, step 94, accuracy 0.9583333333333334
Best accuracy so far: 0.9704861111111112, step 95, accuracy 0.9583333333333334
Best accuracy so far: 0.9704861111111112, step 96, accuracy 0.9600694444444444
Best accuracy so far: 0.9704861111111112, step 97, accuracy 0.9618055555555556
Best accuracy so far: 0.9704861111111112, step 98, accuracy 0.9600694444444444
Best accuracy so far: 0.9704861111111112, step 99, accuracy 0.9618055555555556
Best accuracy so far: 0.9704861111111112, step 100, accuracy 0.9635416666666666
Best accuracy so far: 0.9704861111111112, step 101, accuracy 0.9618055555555556
Best accuracy so far: 0.9704861111111112, step 102, accuracy 0.9618055555555556
Best accuracy so far: 0.9704861111111112, step 103, accuracy 0.9565972222222222
Best accuracy so far: 0.9704861111111112, step 104, accuracy 0.9600694444444444
Best accuracy so far: 0.9704861111111112, step 105, accuracy 0.9618055555555556
Best accuracy so far: 0.9704861111111112, step 106, accuracy 0.9618055555555556
Best accuracy so far: 0.9704861111111112, step 107, accuracy 0.9652777777777778
Best accuracy so far: 0.9704861111111112, step 108, accuracy 0.9600694444444444
Best accuracy so far: 0.9704861111111112, step 109, accuracy 0.9618055555555556
Best accuracy so far: 0.9704861111111112, step 110, accuracy 0.9600694444444444
Best accuracy so far: 0.9704861111111112, step 111, accuracy 0.9652777777777778
Best accuracy so far: 0.9704861111111112, step 112, accuracy 0.9565972222222222
Best accuracy so far: 0.9704861111111112, step 113, accuracy 0.9635416666666666
Best accuracy so far: 0.9704861111111112, step 114, accuracy 0.9600694444444444
Best accuracy so far: 0.9704861111111112, step 115, accuracy 0.9583333333333334
Best accuracy so far: 0.9704861111111112, step 116, accuracy 0.9565972222222222
Best accuracy so far: 0.9704861111111112, step 117, accuracy 0.9618055555555556
Best accuracy so far: 0.9704861111111112, step 118, accuracy 0.9583333333333334
Best accuracy so far: 0.9704861111111112, step 119, accuracy 0.9600694444444444
Best accuracy so far: 0.9704861111111112, step 120, accuracy 0.9600694444444444
Best accuracy so far: 0.9704861111111112, step 121, accuracy 0.9652777777777778
Best accuracy so far: 0.9704861111111112, step 122, accuracy 0.9618055555555556
Best accuracy so far: 0.9704861111111112, step 123, accuracy 0.9618055555555556
Best accuracy so far: 0.9704861111111112, step 124, accuracy 0.9652777777777778
Best accuracy so far: 0.9704861111111112, step 125, accuracy 0.9600694444444444
Best accuracy so far: 0.9704861111111112, step 126, accuracy 0.9600694444444444
Best accuracy so far: 0.9704861111111112, step 127, accuracy 0.9618055555555556
Best accuracy so far: 0.9704861111111112, step 128, accuracy 0.9635416666666666
Best accuracy so far: 0.9704861111111112, step 129, accuracy 0.9600694444444444
Best accuracy so far: 0.9704861111111112, step 130, accuracy 0.9635416666666666
Best accuracy so far: 0.9704861111111112, step 131, accuracy 0.9618055555555556
Best accuracy so far: 0.9704861111111112, step 132, accuracy 0.9600694444444444
Best accuracy so far: 0.9704861111111112, step 133, accuracy 0.9583333333333334
Best accuracy so far: 0.9704861111111112, step 134, accuracy 0.9600694444444444
Best accuracy so far: 0.9704861111111112, step 135, accuracy 0.9583333333333334
Best accuracy so far: 0.9704861111111112, step 136, accuracy 0.9565972222222222
Best accuracy so far: 0.9704861111111112, step 137, accuracy 0.9600694444444444
Best accuracy so far: 0.9704861111111112, step 138, accuracy 0.9635416666666666
Best accuracy so far: 0.9704861111111112, step 139, accuracy 0.9600694444444444
Best accuracy so far: 0.9704861111111112, step 140, accuracy 0.9583333333333334
Best accuracy so far: 0.9704861111111112, step 141, accuracy 0.9565972222222222
Best accuracy so far: 0.9704861111111112, step 142, accuracy 0.9583333333333334
Best accuracy so far: 0.9704861111111112, step 143, accuracy 0.9600694444444444
Best accuracy so far: 0.9704861111111112, step 144, accuracy 0.9583333333333334
Best accuracy so far: 0.9704861111111112, step 145, accuracy 0.9618055555555556
Best accuracy so far: 0.9704861111111112, step 146, accuracy 0.9635416666666666
Best accuracy so far: 0.9704861111111112, step 147, accuracy 0.9565972222222222
Best accuracy so far: 0.9704861111111112, step 148, accuracy 0.9583333333333334
Best accuracy so far: 0.9704861111111112, step 149, accuracy 0.9618055555555556
Best accuracy so far: 0.9704861111111112, step 150, accuracy 0.9583333333333334
Best accuracy so far: 0.9704861111111112, step 151, accuracy 0.9600694444444444
Best accuracy so far: 0.9704861111111112, step 152, accuracy 0.9600694444444444
Best accuracy so far: 0.9704861111111112, step 153, accuracy 0.9583333333333334
Best accuracy so far: 0.9704861111111112, step 154, accuracy 0.9618055555555556
Best accuracy so far: 0.9704861111111112, step 155, accuracy 0.9635416666666666
Best accuracy so far: 0.9704861111111112, step 156, accuracy 0.9635416666666666
Best accuracy so far: 0.9704861111111112, step 157, accuracy 0.9583333333333334
Best accuracy so far: 0.9704861111111112, step 158, accuracy 0.9618055555555556
Best accuracy so far: 0.9704861111111112, step 159, accuracy 0.9652777777777778
Best accuracy so far: 0.9704861111111112, step 160, accuracy 0.9600694444444444
Best accuracy so far: 0.9704861111111112, step 161, accuracy 0.9618055555555556
Best accuracy so far: 0.9704861111111112, step 162, accuracy 0.9600694444444444
Best accuracy so far: 0.9704861111111112, step 163, accuracy 0.9652777777777778
Best accuracy so far: 0.9704861111111112, step 164, accuracy 0.9652777777777778
Best accuracy so far: 0.9704861111111112, step 165, accuracy 0.9600694444444444
Best accuracy so far: 0.9704861111111112, step 166, accuracy 0.9618055555555556
Best accuracy so far: 0.9704861111111112, step 167, accuracy 0.9600694444444444
Best accuracy so far: 0.9704861111111112, step 168, accuracy 0.9635416666666666
Best accuracy so far: 0.9704861111111112, step 169, accuracy 0.9618055555555556
Best accuracy so far: 0.9704861111111112, step 170, accuracy 0.9652777777777778
Best accuracy so far: 0.9704861111111112, step 171, accuracy 0.9618055555555556
Best accuracy so far: 0.9704861111111112, step 172, accuracy 0.9618055555555556
Best accuracy so far: 0.9704861111111112, step 173, accuracy 0.9618055555555556
Best accuracy so far: 0.9704861111111112, step 174, accuracy 0.9652777777777778
Best accuracy so far: 0.9704861111111112, step 175, accuracy 0.9600694444444444
Best accuracy so far: 0.9704861111111112, step 176, accuracy 0.9618055555555556
Best accuracy so far: 0.9704861111111112, step 177, accuracy 0.9618055555555556
Best accuracy so far: 0.9704861111111112, step 178, accuracy 0.9635416666666666
Best accuracy so far: 0.9704861111111112, step 179, accuracy 0.9618055555555556
Best accuracy so far: 0.9704861111111112, step 180, accuracy 0.9618055555555556
Best accuracy so far: 0.9704861111111112, step 181, accuracy 0.9652777777777778
Best accuracy so far: 0.9704861111111112, step 182, accuracy 0.9635416666666666
Best accuracy so far: 0.9704861111111112, step 183, accuracy 0.9635416666666666
Best accuracy so far: 0.9704861111111112, step 184, accuracy 0.9600694444444444
Best accuracy so far: 0.9704861111111112, step 185, accuracy 0.9635416666666666
Best accuracy so far: 0.9704861111111112, step 186, accuracy 0.9618055555555556
Best accuracy so far: 0.9704861111111112, step 187, accuracy 0.9618055555555556
Best accuracy so far: 0.9704861111111112, step 188, accuracy 0.9635416666666666
Best accuracy so far: 0.9704861111111112, step 189, accuracy 0.9618055555555556
Best accuracy so far: 0.9704861111111112, step 190, accuracy 0.9635416666666666
Best accuracy so far: 0.9704861111111112, step 191, accuracy 0.9600694444444444
Best accuracy so far: 0.9704861111111112, step 192, accuracy 0.9600694444444444
Best accuracy so far: 0.9704861111111112, step 193, accuracy 0.9652777777777778
Best accuracy so far: 0.9704861111111112, step 194, accuracy 0.9600694444444444
Best accuracy so far: 0.9704861111111112, step 195, accuracy 0.9652777777777778
Best accuracy so far: 0.9704861111111112, step 196, accuracy 0.9635416666666666
Best accuracy so far: 0.9704861111111112, step 197, accuracy 0.9635416666666666
Best accuracy so far: 0.9704861111111112, step 198, accuracy 0.9635416666666666
Best accuracy so far: 0.9704861111111112, step 199, accuracy 0.9635416666666666
Best accuracy so far: 0.9704861111111112, step 200, accuracy 0.9635416666666666
Best accuracy so far: 0.9704861111111112, step 201, accuracy 0.9635416666666666
Best accuracy so far: 0.9704861111111112, step 202, accuracy 0.9618055555555556
Best accuracy so far: 0.9704861111111112, step 203, accuracy 0.9635416666666666
Best accuracy so far: 0.9704861111111112, step 204, accuracy 0.9618055555555556
Best accuracy so far: 0.9704861111111112, step 205, accuracy 0.9583333333333334
Best accuracy so far: 0.9704861111111112, step 206, accuracy 0.9652777777777778
Best accuracy so far: 0.9704861111111112, step 207, accuracy 0.9635416666666666
Best accuracy so far: 0.9704861111111112, step 208, accuracy 0.9635416666666666
Best accuracy so far: 0.9704861111111112, step 209, accuracy 0.9635416666666666
Best accuracy so far: 0.9704861111111112, step 210, accuracy 0.9618055555555556
Best accuracy so far: 0.9704861111111112, step 211, accuracy 0.9652777777777778
Best accuracy so far: 0.9704861111111112, step 212, accuracy 0.9670138888888888
Best accuracy so far: 0.9704861111111112, step 213, accuracy 0.9600694444444444
Best accuracy so far: 0.9704861111111112, step 214, accuracy 0.9583333333333334
Best accuracy so far: 0.9704861111111112, step 215, accuracy 0.9618055555555556
Best accuracy so far: 0.9704861111111112, step 216, accuracy 0.9600694444444444
Best accuracy so far: 0.9704861111111112, step 217, accuracy 0.9565972222222222
Best accuracy so far: 0.9704861111111112, step 218, accuracy 0.9600694444444444
Best accuracy so far: 0.9704861111111112, step 219, accuracy 0.9600694444444444
Best accuracy so far: 0.9704861111111112, step 220, accuracy 0.9652777777777778
Best accuracy so far: 0.9704861111111112, step 221, accuracy 0.9565972222222222
Best accuracy so far: 0.9704861111111112, step 222, accuracy 0.9618055555555556
Best accuracy so far: 0.9704861111111112, step 223, accuracy 0.9583333333333334
Best accuracy so far: 0.9704861111111112, step 224, accuracy 0.9618055555555556
Best accuracy so far: 0.9704861111111112, step 225, accuracy 0.9583333333333334
Best accuracy so far: 0.9704861111111112, step 226, accuracy 0.9618055555555556
Best accuracy so far: 0.9704861111111112, step 227, accuracy 0.9583333333333334
Best accuracy so far: 0.9704861111111112, step 228, accuracy 0.9618055555555556
Best accuracy so far: 0.9704861111111112, step 229, accuracy 0.9600694444444444
Best accuracy so far: 0.9704861111111112, step 230, accuracy 0.9652777777777778
Best accuracy so far: 0.9704861111111112, step 231, accuracy 0.9618055555555556
Best accuracy so far: 0.9704861111111112, step 232, accuracy 0.9583333333333334
Best accuracy so far: 0.9704861111111112, step 233, accuracy 0.9600694444444444
Best accuracy so far: 0.9704861111111112, step 234, accuracy 0.9618055555555556
Best accuracy so far: 0.9704861111111112, step 235, accuracy 0.9670138888888888
Best accuracy so far: 0.9704861111111112, step 236, accuracy 0.9670138888888888
Best accuracy so far: 0.9704861111111112, step 237, accuracy 0.9652777777777778
Best accuracy so far: 0.9704861111111112, step 238, accuracy 0.9635416666666666
Best accuracy so far: 0.9704861111111112, step 239, accuracy 0.9704861111111112
Best accuracy so far: 0.9704861111111112, step 240, accuracy 0.96875
Best accuracy so far: 0.9704861111111112, step 241, accuracy 0.9652777777777778
Best accuracy so far: 0.9704861111111112, step 242, accuracy 0.9618055555555556
Best accuracy so far: 0.9704861111111112, step 243, accuracy 0.9652777777777778
Best accuracy so far: 0.9704861111111112, step 244, accuracy 0.9600694444444444
Best accuracy so far: 0.9704861111111112, step 245, accuracy 0.9565972222222222
Best accuracy so far: 0.9704861111111112, step 246, accuracy 0.9583333333333334
Best accuracy so far: 0.9704861111111112, step 247, accuracy 0.9548611111111112
Best accuracy so far: 0.9704861111111112, step 248, accuracy 0.9583333333333334
Best accuracy so far: 0.9704861111111112, step 249, accuracy 0.9565972222222222
Best accuracy so far: 0.9704861111111112, step 250, accuracy 0.9548611111111112
Best accuracy so far: 0.9704861111111112, step 251, accuracy 0.9565972222222222
Best accuracy so far: 0.9704861111111112, step 252, accuracy 0.953125
Best accuracy so far: 0.9704861111111112, step 253, accuracy 0.953125
Best accuracy so far: 0.9704861111111112, step 254, accuracy 0.9565972222222222
Best accuracy so far: 0.9704861111111112, step 255, accuracy 0.9565972222222222
Best accuracy so far: 0.9704861111111112, step 256, accuracy 0.9548611111111112
Best accuracy so far: 0.9704861111111112, step 257, accuracy 0.9600694444444444
Best accuracy so far: 0.9704861111111112, step 258, accuracy 0.9565972222222222
Best accuracy so far: 0.9704861111111112, step 259, accuracy 0.9565972222222222
Best accuracy so far: 0.9704861111111112, step 260, accuracy 0.9548611111111112
Best accuracy so far: 0.9704861111111112, step 261, accuracy 0.9565972222222222
Best accuracy so far: 0.9704861111111112, step 262, accuracy 0.9583333333333334
Best accuracy so far: 0.9704861111111112, step 263, accuracy 0.9583333333333334
Best accuracy so far: 0.9704861111111112, step 264, accuracy 0.9583333333333334
Best accuracy so far: 0.9704861111111112, step 265, accuracy 0.9618055555555556
Best accuracy so far: 0.9704861111111112, step 266, accuracy 0.953125
Best accuracy so far: 0.9704861111111112, step 267, accuracy 0.9565972222222222
Best accuracy so far: 0.9704861111111112, step 268, accuracy 0.9583333333333334
Best accuracy so far: 0.9704861111111112, step 269, accuracy 0.9618055555555556
Best accuracy so far: 0.9704861111111112, step 270, accuracy 0.9496527777777778
Best accuracy so far: 0.9704861111111112, step 271, accuracy 0.9565972222222222
Best accuracy so far: 0.9704861111111112, step 272, accuracy 0.9583333333333334
Best accuracy so far: 0.9704861111111112, step 273, accuracy 0.9565972222222222
Best accuracy so far: 0.9704861111111112, step 274, accuracy 0.9565972222222222
Best accuracy so far: 0.9704861111111112, step 275, accuracy 0.9600694444444444
Best accuracy so far: 0.9704861111111112, step 276, accuracy 0.9565972222222222
Best accuracy so far: 0.9704861111111112, step 277, accuracy 0.9565972222222222
Best accuracy so far: 0.9704861111111112, step 278, accuracy 0.9618055555555556
Best accuracy so far: 0.9704861111111112, step 279, accuracy 0.9600694444444444
Best accuracy so far: 0.9704861111111112, step 280, accuracy 0.9565972222222222
Best accuracy so far: 0.9704861111111112, step 281, accuracy 0.9548611111111112
Best accuracy so far: 0.9704861111111112, step 282, accuracy 0.9565972222222222
Best accuracy so far: 0.9704861111111112, step 283, accuracy 0.9583333333333334
Best accuracy so far: 0.9704861111111112, step 284, accuracy 0.9565972222222222
Best accuracy so far: 0.9704861111111112, step 285, accuracy 0.953125
Best accuracy so far: 0.9704861111111112, step 286, accuracy 0.9548611111111112
Best accuracy so far: 0.9704861111111112, step 287, accuracy 0.9583333333333334
Best accuracy so far: 0.9704861111111112, step 288, accuracy 0.9583333333333334
Best accuracy so far: 0.9704861111111112, step 289, accuracy 0.9583333333333334
Best accuracy so far: 0.9704861111111112, step 290, accuracy 0.9565972222222222
Best accuracy so far: 0.9704861111111112, step 291, accuracy 0.9548611111111112
Best accuracy so far: 0.9704861111111112, step 292, accuracy 0.9600694444444444
Best accuracy so far: 0.9704861111111112, step 293, accuracy 0.9583333333333334
Best accuracy so far: 0.9704861111111112, step 294, accuracy 0.9600694444444444
Best accuracy so far: 0.9704861111111112, step 295, accuracy 0.9565972222222222
Best accuracy so far: 0.9704861111111112, step 296, accuracy 0.9583333333333334
Best accuracy so far: 0.9704861111111112, step 297, accuracy 0.9548611111111112
Best accuracy so far: 0.9704861111111112, step 298, accuracy 0.9565972222222222
Best accuracy so far: 0.9704861111111112, step 299, accuracy 0.9583333333333334
Best accuracy so far: 0.9704861111111112, step 300, accuracy 0.9565972222222222
Best accuracy so far: 0.9704861111111112, step 301, accuracy 0.9583333333333334
Best accuracy so far: 0.9704861111111112, step 302, accuracy 0.9583333333333334
Best accuracy so far: 0.9704861111111112, step 303, accuracy 0.9565972222222222
Best accuracy so far: 0.9704861111111112, step 304, accuracy 0.9583333333333334
Best accuracy so far: 0.9704861111111112, step 305, accuracy 0.9513888888888888
Best accuracy so far: 0.9704861111111112, step 306, accuracy 0.9548611111111112
Best accuracy so far: 0.9704861111111112, step 307, accuracy 0.9513888888888888
Best accuracy so far: 0.9704861111111112, step 308, accuracy 0.953125
Best accuracy so far: 0.9704861111111112, step 309, accuracy 0.9600694444444444
Best accuracy so far: 0.9704861111111112, step 310, accuracy 0.953125
Best accuracy so far: 0.9704861111111112, step 311, accuracy 0.9635416666666666
Best accuracy so far: 0.9704861111111112, step 312, accuracy 0.953125
Best accuracy so far: 0.9704861111111112, step 313, accuracy 0.9600694444444444
Best accuracy so far: 0.9704861111111112, step 314, accuracy 0.9565972222222222
Best accuracy so far: 0.9704861111111112, step 315, accuracy 0.9583333333333334
Best accuracy so far: 0.9704861111111112, step 316, accuracy 0.9618055555555556
Best accuracy so far: 0.9704861111111112, step 317, accuracy 0.9618055555555556
Best accuracy so far: 0.9704861111111112, step 318, accuracy 0.9618055555555556
Best accuracy so far: 0.9704861111111112, step 319, accuracy 0.9583333333333334
Best accuracy so far: 0.9704861111111112, step 320, accuracy 0.9513888888888888
Best accuracy so far: 0.9704861111111112, step 321, accuracy 0.9600694444444444
Best accuracy so far: 0.9704861111111112, step 322, accuracy 0.9548611111111112
Best accuracy so far: 0.9704861111111112, step 323, accuracy 0.9600694444444444
Best accuracy so far: 0.9704861111111112, step 324, accuracy 0.9618055555555556
Best accuracy so far: 0.9704861111111112, step 325, accuracy 0.9548611111111112
Best accuracy so far: 0.9704861111111112, step 326, accuracy 0.9565972222222222
Best accuracy so far: 0.9704861111111112, step 327, accuracy 0.9600694444444444
Best accuracy so far: 0.9704861111111112, step 328, accuracy 0.9583333333333334
Best accuracy so far: 0.9704861111111112, step 329, accuracy 0.9635416666666666
Best accuracy so far: 0.9704861111111112, step 330, accuracy 0.9600694444444444
Best accuracy so far: 0.9704861111111112, step 331, accuracy 0.9565972222222222
Best accuracy so far: 0.9704861111111112, step 332, accuracy 0.9583333333333334
Best accuracy so far: 0.9704861111111112, step 333, accuracy 0.9583333333333334
Best accuracy so far: 0.9704861111111112, step 334, accuracy 0.9618055555555556
Best accuracy so far: 0.9704861111111112, step 335, accuracy 0.9565972222222222
Best accuracy so far: 0.9704861111111112, step 336, accuracy 0.9600694444444444
Best accuracy so far: 0.9704861111111112, step 337, accuracy 0.9565972222222222
Best accuracy so far: 0.9704861111111112, step 338, accuracy 0.9635416666666666
Best accuracy so far: 0.9704861111111112, step 339, accuracy 0.9565972222222222
Best accuracy so far: 0.9704861111111112, step 340, accuracy 0.9565972222222222
Best accuracy so far: 0.9704861111111112, step 341, accuracy 0.9565972222222222
Best accuracy so far: 0.9704861111111112, step 342, accuracy 0.9548611111111112
Best accuracy so far: 0.9704861111111112, step 343, accuracy 0.9600694444444444
Best accuracy so far: 0.9704861111111112, step 344, accuracy 0.9583333333333334
Best accuracy so far: 0.9704861111111112, step 345, accuracy 0.9583333333333334
Best accuracy so far: 0.9704861111111112, step 346, accuracy 0.9635416666666666
Best accuracy so far: 0.9704861111111112, step 347, accuracy 0.9600694444444444
Best accuracy so far: 0.9704861111111112, step 348, accuracy 0.9618055555555556
Best accuracy so far: 0.9704861111111112, step 349, accuracy 0.9618055555555556
Best accuracy so far: 0.9704861111111112, step 350, accuracy 0.9565972222222222
Best accuracy so far: 0.9704861111111112, step 351, accuracy 0.9583333333333334
Best accuracy so far: 0.9704861111111112, step 352, accuracy 0.9600694444444444
Best accuracy so far: 0.9704861111111112, step 353, accuracy 0.9635416666666666
Best accuracy so far: 0.9704861111111112, step 354, accuracy 0.9618055555555556
Best accuracy so far: 0.9704861111111112, step 355, accuracy 0.9618055555555556
Best accuracy so far: 0.9704861111111112, step 356, accuracy 0.9600694444444444
Best accuracy so far: 0.9704861111111112, step 357, accuracy 0.9583333333333334
Best accuracy so far: 0.9704861111111112, step 358, accuracy 0.953125
Best accuracy so far: 0.9704861111111112, step 359, accuracy 0.9600694444444444
Best accuracy so far: 0.9704861111111112, step 360, accuracy 0.9583333333333334
Best accuracy so far: 0.9704861111111112, step 361, accuracy 0.9583333333333334
Best accuracy so far: 0.9704861111111112, step 362, accuracy 0.9635416666666666
Best accuracy so far: 0.9704861111111112, step 363, accuracy 0.9565972222222222
Best accuracy so far: 0.9704861111111112, step 364, accuracy 0.9583333333333334
Best accuracy so far: 0.9704861111111112, step 365, accuracy 0.9618055555555556
Best accuracy so far: 0.9704861111111112, step 366, accuracy 0.9635416666666666
Best accuracy so far: 0.9704861111111112, step 367, accuracy 0.9618055555555556
Best accuracy so far: 0.9704861111111112, step 368, accuracy 0.9600694444444444
Best accuracy so far: 0.9704861111111112, step 369, accuracy 0.9635416666666666
Best accuracy so far: 0.9704861111111112, step 370, accuracy 0.9600694444444444
Best accuracy so far: 0.9704861111111112, step 371, accuracy 0.9635416666666666
Best accuracy so far: 0.9704861111111112, step 372, accuracy 0.9583333333333334
Best accuracy so far: 0.9704861111111112, step 373, accuracy 0.9548611111111112
Best accuracy so far: 0.9704861111111112, step 374, accuracy 0.9583333333333334
Best accuracy so far: 0.9704861111111112, step 375, accuracy 0.9513888888888888
Best accuracy so far: 0.9704861111111112, step 376, accuracy 0.9513888888888888
Best accuracy so far: 0.9704861111111112, step 377, accuracy 0.9600694444444444
Best accuracy so far: 0.9704861111111112, step 378, accuracy 0.9565972222222222
Best accuracy so far: 0.9704861111111112, step 379, accuracy 0.9548611111111112
Best accuracy so far: 0.9704861111111112, step 380, accuracy 0.9618055555555556
Best accuracy so far: 0.9704861111111112, step 381, accuracy 0.953125
Best accuracy so far: 0.9704861111111112, step 382, accuracy 0.953125
Best accuracy so far: 0.9704861111111112, step 383, accuracy 0.9565972222222222
Best accuracy so far: 0.9704861111111112, step 384, accuracy 0.9565972222222222
Best accuracy so far: 0.9704861111111112, step 385, accuracy 0.9548611111111112
Best accuracy so far: 0.9704861111111112, step 386, accuracy 0.9583333333333334
Best accuracy so far: 0.9704861111111112, step 387, accuracy 0.9600694444444444
Best accuracy so far: 0.9704861111111112, step 388, accuracy 0.9600694444444444
Best accuracy so far: 0.9704861111111112, step 389, accuracy 0.9548611111111112
Best accuracy so far: 0.9704861111111112, step 390, accuracy 0.953125
Best accuracy so far: 0.9704861111111112, step 391, accuracy 0.9583333333333334
Best accuracy so far: 0.9704861111111112, step 392, accuracy 0.953125
Best accuracy so far: 0.9704861111111112, step 393, accuracy 0.9548611111111112
Best accuracy so far: 0.9704861111111112, step 394, accuracy 0.953125
Best accuracy so far: 0.9704861111111112, step 395, accuracy 0.9600694444444444
Best accuracy so far: 0.9704861111111112, step 396, accuracy 0.953125
Best accuracy so far: 0.9704861111111112, step 397, accuracy 0.9565972222222222
Best accuracy so far: 0.9704861111111112, step 398, accuracy 0.9565972222222222
Best accuracy so far: 0.9704861111111112, step 399, accuracy 0.9583333333333334
Best accuracy so far: 0.9704861111111112, step 400, accuracy 0.9565972222222222
Best accuracy for each domain: [0.8402777777777778, 0.9739583333333334, 0.9704861111111112] Average: 0.9282407407407408
Number of conflicts: 0 Total steps: 400 Conflict rate: 0.0
Average cosine similarity between gradients: nan
Cosine similarity between gradients: []
