Generating pseudo labels for real_world data
pseudo label correct rate is 0.8257975671333486
Data statistic {'art': 2427, 'clipart': 4365, 'product': 4439}
=================================================================
Layer (type:depth-idx)                   Param #
=================================================================
PromptGenerator                          540,672
├─ParameterList: 1-1                     24,576
=================================================================
Total params: 565,248
Trainable params: 565,248
Non-trainable params: 0
=================================================================
PromptGenerator =================================================================
Layer (type:depth-idx)                   Param #
=================================================================
PromptGenerator                          540,672
├─ParameterList: 1-1                     24,576
=================================================================
Total params: 565,248
Trainable params: 565,248
Non-trainable params: 0
=================================================================
name: ctx_cls, shape torch.Size([65, 16, 512]), require grad: True
name: ctx_target, shape torch.Size([1, 16, 512]), require grad: True
name: ctx_source.0, shape torch.Size([1, 16, 512]), require grad: True
name: ctx_source.1, shape torch.Size([1, 16, 512]), require grad: True
name: ctx_source.2, shape torch.Size([1, 16, 512]), require grad: True
Best accuracy so far: 0.6123621323529411, step 1, accuracy 0.6123621323529411
Best accuracy so far: 0.6704963235294118, step 2, accuracy 0.6704963235294118
Best accuracy so far: 0.7681525735294118, step 3, accuracy 0.7681525735294118
Best accuracy so far: 0.7984834558823529, step 4, accuracy 0.7984834558823529
Best accuracy so far: 0.8180147058823529, step 5, accuracy 0.8180147058823529
Best accuracy so far: 0.8278952205882353, step 6, accuracy 0.8278952205882353
Best accuracy so far: 0.8327205882352942, step 7, accuracy 0.8327205882352942
Best accuracy so far: 0.8343290441176471, step 8, accuracy 0.8343290441176471
Best accuracy so far: 0.8377757352941176, step 9, accuracy 0.8377757352941176
Best accuracy so far: 0.8389246323529411, step 10, accuracy 0.8389246323529411
Best accuracy so far: 0.8407628676470589, step 11, accuracy 0.8407628676470589
Best accuracy so far: 0.8407628676470589, step 12, accuracy 0.8400735294117647
Best accuracy so far: 0.8407628676470589, step 13, accuracy 0.8400735294117647
Best accuracy so far: 0.8426011029411765, step 14, accuracy 0.8426011029411765
Best accuracy so far: 0.8444393382352942, step 15, accuracy 0.8444393382352942
Best accuracy so far: 0.8462775735294118, step 16, accuracy 0.8462775735294118
Best accuracy so far: 0.8508731617647058, step 17, accuracy 0.8508731617647058
Best accuracy so far: 0.8534007352941176, step 18, accuracy 0.8534007352941176
Best accuracy so far: 0.8534007352941176, step 19, accuracy 0.8534007352941176
Best accuracy so far: 0.8534007352941176, step 20, accuracy 0.8534007352941176
Best accuracy so far: 0.8534007352941176, step 21, accuracy 0.8515625
Best accuracy so far: 0.8536305147058824, step 22, accuracy 0.8536305147058824
Best accuracy so far: 0.8559283088235294, step 23, accuracy 0.8559283088235294
Best accuracy so far: 0.8570772058823529, step 24, accuracy 0.8570772058823529
Best accuracy so far: 0.8577665441176471, step 25, accuracy 0.8577665441176471
Best accuracy so far: 0.8579963235294118, step 26, accuracy 0.8579963235294118
Best accuracy so far: 0.8589154411764706, step 27, accuracy 0.8589154411764706
Best accuracy so far: 0.8609834558823529, step 28, accuracy 0.8609834558823529
Best accuracy so far: 0.8619025735294118, step 29, accuracy 0.8619025735294118
Best accuracy so far: 0.8619025735294118, step 30, accuracy 0.8619025735294118
Best accuracy so far: 0.8639705882352942, step 31, accuracy 0.8639705882352942
Best accuracy so far: 0.8639705882352942, step 32, accuracy 0.8628216911764706
Best accuracy so far: 0.8639705882352942, step 33, accuracy 0.8619025735294118
Best accuracy so far: 0.8639705882352942, step 34, accuracy 0.86328125
Best accuracy so far: 0.8671875, step 35, accuracy 0.8671875
Best accuracy so far: 0.8674172794117647, step 36, accuracy 0.8674172794117647
Best accuracy so far: 0.8678768382352942, step 37, accuracy 0.8678768382352942
Best accuracy so far: 0.8713235294117647, step 38, accuracy 0.8713235294117647
Best accuracy so far: 0.8713235294117647, step 39, accuracy 0.8692555147058824
Best accuracy so far: 0.8729319852941176, step 40, accuracy 0.8729319852941176
Best accuracy so far: 0.8736213235294118, step 41, accuracy 0.8736213235294118
Best accuracy so far: 0.8736213235294118, step 42, accuracy 0.8729319852941176
Best accuracy so far: 0.8736213235294118, step 43, accuracy 0.8715533088235294
Best accuracy so far: 0.8736213235294118, step 44, accuracy 0.8671875
Best accuracy so far: 0.8736213235294118, step 45, accuracy 0.8651194852941176
Best accuracy so far: 0.8736213235294118, step 46, accuracy 0.8678768382352942
Best accuracy so far: 0.8736213235294118, step 47, accuracy 0.8646599264705882
Best accuracy so far: 0.8736213235294118, step 48, accuracy 0.8635110294117647
Best accuracy so far: 0.8736213235294118, step 49, accuracy 0.8605238970588235
Best accuracy so far: 0.8736213235294118, step 50, accuracy 0.8598345588235294
Best accuracy so far: 0.8736213235294118, step 51, accuracy 0.8598345588235294
Best accuracy so far: 0.8736213235294118, step 52, accuracy 0.8589154411764706
Best accuracy so far: 0.8736213235294118, step 53, accuracy 0.8598345588235294
Best accuracy so far: 0.8736213235294118, step 54, accuracy 0.8589154411764706
Best accuracy so far: 0.8736213235294118, step 55, accuracy 0.8582261029411765
Best accuracy so far: 0.8736213235294118, step 56, accuracy 0.8573069852941176
Best accuracy so far: 0.8736213235294118, step 57, accuracy 0.8566176470588235
Best accuracy so far: 0.8736213235294118, step 58, accuracy 0.8596047794117647
Best accuracy so far: 0.8736213235294118, step 59, accuracy 0.8607536764705882
Best accuracy so far: 0.8736213235294118, step 60, accuracy 0.8621323529411765
Best accuracy so far: 0.8736213235294118, step 61, accuracy 0.8607536764705882
Best accuracy so far: 0.8736213235294118, step 62, accuracy 0.8623621323529411
Best accuracy so far: 0.8736213235294118, step 63, accuracy 0.8646599264705882
Best accuracy so far: 0.8736213235294118, step 64, accuracy 0.8612132352941176
Best accuracy so far: 0.8736213235294118, step 65, accuracy 0.8612132352941176
Best accuracy so far: 0.8736213235294118, step 66, accuracy 0.8607536764705882
Best accuracy so far: 0.8736213235294118, step 67, accuracy 0.8609834558823529
Best accuracy so far: 0.8736213235294118, step 68, accuracy 0.8621323529411765
Best accuracy so far: 0.8736213235294118, step 69, accuracy 0.8623621323529411
Best accuracy so far: 0.8736213235294118, step 70, accuracy 0.8616727941176471
Best accuracy so far: 0.8736213235294118, step 71, accuracy 0.8628216911764706
Best accuracy so far: 0.8736213235294118, step 72, accuracy 0.8639705882352942
Best accuracy so far: 0.8736213235294118, step 73, accuracy 0.8646599264705882
Best accuracy so far: 0.8736213235294118, step 74, accuracy 0.8655790441176471
Best accuracy so far: 0.8736213235294118, step 75, accuracy 0.8660386029411765
Best accuracy so far: 0.8736213235294118, step 76, accuracy 0.8644301470588235
Best accuracy so far: 0.8736213235294118, step 77, accuracy 0.8630514705882353
Best accuracy so far: 0.8736213235294118, step 78, accuracy 0.8628216911764706
Best accuracy so far: 0.8736213235294118, step 79, accuracy 0.8625919117647058
Best accuracy so far: 0.8736213235294118, step 80, accuracy 0.8621323529411765
Best accuracy so far: 0.8736213235294118, step 81, accuracy 0.8616727941176471
Best accuracy so far: 0.8736213235294118, step 82, accuracy 0.8628216911764706
Best accuracy so far: 0.8736213235294118, step 83, accuracy 0.8614430147058824
Best accuracy so far: 0.8736213235294118, step 84, accuracy 0.8628216911764706
Best accuracy so far: 0.8736213235294118, step 85, accuracy 0.8648897058823529
Best accuracy so far: 0.8736213235294118, step 86, accuracy 0.8642003676470589
Best accuracy so far: 0.8736213235294118, step 87, accuracy 0.8648897058823529
Best accuracy so far: 0.8736213235294118, step 88, accuracy 0.8635110294117647
Best accuracy so far: 0.8736213235294118, step 89, accuracy 0.8635110294117647
Best accuracy so far: 0.8736213235294118, step 90, accuracy 0.8628216911764706
Best accuracy so far: 0.8736213235294118, step 91, accuracy 0.8600643382352942
Best accuracy so far: 0.8736213235294118, step 92, accuracy 0.859375
Best accuracy so far: 0.8736213235294118, step 93, accuracy 0.8589154411764706
Best accuracy so far: 0.8736213235294118, step 94, accuracy 0.859375
Best accuracy so far: 0.8736213235294118, step 95, accuracy 0.8568474264705882
Best accuracy so far: 0.8736213235294118, step 96, accuracy 0.8584558823529411
Best accuracy so far: 0.8736213235294118, step 97, accuracy 0.8547794117647058
Best accuracy so far: 0.8736213235294118, step 98, accuracy 0.8573069852941176
Best accuracy so far: 0.8736213235294118, step 99, accuracy 0.85546875
Best accuracy so far: 0.8736213235294118, step 100, accuracy 0.8536305147058824
Best accuracy so far: 0.8736213235294118, step 101, accuracy 0.85546875
Best accuracy so far: 0.8736213235294118, step 102, accuracy 0.8540900735294118
Best accuracy so far: 0.8736213235294118, step 103, accuracy 0.85546875
Best accuracy so far: 0.8736213235294118, step 104, accuracy 0.8563878676470589
Best accuracy so far: 0.8736213235294118, step 105, accuracy 0.8573069852941176
Best accuracy so far: 0.8736213235294118, step 106, accuracy 0.8552389705882353
Best accuracy so far: 0.8736213235294118, step 107, accuracy 0.8563878676470589
Best accuracy so far: 0.8736213235294118, step 108, accuracy 0.8559283088235294
Best accuracy so far: 0.8736213235294118, step 109, accuracy 0.8559283088235294
Best accuracy so far: 0.8736213235294118, step 110, accuracy 0.8582261029411765
Best accuracy so far: 0.8736213235294118, step 111, accuracy 0.8579963235294118
Best accuracy so far: 0.8736213235294118, step 112, accuracy 0.8579963235294118
Best accuracy so far: 0.8736213235294118, step 113, accuracy 0.8589154411764706
Best accuracy so far: 0.8736213235294118, step 114, accuracy 0.8582261029411765
Best accuracy so far: 0.8736213235294118, step 115, accuracy 0.8566176470588235
Best accuracy so far: 0.8736213235294118, step 116, accuracy 0.8556985294117647
Best accuracy so far: 0.8736213235294118, step 117, accuracy 0.8566176470588235
Best accuracy so far: 0.8736213235294118, step 118, accuracy 0.8534007352941176
Best accuracy so far: 0.8736213235294118, step 119, accuracy 0.8511029411764706
Best accuracy so far: 0.8736213235294118, step 120, accuracy 0.8494944852941176
Best accuracy so far: 0.8736213235294118, step 121, accuracy 0.8511029411764706
Best accuracy so far: 0.8736213235294118, step 122, accuracy 0.8513327205882353
Best accuracy so far: 0.8736213235294118, step 123, accuracy 0.8517922794117647
Best accuracy so far: 0.8736213235294118, step 124, accuracy 0.8536305147058824
Best accuracy so far: 0.8736213235294118, step 125, accuracy 0.8545496323529411
Best accuracy so far: 0.8736213235294118, step 126, accuracy 0.8552389705882353
Best accuracy so far: 0.8736213235294118, step 127, accuracy 0.8499540441176471
Best accuracy so far: 0.8736213235294118, step 128, accuracy 0.8469669117647058
Best accuracy so far: 0.8736213235294118, step 129, accuracy 0.8522518382352942
Best accuracy so far: 0.8736213235294118, step 130, accuracy 0.8575367647058824
Best accuracy so far: 0.8736213235294118, step 131, accuracy 0.85546875
Best accuracy so far: 0.8736213235294118, step 132, accuracy 0.8552389705882353
Best accuracy so far: 0.8736213235294118, step 133, accuracy 0.8547794117647058
Best accuracy so far: 0.8736213235294118, step 134, accuracy 0.8568474264705882
Best accuracy so far: 0.8736213235294118, step 135, accuracy 0.8550091911764706
Best accuracy so far: 0.8736213235294118, step 136, accuracy 0.8570772058823529
Best accuracy so far: 0.8736213235294118, step 137, accuracy 0.8561580882352942
Best accuracy so far: 0.8736213235294118, step 138, accuracy 0.8556985294117647
Best accuracy so far: 0.8736213235294118, step 139, accuracy 0.8566176470588235
Best accuracy so far: 0.8736213235294118, step 140, accuracy 0.8563878676470589
Best accuracy so far: 0.8736213235294118, step 141, accuracy 0.8573069852941176
Best accuracy so far: 0.8736213235294118, step 142, accuracy 0.8563878676470589
Best accuracy so far: 0.8736213235294118, step 143, accuracy 0.8579963235294118
Best accuracy so far: 0.8736213235294118, step 144, accuracy 0.8570772058823529
Best accuracy so far: 0.8736213235294118, step 145, accuracy 0.8563878676470589
Best accuracy so far: 0.8736213235294118, step 146, accuracy 0.8579963235294118
Best accuracy so far: 0.8736213235294118, step 147, accuracy 0.8598345588235294
Best accuracy so far: 0.8736213235294118, step 148, accuracy 0.8605238970588235
Best accuracy so far: 0.8736213235294118, step 149, accuracy 0.8614430147058824
Best accuracy so far: 0.8736213235294118, step 150, accuracy 0.8630514705882353
Best accuracy so far: 0.8736213235294118, step 151, accuracy 0.8607536764705882
Best accuracy so far: 0.8736213235294118, step 152, accuracy 0.8614430147058824
Best accuracy so far: 0.8736213235294118, step 153, accuracy 0.8623621323529411
Best accuracy so far: 0.8736213235294118, step 154, accuracy 0.8619025735294118
Best accuracy so far: 0.8736213235294118, step 155, accuracy 0.8612132352941176
Best accuracy so far: 0.8736213235294118, step 156, accuracy 0.8616727941176471
Best accuracy so far: 0.8736213235294118, step 157, accuracy 0.8600643382352942
Best accuracy so far: 0.8736213235294118, step 158, accuracy 0.8596047794117647
Best accuracy so far: 0.8736213235294118, step 159, accuracy 0.8614430147058824
Best accuracy so far: 0.8736213235294118, step 160, accuracy 0.8607536764705882
Best accuracy so far: 0.8736213235294118, step 161, accuracy 0.8623621323529411
Best accuracy so far: 0.8736213235294118, step 162, accuracy 0.8630514705882353
Best accuracy so far: 0.8736213235294118, step 163, accuracy 0.8628216911764706
Best accuracy so far: 0.8736213235294118, step 164, accuracy 0.8639705882352942
Best accuracy so far: 0.8736213235294118, step 165, accuracy 0.8623621323529411
Best accuracy so far: 0.8736213235294118, step 166, accuracy 0.8646599264705882
Best accuracy so far: 0.8736213235294118, step 167, accuracy 0.8660386029411765
Best accuracy so far: 0.8736213235294118, step 168, accuracy 0.8662683823529411
Best accuracy so far: 0.8736213235294118, step 169, accuracy 0.8655790441176471
Best accuracy so far: 0.8736213235294118, step 170, accuracy 0.8662683823529411
Best accuracy so far: 0.8736213235294118, step 171, accuracy 0.8639705882352942
Best accuracy so far: 0.8736213235294118, step 172, accuracy 0.8658088235294118
Best accuracy so far: 0.8736213235294118, step 173, accuracy 0.8646599264705882
Best accuracy so far: 0.8736213235294118, step 174, accuracy 0.8646599264705882
Best accuracy so far: 0.8736213235294118, step 175, accuracy 0.86328125
Best accuracy so far: 0.8736213235294118, step 176, accuracy 0.8642003676470589
Best accuracy so far: 0.8736213235294118, step 177, accuracy 0.86328125
Best accuracy so far: 0.8736213235294118, step 178, accuracy 0.8639705882352942
Best accuracy so far: 0.8736213235294118, step 179, accuracy 0.8623621323529411
Best accuracy so far: 0.8736213235294118, step 180, accuracy 0.8628216911764706
Best accuracy so far: 0.8736213235294118, step 181, accuracy 0.8623621323529411
Best accuracy so far: 0.8736213235294118, step 182, accuracy 0.8637408088235294
Best accuracy so far: 0.8736213235294118, step 183, accuracy 0.8644301470588235
Best accuracy so far: 0.8736213235294118, step 184, accuracy 0.8639705882352942
Best accuracy so far: 0.8736213235294118, step 185, accuracy 0.8639705882352942
Best accuracy so far: 0.8736213235294118, step 186, accuracy 0.8637408088235294
Best accuracy so far: 0.8736213235294118, step 187, accuracy 0.8621323529411765
Best accuracy so far: 0.8736213235294118, step 188, accuracy 0.8648897058823529
Best accuracy so far: 0.8736213235294118, step 189, accuracy 0.8628216911764706
Best accuracy so far: 0.8736213235294118, step 190, accuracy 0.86328125
Best accuracy so far: 0.8736213235294118, step 191, accuracy 0.86328125
Best accuracy so far: 0.8736213235294118, step 192, accuracy 0.8637408088235294
Best accuracy so far: 0.8736213235294118, step 193, accuracy 0.8630514705882353
Best accuracy so far: 0.8736213235294118, step 194, accuracy 0.8614430147058824
Best accuracy so far: 0.8736213235294118, step 195, accuracy 0.8612132352941176
Best accuracy so far: 0.8736213235294118, step 196, accuracy 0.8605238970588235
Best accuracy so far: 0.8736213235294118, step 197, accuracy 0.8605238970588235
Best accuracy so far: 0.8736213235294118, step 198, accuracy 0.8598345588235294
Best accuracy so far: 0.8736213235294118, step 199, accuracy 0.8586856617647058
Best accuracy so far: 0.8736213235294118, step 200, accuracy 0.859375
Best accuracy so far: 0.8736213235294118, step 201, accuracy 0.8589154411764706
Best accuracy so far: 0.8736213235294118, step 202, accuracy 0.8614430147058824
Best accuracy so far: 0.8736213235294118, step 203, accuracy 0.8607536764705882
Best accuracy so far: 0.8736213235294118, step 204, accuracy 0.8607536764705882
Best accuracy so far: 0.8736213235294118, step 205, accuracy 0.8625919117647058
Best accuracy so far: 0.8736213235294118, step 206, accuracy 0.8598345588235294
Best accuracy so far: 0.8736213235294118, step 207, accuracy 0.8625919117647058
Best accuracy so far: 0.8736213235294118, step 208, accuracy 0.8621323529411765
Best accuracy so far: 0.8736213235294118, step 209, accuracy 0.8625919117647058
Best accuracy so far: 0.8736213235294118, step 210, accuracy 0.8607536764705882
Best accuracy so far: 0.8736213235294118, step 211, accuracy 0.8616727941176471
Best accuracy so far: 0.8736213235294118, step 212, accuracy 0.8600643382352942
Best accuracy so far: 0.8736213235294118, step 213, accuracy 0.8621323529411765
Best accuracy so far: 0.8736213235294118, step 214, accuracy 0.8577665441176471
Best accuracy so far: 0.8736213235294118, step 215, accuracy 0.8584558823529411
Best accuracy so far: 0.8736213235294118, step 216, accuracy 0.8596047794117647
Best accuracy so far: 0.8736213235294118, step 217, accuracy 0.8584558823529411
Best accuracy so far: 0.8736213235294118, step 218, accuracy 0.8591452205882353
Best accuracy so far: 0.8736213235294118, step 219, accuracy 0.8568474264705882
Best accuracy so far: 0.8736213235294118, step 220, accuracy 0.8584558823529411
Best accuracy so far: 0.8736213235294118, step 221, accuracy 0.8582261029411765
Best accuracy so far: 0.8736213235294118, step 222, accuracy 0.8586856617647058
Best accuracy so far: 0.8736213235294118, step 223, accuracy 0.8598345588235294
Best accuracy so far: 0.8736213235294118, step 224, accuracy 0.8605238970588235
Best accuracy so far: 0.8736213235294118, step 225, accuracy 0.8602941176470589
Best accuracy so far: 0.8736213235294118, step 226, accuracy 0.8609834558823529
Best accuracy so far: 0.8736213235294118, step 227, accuracy 0.8614430147058824
Best accuracy so far: 0.8736213235294118, step 228, accuracy 0.8612132352941176
Best accuracy so far: 0.8736213235294118, step 229, accuracy 0.8635110294117647
Best accuracy so far: 0.8736213235294118, step 230, accuracy 0.8623621323529411
Best accuracy so far: 0.8736213235294118, step 231, accuracy 0.8630514705882353
Best accuracy so far: 0.8736213235294118, step 232, accuracy 0.8621323529411765
Best accuracy so far: 0.8736213235294118, step 233, accuracy 0.8623621323529411
Best accuracy so far: 0.8736213235294118, step 234, accuracy 0.8619025735294118
Best accuracy so far: 0.8736213235294118, step 235, accuracy 0.8625919117647058
Best accuracy so far: 0.8736213235294118, step 236, accuracy 0.8628216911764706
Best accuracy so far: 0.8736213235294118, step 237, accuracy 0.86328125
Best accuracy so far: 0.8736213235294118, step 238, accuracy 0.8619025735294118
Best accuracy so far: 0.8736213235294118, step 239, accuracy 0.8623621323529411
Best accuracy so far: 0.8736213235294118, step 240, accuracy 0.8591452205882353
Best accuracy so far: 0.8736213235294118, step 241, accuracy 0.8602941176470589
Best accuracy so far: 0.8736213235294118, step 242, accuracy 0.8612132352941176
Best accuracy so far: 0.8736213235294118, step 243, accuracy 0.8602941176470589
Best accuracy so far: 0.8736213235294118, step 244, accuracy 0.8616727941176471
Best accuracy so far: 0.8736213235294118, step 245, accuracy 0.8628216911764706
Best accuracy so far: 0.8736213235294118, step 246, accuracy 0.8602941176470589
Best accuracy so far: 0.8736213235294118, step 247, accuracy 0.8609834558823529
Best accuracy so far: 0.8736213235294118, step 248, accuracy 0.8612132352941176
Best accuracy so far: 0.8736213235294118, step 249, accuracy 0.8609834558823529
Best accuracy so far: 0.8736213235294118, step 250, accuracy 0.8609834558823529
Best accuracy so far: 0.8736213235294118, step 251, accuracy 0.8623621323529411
Best accuracy so far: 0.8736213235294118, step 252, accuracy 0.8616727941176471
Best accuracy so far: 0.8736213235294118, step 253, accuracy 0.8602941176470589
Best accuracy so far: 0.8736213235294118, step 254, accuracy 0.8591452205882353
Best accuracy so far: 0.8736213235294118, step 255, accuracy 0.8628216911764706
Best accuracy so far: 0.8736213235294118, step 256, accuracy 0.8623621323529411
Best accuracy so far: 0.8736213235294118, step 257, accuracy 0.8612132352941176
Best accuracy so far: 0.8736213235294118, step 258, accuracy 0.859375
Best accuracy so far: 0.8736213235294118, step 259, accuracy 0.8591452205882353
Best accuracy so far: 0.8736213235294118, step 260, accuracy 0.8598345588235294
Best accuracy so far: 0.8736213235294118, step 261, accuracy 0.8600643382352942
Best accuracy so far: 0.8736213235294118, step 262, accuracy 0.8614430147058824
Best accuracy so far: 0.8736213235294118, step 263, accuracy 0.8639705882352942
Best accuracy so far: 0.8736213235294118, step 264, accuracy 0.8637408088235294
Best accuracy so far: 0.8736213235294118, step 265, accuracy 0.8646599264705882
Best accuracy so far: 0.8736213235294118, step 266, accuracy 0.8642003676470589
Best accuracy so far: 0.8736213235294118, step 267, accuracy 0.8635110294117647
Best accuracy so far: 0.8736213235294118, step 268, accuracy 0.8614430147058824
Best accuracy so far: 0.8736213235294118, step 269, accuracy 0.8630514705882353
Best accuracy so far: 0.8736213235294118, step 270, accuracy 0.8642003676470589
Best accuracy so far: 0.8736213235294118, step 271, accuracy 0.8646599264705882
Best accuracy so far: 0.8736213235294118, step 272, accuracy 0.8623621323529411
Best accuracy so far: 0.8736213235294118, step 273, accuracy 0.8619025735294118
Best accuracy so far: 0.8736213235294118, step 274, accuracy 0.8619025735294118
Best accuracy so far: 0.8736213235294118, step 275, accuracy 0.8625919117647058
Best accuracy so far: 0.8736213235294118, step 276, accuracy 0.8619025735294118
Best accuracy so far: 0.8736213235294118, step 277, accuracy 0.8621323529411765
Best accuracy so far: 0.8736213235294118, step 278, accuracy 0.8621323529411765
Best accuracy so far: 0.8736213235294118, step 279, accuracy 0.8602941176470589
Best accuracy so far: 0.8736213235294118, step 280, accuracy 0.8612132352941176
Best accuracy so far: 0.8736213235294118, step 281, accuracy 0.8612132352941176
Best accuracy so far: 0.8736213235294118, step 282, accuracy 0.8623621323529411
Best accuracy so far: 0.8736213235294118, step 283, accuracy 0.8619025735294118
Best accuracy so far: 0.8736213235294118, step 284, accuracy 0.8609834558823529
Best accuracy so far: 0.8736213235294118, step 285, accuracy 0.8602941176470589
Best accuracy so far: 0.8736213235294118, step 286, accuracy 0.8605238970588235
Best accuracy so far: 0.8736213235294118, step 287, accuracy 0.8582261029411765
Best accuracy so far: 0.8736213235294118, step 288, accuracy 0.8589154411764706
Best accuracy so far: 0.8736213235294118, step 289, accuracy 0.8579963235294118
Best accuracy so far: 0.8736213235294118, step 290, accuracy 0.8579963235294118
Best accuracy so far: 0.8736213235294118, step 291, accuracy 0.859375
Best accuracy so far: 0.8736213235294118, step 292, accuracy 0.8598345588235294
Best accuracy so far: 0.8736213235294118, step 293, accuracy 0.8591452205882353
Best accuracy so far: 0.8736213235294118, step 294, accuracy 0.8612132352941176
Best accuracy so far: 0.8736213235294118, step 295, accuracy 0.8625919117647058
Best accuracy so far: 0.8736213235294118, step 296, accuracy 0.8619025735294118
Best accuracy so far: 0.8736213235294118, step 297, accuracy 0.8612132352941176
Best accuracy so far: 0.8736213235294118, step 298, accuracy 0.8614430147058824
Best accuracy so far: 0.8736213235294118, step 299, accuracy 0.8616727941176471
Best accuracy so far: 0.8736213235294118, step 300, accuracy 0.8628216911764706
Best accuracy so far: 0.8736213235294118, step 301, accuracy 0.8596047794117647
Best accuracy so far: 0.8736213235294118, step 302, accuracy 0.8614430147058824
Best accuracy so far: 0.8736213235294118, step 303, accuracy 0.8639705882352942
Best accuracy so far: 0.8736213235294118, step 304, accuracy 0.8625919117647058
Best accuracy so far: 0.8736213235294118, step 305, accuracy 0.8623621323529411
Best accuracy so far: 0.8736213235294118, step 306, accuracy 0.8637408088235294
Best accuracy so far: 0.8736213235294118, step 307, accuracy 0.8651194852941176
Best accuracy so far: 0.8736213235294118, step 308, accuracy 0.86328125
Best accuracy so far: 0.8736213235294118, step 309, accuracy 0.8621323529411765
Best accuracy so far: 0.8736213235294118, step 310, accuracy 0.8602941176470589
Best accuracy so far: 0.8736213235294118, step 311, accuracy 0.8598345588235294
Best accuracy so far: 0.8736213235294118, step 312, accuracy 0.8625919117647058
Best accuracy so far: 0.8736213235294118, step 313, accuracy 0.8612132352941176
Best accuracy so far: 0.8736213235294118, step 314, accuracy 0.8616727941176471
Best accuracy so far: 0.8736213235294118, step 315, accuracy 0.8619025735294118
Best accuracy so far: 0.8736213235294118, step 316, accuracy 0.8623621323529411
Best accuracy so far: 0.8736213235294118, step 317, accuracy 0.8651194852941176
Best accuracy so far: 0.8736213235294118, step 318, accuracy 0.8642003676470589
Best accuracy so far: 0.8736213235294118, step 319, accuracy 0.8655790441176471
Best accuracy so far: 0.8736213235294118, step 320, accuracy 0.8648897058823529
Best accuracy so far: 0.8736213235294118, step 321, accuracy 0.8635110294117647
Best accuracy so far: 0.8736213235294118, step 322, accuracy 0.8639705882352942
Best accuracy so far: 0.8736213235294118, step 323, accuracy 0.8628216911764706
Best accuracy so far: 0.8736213235294118, step 324, accuracy 0.8628216911764706
Best accuracy so far: 0.8736213235294118, step 325, accuracy 0.8612132352941176
Best accuracy so far: 0.8736213235294118, step 326, accuracy 0.86328125
Best accuracy so far: 0.8736213235294118, step 327, accuracy 0.8616727941176471
Best accuracy so far: 0.8736213235294118, step 328, accuracy 0.86328125
Best accuracy so far: 0.8736213235294118, step 329, accuracy 0.8621323529411765
Best accuracy so far: 0.8736213235294118, step 330, accuracy 0.8619025735294118
Best accuracy so far: 0.8736213235294118, step 331, accuracy 0.8612132352941176
Best accuracy so far: 0.8736213235294118, step 332, accuracy 0.86328125
Best accuracy so far: 0.8736213235294118, step 333, accuracy 0.8614430147058824
Best accuracy so far: 0.8736213235294118, step 334, accuracy 0.8625919117647058
Best accuracy so far: 0.8736213235294118, step 335, accuracy 0.8628216911764706
Best accuracy so far: 0.8736213235294118, step 336, accuracy 0.8642003676470589
Best accuracy so far: 0.8736213235294118, step 337, accuracy 0.8623621323529411
Best accuracy so far: 0.8736213235294118, step 338, accuracy 0.8637408088235294
Best accuracy so far: 0.8736213235294118, step 339, accuracy 0.8625919117647058
Best accuracy so far: 0.8736213235294118, step 340, accuracy 0.8628216911764706
Best accuracy so far: 0.8736213235294118, step 341, accuracy 0.8642003676470589
Best accuracy so far: 0.8736213235294118, step 342, accuracy 0.86328125
Best accuracy so far: 0.8736213235294118, step 343, accuracy 0.8653492647058824
Best accuracy so far: 0.8736213235294118, step 344, accuracy 0.8619025735294118
Best accuracy so far: 0.8736213235294118, step 345, accuracy 0.8609834558823529
Best accuracy so far: 0.8736213235294118, step 346, accuracy 0.8625919117647058
Best accuracy so far: 0.8736213235294118, step 347, accuracy 0.8609834558823529
Best accuracy so far: 0.8736213235294118, step 348, accuracy 0.8612132352941176
Best accuracy so far: 0.8736213235294118, step 349, accuracy 0.8623621323529411
Best accuracy so far: 0.8736213235294118, step 350, accuracy 0.8621323529411765
Best accuracy so far: 0.8736213235294118, step 351, accuracy 0.8619025735294118
Best accuracy so far: 0.8736213235294118, step 352, accuracy 0.8612132352941176
Best accuracy so far: 0.8736213235294118, step 353, accuracy 0.8612132352941176
Best accuracy so far: 0.8736213235294118, step 354, accuracy 0.8628216911764706
Best accuracy so far: 0.8736213235294118, step 355, accuracy 0.8623621323529411
Best accuracy so far: 0.8736213235294118, step 356, accuracy 0.8630514705882353
Best accuracy so far: 0.8736213235294118, step 357, accuracy 0.8625919117647058
Best accuracy so far: 0.8736213235294118, step 358, accuracy 0.8625919117647058
Best accuracy so far: 0.8736213235294118, step 359, accuracy 0.8607536764705882
Best accuracy so far: 0.8736213235294118, step 360, accuracy 0.8614430147058824
Best accuracy so far: 0.8736213235294118, step 361, accuracy 0.8621323529411765
Best accuracy so far: 0.8736213235294118, step 362, accuracy 0.8607536764705882
Best accuracy so far: 0.8736213235294118, step 363, accuracy 0.8605238970588235
Best accuracy so far: 0.8736213235294118, step 364, accuracy 0.8596047794117647
Best accuracy so far: 0.8736213235294118, step 365, accuracy 0.8609834558823529
Best accuracy so far: 0.8736213235294118, step 366, accuracy 0.8591452205882353
Best accuracy so far: 0.8736213235294118, step 367, accuracy 0.8582261029411765
Best accuracy so far: 0.8736213235294118, step 368, accuracy 0.8598345588235294
Best accuracy so far: 0.8736213235294118, step 369, accuracy 0.8575367647058824
Best accuracy so far: 0.8736213235294118, step 370, accuracy 0.8577665441176471
Best accuracy so far: 0.8736213235294118, step 371, accuracy 0.8589154411764706
Best accuracy so far: 0.8736213235294118, step 372, accuracy 0.8582261029411765
Best accuracy so far: 0.8736213235294118, step 373, accuracy 0.8586856617647058
Best accuracy so far: 0.8736213235294118, step 374, accuracy 0.8582261029411765
Best accuracy so far: 0.8736213235294118, step 375, accuracy 0.8568474264705882
Best accuracy so far: 0.8736213235294118, step 376, accuracy 0.8582261029411765
Best accuracy so far: 0.8736213235294118, step 377, accuracy 0.8566176470588235
Best accuracy so far: 0.8736213235294118, step 378, accuracy 0.8582261029411765
Best accuracy so far: 0.8736213235294118, step 379, accuracy 0.8577665441176471
Best accuracy so far: 0.8736213235294118, step 380, accuracy 0.8579963235294118
Best accuracy so far: 0.8736213235294118, step 381, accuracy 0.8573069852941176
Best accuracy so far: 0.8736213235294118, step 382, accuracy 0.8559283088235294
Best accuracy so far: 0.8736213235294118, step 383, accuracy 0.8570772058823529
Best accuracy so far: 0.8736213235294118, step 384, accuracy 0.8582261029411765
Best accuracy so far: 0.8736213235294118, step 385, accuracy 0.8575367647058824
Best accuracy so far: 0.8736213235294118, step 386, accuracy 0.8577665441176471
Best accuracy so far: 0.8736213235294118, step 387, accuracy 0.8607536764705882
Best accuracy so far: 0.8736213235294118, step 388, accuracy 0.8586856617647058
Best accuracy so far: 0.8736213235294118, step 389, accuracy 0.8596047794117647
Best accuracy so far: 0.8736213235294118, step 390, accuracy 0.8612132352941176
Best accuracy so far: 0.8736213235294118, step 391, accuracy 0.8612132352941176
Best accuracy so far: 0.8736213235294118, step 392, accuracy 0.8635110294117647
Best accuracy so far: 0.8736213235294118, step 393, accuracy 0.86328125
Best accuracy so far: 0.8736213235294118, step 394, accuracy 0.8639705882352942
Best accuracy so far: 0.8736213235294118, step 395, accuracy 0.8616727941176471
Best accuracy so far: 0.8736213235294118, step 396, accuracy 0.8600643382352942
Best accuracy so far: 0.8736213235294118, step 397, accuracy 0.8619025735294118
Best accuracy so far: 0.8736213235294118, step 398, accuracy 0.8609834558823529
Best accuracy so far: 0.8736213235294118, step 399, accuracy 0.8612132352941176
Best accuracy so far: 0.8736213235294118, step 400, accuracy 0.8607536764705882
Best accuracy so far: 0.8736213235294118, step 401, accuracy 0.8598345588235294
Best accuracy so far: 0.8736213235294118, step 402, accuracy 0.8605238970588235
Best accuracy so far: 0.8736213235294118, step 403, accuracy 0.8612132352941176
Best accuracy so far: 0.8736213235294118, step 404, accuracy 0.8621323529411765
Best accuracy so far: 0.8736213235294118, step 405, accuracy 0.8625919117647058
Best accuracy so far: 0.8736213235294118, step 406, accuracy 0.8612132352941176
Best accuracy so far: 0.8736213235294118, step 407, accuracy 0.8623621323529411
Best accuracy so far: 0.8736213235294118, step 408, accuracy 0.8619025735294118
Best accuracy so far: 0.8736213235294118, step 409, accuracy 0.8621323529411765
Best accuracy so far: 0.8736213235294118, step 410, accuracy 0.8623621323529411
Best accuracy so far: 0.8736213235294118, step 411, accuracy 0.8637408088235294
Best accuracy so far: 0.8736213235294118, step 412, accuracy 0.8664981617647058
Best accuracy so far: 0.8736213235294118, step 413, accuracy 0.8646599264705882
Best accuracy so far: 0.8736213235294118, step 414, accuracy 0.86328125
Best accuracy so far: 0.8736213235294118, step 415, accuracy 0.8651194852941176
Best accuracy so far: 0.8736213235294118, step 416, accuracy 0.8623621323529411
Best accuracy so far: 0.8736213235294118, step 417, accuracy 0.8637408088235294
Best accuracy so far: 0.8736213235294118, step 418, accuracy 0.8639705882352942
Best accuracy so far: 0.8736213235294118, step 419, accuracy 0.8639705882352942
Best accuracy so far: 0.8736213235294118, step 420, accuracy 0.8630514705882353
Best accuracy so far: 0.8736213235294118, step 421, accuracy 0.8619025735294118
Best accuracy so far: 0.8736213235294118, step 422, accuracy 0.8591452205882353
Best accuracy so far: 0.8736213235294118, step 423, accuracy 0.8602941176470589
Best accuracy so far: 0.8736213235294118, step 424, accuracy 0.8596047794117647
Best accuracy so far: 0.8736213235294118, step 425, accuracy 0.8602941176470589
Best accuracy so far: 0.8736213235294118, step 426, accuracy 0.8598345588235294
Best accuracy so far: 0.8736213235294118, step 427, accuracy 0.8602941176470589
Best accuracy so far: 0.8736213235294118, step 428, accuracy 0.8600643382352942
Best accuracy so far: 0.8736213235294118, step 429, accuracy 0.8577665441176471
Best accuracy so far: 0.8736213235294118, step 430, accuracy 0.8609834558823529
Best accuracy so far: 0.8736213235294118, step 431, accuracy 0.8602941176470589
Best accuracy so far: 0.8736213235294118, step 432, accuracy 0.8602941176470589
Best accuracy so far: 0.8736213235294118, step 433, accuracy 0.8586856617647058
Best accuracy so far: 0.8736213235294118, step 434, accuracy 0.8577665441176471
Best accuracy so far: 0.8736213235294118, step 435, accuracy 0.8577665441176471
Best accuracy so far: 0.8736213235294118, step 436, accuracy 0.8591452205882353
Best accuracy so far: 0.8736213235294118, step 437, accuracy 0.8591452205882353
Best accuracy so far: 0.8736213235294118, step 438, accuracy 0.8579963235294118
Best accuracy so far: 0.8736213235294118, step 439, accuracy 0.8582261029411765
Best accuracy so far: 0.8736213235294118, step 440, accuracy 0.8579963235294118
Best accuracy so far: 0.8736213235294118, step 441, accuracy 0.8589154411764706
Best accuracy so far: 0.8736213235294118, step 442, accuracy 0.8591452205882353
Best accuracy so far: 0.8736213235294118, step 443, accuracy 0.859375
Best accuracy so far: 0.8736213235294118, step 444, accuracy 0.8600643382352942
Best accuracy so far: 0.8736213235294118, step 445, accuracy 0.8605238970588235
Best accuracy so far: 0.8736213235294118, step 446, accuracy 0.8609834558823529
Best accuracy so far: 0.8736213235294118, step 447, accuracy 0.8605238970588235
Best accuracy so far: 0.8736213235294118, step 448, accuracy 0.8616727941176471
Best accuracy so far: 0.8736213235294118, step 449, accuracy 0.8621323529411765
Best accuracy so far: 0.8736213235294118, step 450, accuracy 0.8619025735294118
Best accuracy so far: 0.8736213235294118, step 451, accuracy 0.8630514705882353
Best accuracy so far: 0.8736213235294118, step 452, accuracy 0.8612132352941176
Best accuracy so far: 0.8736213235294118, step 453, accuracy 0.8600643382352942
Best accuracy so far: 0.8736213235294118, step 454, accuracy 0.8616727941176471
Best accuracy so far: 0.8736213235294118, step 455, accuracy 0.8616727941176471
Best accuracy so far: 0.8736213235294118, step 456, accuracy 0.8607536764705882
Best accuracy so far: 0.8736213235294118, step 457, accuracy 0.8609834558823529
Best accuracy so far: 0.8736213235294118, step 458, accuracy 0.8614430147058824
Best accuracy so far: 0.8736213235294118, step 459, accuracy 0.86328125
Best accuracy so far: 0.8736213235294118, step 460, accuracy 0.8607536764705882
Best accuracy so far: 0.8736213235294118, step 461, accuracy 0.8612132352941176
Best accuracy so far: 0.8736213235294118, step 462, accuracy 0.8625919117647058
Best accuracy so far: 0.8736213235294118, step 463, accuracy 0.8586856617647058
Best accuracy so far: 0.8736213235294118, step 464, accuracy 0.8605238970588235
Best accuracy so far: 0.8736213235294118, step 465, accuracy 0.8609834558823529
Best accuracy so far: 0.8736213235294118, step 466, accuracy 0.8612132352941176
Best accuracy so far: 0.8736213235294118, step 467, accuracy 0.8616727941176471
Best accuracy so far: 0.8736213235294118, step 468, accuracy 0.8609834558823529
Best accuracy so far: 0.8736213235294118, step 469, accuracy 0.8614430147058824
Best accuracy so far: 0.8736213235294118, step 470, accuracy 0.8616727941176471
Best accuracy so far: 0.8736213235294118, step 471, accuracy 0.8623621323529411
Best accuracy so far: 0.8736213235294118, step 472, accuracy 0.8616727941176471
Best accuracy so far: 0.8736213235294118, step 473, accuracy 0.8598345588235294
Best accuracy so far: 0.8736213235294118, step 474, accuracy 0.8628216911764706
Best accuracy so far: 0.8736213235294118, step 475, accuracy 0.8612132352941176
Best accuracy so far: 0.8736213235294118, step 476, accuracy 0.8605238970588235
Best accuracy so far: 0.8736213235294118, step 477, accuracy 0.8623621323529411
Best accuracy so far: 0.8736213235294118, step 478, accuracy 0.8623621323529411
Best accuracy so far: 0.8736213235294118, step 479, accuracy 0.8625919117647058
Best accuracy so far: 0.8736213235294118, step 480, accuracy 0.8619025735294118
Best accuracy so far: 0.8736213235294118, step 481, accuracy 0.8639705882352942
Best accuracy so far: 0.8736213235294118, step 482, accuracy 0.8612132352941176
Best accuracy so far: 0.8736213235294118, step 483, accuracy 0.8614430147058824
Best accuracy so far: 0.8736213235294118, step 484, accuracy 0.8616727941176471
Best accuracy so far: 0.8736213235294118, step 485, accuracy 0.8630514705882353
Best accuracy so far: 0.8736213235294118, step 486, accuracy 0.8619025735294118
Best accuracy so far: 0.8736213235294118, step 487, accuracy 0.8621323529411765
Best accuracy so far: 0.8736213235294118, step 488, accuracy 0.8644301470588235
Best accuracy so far: 0.8736213235294118, step 489, accuracy 0.8630514705882353
Best accuracy so far: 0.8736213235294118, step 490, accuracy 0.8642003676470589
Best accuracy so far: 0.8736213235294118, step 491, accuracy 0.8635110294117647
Best accuracy so far: 0.8736213235294118, step 492, accuracy 0.8644301470588235
Best accuracy so far: 0.8736213235294118, step 493, accuracy 0.8630514705882353
Best accuracy so far: 0.8736213235294118, step 494, accuracy 0.8625919117647058
Best accuracy so far: 0.8736213235294118, step 495, accuracy 0.86328125
Best accuracy so far: 0.8736213235294118, step 496, accuracy 0.8635110294117647
Best accuracy so far: 0.8736213235294118, step 497, accuracy 0.8630514705882353
Best accuracy so far: 0.8736213235294118, step 498, accuracy 0.8623621323529411
Best accuracy so far: 0.8736213235294118, step 499, accuracy 0.8600643382352942
Best accuracy so far: 0.8736213235294118, step 500, accuracy 0.8616727941176471
Best accuracy so far: 0.8736213235294118, step 501, accuracy 0.8612132352941176
Best accuracy so far: 0.8736213235294118, step 502, accuracy 0.8605238970588235
Best accuracy so far: 0.8736213235294118, step 503, accuracy 0.8600643382352942
Best accuracy so far: 0.8736213235294118, step 504, accuracy 0.8598345588235294
Best accuracy so far: 0.8736213235294118, step 505, accuracy 0.8598345588235294
Best accuracy so far: 0.8736213235294118, step 506, accuracy 0.8600643382352942
Best accuracy so far: 0.8736213235294118, step 507, accuracy 0.8598345588235294
Best accuracy so far: 0.8736213235294118, step 508, accuracy 0.8607536764705882
Best accuracy so far: 0.8736213235294118, step 509, accuracy 0.8612132352941176
Best accuracy so far: 0.8736213235294118, step 510, accuracy 0.8605238970588235
Best accuracy so far: 0.8736213235294118, step 511, accuracy 0.8605238970588235
Best accuracy so far: 0.8736213235294118, step 512, accuracy 0.8616727941176471
Best accuracy so far: 0.8736213235294118, step 513, accuracy 0.8616727941176471
Best accuracy so far: 0.8736213235294118, step 514, accuracy 0.8600643382352942
Best accuracy so far: 0.8736213235294118, step 515, accuracy 0.8600643382352942
Best accuracy so far: 0.8736213235294118, step 516, accuracy 0.8619025735294118
Best accuracy so far: 0.8736213235294118, step 517, accuracy 0.8616727941176471
Best accuracy so far: 0.8736213235294118, step 518, accuracy 0.8623621323529411
Best accuracy so far: 0.8736213235294118, step 519, accuracy 0.8619025735294118
Best accuracy so far: 0.8736213235294118, step 520, accuracy 0.8623621323529411
Best accuracy so far: 0.8736213235294118, step 521, accuracy 0.8619025735294118
Best accuracy so far: 0.8736213235294118, step 522, accuracy 0.8605238970588235
Best accuracy so far: 0.8736213235294118, step 523, accuracy 0.8591452205882353
Best accuracy so far: 0.8736213235294118, step 524, accuracy 0.8573069852941176
Best accuracy so far: 0.8736213235294118, step 525, accuracy 0.8621323529411765
Best accuracy so far: 0.8736213235294118, step 526, accuracy 0.8609834558823529
Best accuracy so far: 0.8736213235294118, step 527, accuracy 0.8591452205882353
Best accuracy so far: 0.8736213235294118, step 528, accuracy 0.8609834558823529
Best accuracy so far: 0.8736213235294118, step 529, accuracy 0.8612132352941176
Best accuracy so far: 0.8736213235294118, step 530, accuracy 0.8630514705882353
Best accuracy so far: 0.8736213235294118, step 531, accuracy 0.8621323529411765
Best accuracy so far: 0.8736213235294118, step 532, accuracy 0.8637408088235294
Best accuracy so far: 0.8736213235294118, step 533, accuracy 0.8646599264705882
Best accuracy so far: 0.8736213235294118, step 534, accuracy 0.8637408088235294
Best accuracy so far: 0.8736213235294118, step 535, accuracy 0.8648897058823529
Best accuracy so far: 0.8736213235294118, step 536, accuracy 0.8637408088235294
Best accuracy so far: 0.8736213235294118, step 537, accuracy 0.8642003676470589
Best accuracy so far: 0.8736213235294118, step 538, accuracy 0.8630514705882353
Best accuracy so far: 0.8736213235294118, step 539, accuracy 0.8614430147058824
Best accuracy so far: 0.8736213235294118, step 540, accuracy 0.8616727941176471
Best accuracy so far: 0.8736213235294118, step 541, accuracy 0.8628216911764706
Best accuracy so far: 0.8736213235294118, step 542, accuracy 0.8623621323529411
Best accuracy so far: 0.8736213235294118, step 543, accuracy 0.8619025735294118
Best accuracy so far: 0.8736213235294118, step 544, accuracy 0.8628216911764706
Best accuracy so far: 0.8736213235294118, step 545, accuracy 0.8625919117647058
Best accuracy so far: 0.8736213235294118, step 546, accuracy 0.8616727941176471
Best accuracy so far: 0.8736213235294118, step 547, accuracy 0.8616727941176471
Best accuracy so far: 0.8736213235294118, step 548, accuracy 0.8614430147058824
Best accuracy so far: 0.8736213235294118, step 549, accuracy 0.8607536764705882
Best accuracy so far: 0.8736213235294118, step 550, accuracy 0.8586856617647058
Best accuracy so far: 0.8736213235294118, step 551, accuracy 0.8614430147058824
Best accuracy so far: 0.8736213235294118, step 552, accuracy 0.8609834558823529
Best accuracy so far: 0.8736213235294118, step 553, accuracy 0.8609834558823529
Best accuracy so far: 0.8736213235294118, step 554, accuracy 0.8605238970588235
Best accuracy so far: 0.8736213235294118, step 555, accuracy 0.8602941176470589
Best accuracy so far: 0.8736213235294118, step 556, accuracy 0.8602941176470589
Best accuracy so far: 0.8736213235294118, step 557, accuracy 0.8584558823529411
Best accuracy so far: 0.8736213235294118, step 558, accuracy 0.8582261029411765
Best accuracy so far: 0.8736213235294118, step 559, accuracy 0.8591452205882353
Best accuracy so far: 0.8736213235294118, step 560, accuracy 0.8584558823529411
Best accuracy so far: 0.8736213235294118, step 561, accuracy 0.8577665441176471
Best accuracy so far: 0.8736213235294118, step 562, accuracy 0.8584558823529411
Best accuracy so far: 0.8736213235294118, step 563, accuracy 0.8584558823529411
Best accuracy so far: 0.8736213235294118, step 564, accuracy 0.8586856617647058
Best accuracy so far: 0.8736213235294118, step 565, accuracy 0.8586856617647058
Best accuracy so far: 0.8736213235294118, step 566, accuracy 0.8596047794117647
Best accuracy so far: 0.8736213235294118, step 567, accuracy 0.8616727941176471
Best accuracy so far: 0.8736213235294118, step 568, accuracy 0.8596047794117647
Best accuracy so far: 0.8736213235294118, step 569, accuracy 0.8602941176470589
Best accuracy so far: 0.8736213235294118, step 570, accuracy 0.8589154411764706
Best accuracy so far: 0.8736213235294118, step 571, accuracy 0.8602941176470589
Best accuracy so far: 0.8736213235294118, step 572, accuracy 0.8609834558823529
Best accuracy so far: 0.8736213235294118, step 573, accuracy 0.8600643382352942
Best accuracy so far: 0.8736213235294118, step 574, accuracy 0.8612132352941176
Best accuracy so far: 0.8736213235294118, step 575, accuracy 0.8591452205882353
Best accuracy so far: 0.8736213235294118, step 576, accuracy 0.8586856617647058
Best accuracy so far: 0.8736213235294118, step 577, accuracy 0.8598345588235294
Best accuracy so far: 0.8736213235294118, step 578, accuracy 0.8596047794117647
Best accuracy so far: 0.8736213235294118, step 579, accuracy 0.8596047794117647
Best accuracy so far: 0.8736213235294118, step 580, accuracy 0.8586856617647058
Best accuracy so far: 0.8736213235294118, step 581, accuracy 0.8584558823529411
Best accuracy so far: 0.8736213235294118, step 582, accuracy 0.8573069852941176
Best accuracy so far: 0.8736213235294118, step 583, accuracy 0.8589154411764706
Best accuracy so far: 0.8736213235294118, step 584, accuracy 0.859375
Best accuracy so far: 0.8736213235294118, step 585, accuracy 0.8589154411764706
Best accuracy so far: 0.8736213235294118, step 586, accuracy 0.8600643382352942
Best accuracy so far: 0.8736213235294118, step 587, accuracy 0.8596047794117647
Best accuracy so far: 0.8736213235294118, step 588, accuracy 0.8589154411764706
Best accuracy so far: 0.8736213235294118, step 589, accuracy 0.8577665441176471
Best accuracy so far: 0.8736213235294118, step 590, accuracy 0.8589154411764706
Best accuracy so far: 0.8736213235294118, step 591, accuracy 0.8575367647058824
Best accuracy so far: 0.8736213235294118, step 592, accuracy 0.8586856617647058
Best accuracy so far: 0.8736213235294118, step 593, accuracy 0.8600643382352942
Best accuracy so far: 0.8736213235294118, step 594, accuracy 0.8600643382352942
Best accuracy so far: 0.8736213235294118, step 595, accuracy 0.8612132352941176
Best accuracy so far: 0.8736213235294118, step 596, accuracy 0.8607536764705882
Best accuracy so far: 0.8736213235294118, step 597, accuracy 0.8609834558823529
Best accuracy so far: 0.8736213235294118, step 598, accuracy 0.8628216911764706
Best accuracy so far: 0.8736213235294118, step 599, accuracy 0.8621323529411765
Best accuracy so far: 0.8736213235294118, step 600, accuracy 0.8625919117647058
Best accuracy so far: 0.8736213235294118, step 601, accuracy 0.8623621323529411
Best accuracy so far: 0.8736213235294118, step 602, accuracy 0.8605238970588235
Best accuracy so far: 0.8736213235294118, step 603, accuracy 0.8609834558823529
Best accuracy so far: 0.8736213235294118, step 604, accuracy 0.8584558823529411
Best accuracy so far: 0.8736213235294118, step 605, accuracy 0.8619025735294118
Best accuracy so far: 0.8736213235294118, step 606, accuracy 0.8623621323529411
Best accuracy so far: 0.8736213235294118, step 607, accuracy 0.8616727941176471
Best accuracy so far: 0.8736213235294118, step 608, accuracy 0.8612132352941176
Best accuracy so far: 0.8736213235294118, step 609, accuracy 0.8616727941176471
Best accuracy so far: 0.8736213235294118, step 610, accuracy 0.8623621323529411
Best accuracy so far: 0.8736213235294118, step 611, accuracy 0.8619025735294118
Best accuracy so far: 0.8736213235294118, step 612, accuracy 0.8628216911764706
Best accuracy so far: 0.8736213235294118, step 613, accuracy 0.86328125
Best accuracy so far: 0.8736213235294118, step 614, accuracy 0.8635110294117647
Best accuracy so far: 0.8736213235294118, step 615, accuracy 0.8644301470588235
Best accuracy so far: 0.8736213235294118, step 616, accuracy 0.8630514705882353
Best accuracy so far: 0.8736213235294118, step 617, accuracy 0.8623621323529411
Best accuracy so far: 0.8736213235294118, step 618, accuracy 0.8619025735294118
Best accuracy so far: 0.8736213235294118, step 619, accuracy 0.8609834558823529
Best accuracy so far: 0.8736213235294118, step 620, accuracy 0.8621323529411765
Best accuracy so far: 0.8736213235294118, step 621, accuracy 0.8616727941176471
Best accuracy so far: 0.8736213235294118, step 622, accuracy 0.8625919117647058
Best accuracy so far: 0.8736213235294118, step 623, accuracy 0.8630514705882353
Best accuracy so far: 0.8736213235294118, step 624, accuracy 0.8628216911764706
Best accuracy so far: 0.8736213235294118, step 625, accuracy 0.8630514705882353
Best accuracy so far: 0.8736213235294118, step 626, accuracy 0.8630514705882353
Best accuracy so far: 0.8736213235294118, step 627, accuracy 0.86328125
Best accuracy so far: 0.8736213235294118, step 628, accuracy 0.8637408088235294
Best accuracy so far: 0.8736213235294118, step 629, accuracy 0.8623621323529411
Best accuracy so far: 0.8736213235294118, step 630, accuracy 0.8607536764705882
Best accuracy so far: 0.8736213235294118, step 631, accuracy 0.8619025735294118
Best accuracy so far: 0.8736213235294118, step 632, accuracy 0.8607536764705882
Best accuracy so far: 0.8736213235294118, step 633, accuracy 0.8605238970588235
Best accuracy so far: 0.8736213235294118, step 634, accuracy 0.8598345588235294
Best accuracy so far: 0.8736213235294118, step 635, accuracy 0.8607536764705882
Best accuracy so far: 0.8736213235294118, step 636, accuracy 0.8584558823529411
Best accuracy so far: 0.8736213235294118, step 637, accuracy 0.8596047794117647
Best accuracy so far: 0.8736213235294118, step 638, accuracy 0.8598345588235294
Best accuracy so far: 0.8736213235294118, step 639, accuracy 0.8600643382352942
Best accuracy so far: 0.8736213235294118, step 640, accuracy 0.8600643382352942
Best accuracy so far: 0.8736213235294118, step 641, accuracy 0.8605238970588235
Best accuracy so far: 0.8736213235294118, step 642, accuracy 0.8596047794117647
Best accuracy so far: 0.8736213235294118, step 643, accuracy 0.8602941176470589
Best accuracy so far: 0.8736213235294118, step 644, accuracy 0.8619025735294118
Best accuracy so far: 0.8736213235294118, step 645, accuracy 0.8609834558823529
Best accuracy so far: 0.8736213235294118, step 646, accuracy 0.8619025735294118
Best accuracy so far: 0.8736213235294118, step 647, accuracy 0.8628216911764706
Best accuracy so far: 0.8736213235294118, step 648, accuracy 0.8621323529411765
Best accuracy so far: 0.8736213235294118, step 649, accuracy 0.8614430147058824
Best accuracy so far: 0.8736213235294118, step 650, accuracy 0.8609834558823529
Best accuracy so far: 0.8736213235294118, step 651, accuracy 0.8619025735294118
Best accuracy so far: 0.8736213235294118, step 652, accuracy 0.8623621323529411
Best accuracy so far: 0.8736213235294118, step 653, accuracy 0.8616727941176471
Best accuracy so far: 0.8736213235294118, step 654, accuracy 0.8630514705882353
Best accuracy so far: 0.8736213235294118, step 655, accuracy 0.8630514705882353
Best accuracy so far: 0.8736213235294118, step 656, accuracy 0.8644301470588235
Best accuracy so far: 0.8736213235294118, step 657, accuracy 0.8653492647058824
Best accuracy so far: 0.8736213235294118, step 658, accuracy 0.8628216911764706
Best accuracy so far: 0.8736213235294118, step 659, accuracy 0.8642003676470589
Best accuracy so far: 0.8736213235294118, step 660, accuracy 0.8614430147058824
Best accuracy so far: 0.8736213235294118, step 661, accuracy 0.8619025735294118
Best accuracy so far: 0.8736213235294118, step 662, accuracy 0.8612132352941176
Best accuracy so far: 0.8736213235294118, step 663, accuracy 0.8614430147058824
Best accuracy so far: 0.8736213235294118, step 664, accuracy 0.8598345588235294
Best accuracy so far: 0.8736213235294118, step 665, accuracy 0.8605238970588235
Best accuracy so far: 0.8736213235294118, step 666, accuracy 0.8596047794117647
Best accuracy so far: 0.8736213235294118, step 667, accuracy 0.859375
Best accuracy so far: 0.8736213235294118, step 668, accuracy 0.8600643382352942
Best accuracy so far: 0.8736213235294118, step 669, accuracy 0.8605238970588235
Best accuracy so far: 0.8736213235294118, step 670, accuracy 0.8614430147058824
Best accuracy so far: 0.8736213235294118, step 671, accuracy 0.8607536764705882
Best accuracy so far: 0.8736213235294118, step 672, accuracy 0.8607536764705882
Best accuracy so far: 0.8736213235294118, step 673, accuracy 0.8605238970588235
Best accuracy so far: 0.8736213235294118, step 674, accuracy 0.8612132352941176
Best accuracy so far: 0.8736213235294118, step 675, accuracy 0.8612132352941176
Best accuracy so far: 0.8736213235294118, step 676, accuracy 0.8596047794117647
Best accuracy so far: 0.8736213235294118, step 677, accuracy 0.8614430147058824
Best accuracy so far: 0.8736213235294118, step 678, accuracy 0.8605238970588235
Best accuracy so far: 0.8736213235294118, step 679, accuracy 0.8586856617647058
Best accuracy so far: 0.8736213235294118, step 680, accuracy 0.8589154411764706
Best accuracy so far: 0.8736213235294118, step 681, accuracy 0.8602941176470589
Best accuracy so far: 0.8736213235294118, step 682, accuracy 0.8614430147058824
Best accuracy so far: 0.8736213235294118, step 683, accuracy 0.8605238970588235
Best accuracy so far: 0.8736213235294118, step 684, accuracy 0.8623621323529411
Best accuracy so far: 0.8736213235294118, step 685, accuracy 0.8625919117647058
Best accuracy so far: 0.8736213235294118, step 686, accuracy 0.8619025735294118
Best accuracy so far: 0.8736213235294118, step 687, accuracy 0.8619025735294118
Best accuracy so far: 0.8736213235294118, step 688, accuracy 0.8614430147058824
Best accuracy so far: 0.8736213235294118, step 689, accuracy 0.8612132352941176
Best accuracy so far: 0.8736213235294118, step 690, accuracy 0.86328125
Best accuracy so far: 0.8736213235294118, step 691, accuracy 0.8616727941176471
Best accuracy so far: 0.8736213235294118, step 692, accuracy 0.8600643382352942
Best accuracy so far: 0.8736213235294118, step 693, accuracy 0.8596047794117647
Best accuracy so far: 0.8736213235294118, step 694, accuracy 0.8575367647058824
Best accuracy so far: 0.8736213235294118, step 695, accuracy 0.8605238970588235
Best accuracy so far: 0.8736213235294118, step 696, accuracy 0.8598345588235294
Best accuracy so far: 0.8736213235294118, step 697, accuracy 0.8605238970588235
Best accuracy so far: 0.8736213235294118, step 698, accuracy 0.8591452205882353
Best accuracy so far: 0.8736213235294118, step 699, accuracy 0.8607536764705882
Best accuracy so far: 0.8736213235294118, step 700, accuracy 0.8582261029411765
Best accuracy so far: 0.8736213235294118, step 701, accuracy 0.8582261029411765
Best accuracy so far: 0.8736213235294118, step 702, accuracy 0.859375
Best accuracy so far: 0.8736213235294118, step 703, accuracy 0.8575367647058824
Best accuracy so far: 0.8736213235294118, step 704, accuracy 0.8584558823529411
Best accuracy so far: 0.8736213235294118, step 705, accuracy 0.8570772058823529
Best accuracy so far: 0.8736213235294118, step 706, accuracy 0.8573069852941176
Best accuracy so far: 0.8736213235294118, step 707, accuracy 0.8566176470588235
Best accuracy so far: 0.8736213235294118, step 708, accuracy 0.8561580882352942
Best accuracy so far: 0.8736213235294118, step 709, accuracy 0.8563878676470589
Best accuracy so far: 0.8736213235294118, step 710, accuracy 0.8573069852941176
Best accuracy so far: 0.8736213235294118, step 711, accuracy 0.8579963235294118
Best accuracy so far: 0.8736213235294118, step 712, accuracy 0.8584558823529411
Best accuracy so far: 0.8736213235294118, step 713, accuracy 0.8575367647058824
Best accuracy so far: 0.8736213235294118, step 714, accuracy 0.859375
Best accuracy so far: 0.8736213235294118, step 715, accuracy 0.8596047794117647
Best accuracy so far: 0.8736213235294118, step 716, accuracy 0.8591452205882353
Best accuracy so far: 0.8736213235294118, step 717, accuracy 0.8582261029411765
Best accuracy so far: 0.8736213235294118, step 718, accuracy 0.8577665441176471
Best accuracy so far: 0.8736213235294118, step 719, accuracy 0.8584558823529411
Best accuracy so far: 0.8736213235294118, step 720, accuracy 0.8596047794117647
Best accuracy so far: 0.8736213235294118, step 721, accuracy 0.8596047794117647
Best accuracy so far: 0.8736213235294118, step 722, accuracy 0.8605238970588235
Best accuracy so far: 0.8736213235294118, step 723, accuracy 0.8612132352941176
Best accuracy so far: 0.8736213235294118, step 724, accuracy 0.8609834558823529
Best accuracy so far: 0.8736213235294118, step 725, accuracy 0.8616727941176471
Best accuracy so far: 0.8736213235294118, step 726, accuracy 0.8623621323529411
Best accuracy so far: 0.8736213235294118, step 727, accuracy 0.86328125
Best accuracy so far: 0.8736213235294118, step 728, accuracy 0.8621323529411765
Best accuracy so far: 0.8736213235294118, step 729, accuracy 0.8639705882352942
Best accuracy so far: 0.8736213235294118, step 730, accuracy 0.8628216911764706
Best accuracy so far: 0.8736213235294118, step 731, accuracy 0.8623621323529411
Best accuracy so far: 0.8736213235294118, step 732, accuracy 0.8630514705882353
Best accuracy so far: 0.8736213235294118, step 733, accuracy 0.8625919117647058
Best accuracy so far: 0.8736213235294118, step 734, accuracy 0.8642003676470589
Best accuracy so far: 0.8736213235294118, step 735, accuracy 0.8628216911764706
Best accuracy so far: 0.8736213235294118, step 736, accuracy 0.8635110294117647
Best accuracy so far: 0.8736213235294118, step 737, accuracy 0.8630514705882353
Best accuracy so far: 0.8736213235294118, step 738, accuracy 0.8621323529411765
Best accuracy so far: 0.8736213235294118, step 739, accuracy 0.8605238970588235
Best accuracy so far: 0.8736213235294118, step 740, accuracy 0.8612132352941176
Best accuracy so far: 0.8736213235294118, step 741, accuracy 0.8609834558823529
Best accuracy so far: 0.8736213235294118, step 742, accuracy 0.8609834558823529
Best accuracy so far: 0.8736213235294118, step 743, accuracy 0.8591452205882353
Best accuracy so far: 0.8736213235294118, step 744, accuracy 0.8584558823529411
Best accuracy so far: 0.8736213235294118, step 745, accuracy 0.8598345588235294
Best accuracy so far: 0.8736213235294118, step 746, accuracy 0.8591452205882353
Best accuracy so far: 0.8736213235294118, step 747, accuracy 0.8575367647058824
Best accuracy so far: 0.8736213235294118, step 748, accuracy 0.8579963235294118
Best accuracy so far: 0.8736213235294118, step 749, accuracy 0.8570772058823529
Best accuracy so far: 0.8736213235294118, step 750, accuracy 0.8584558823529411
Best accuracy so far: 0.8736213235294118, step 751, accuracy 0.8591452205882353
Best accuracy so far: 0.8736213235294118, step 752, accuracy 0.8596047794117647
Best accuracy so far: 0.8736213235294118, step 753, accuracy 0.8600643382352942
Best accuracy so far: 0.8736213235294118, step 754, accuracy 0.859375
Best accuracy so far: 0.8736213235294118, step 755, accuracy 0.8602941176470589
Best accuracy so far: 0.8736213235294118, step 756, accuracy 0.8591452205882353
Best accuracy so far: 0.8736213235294118, step 757, accuracy 0.8607536764705882
Best accuracy so far: 0.8736213235294118, step 758, accuracy 0.8607536764705882
Best accuracy so far: 0.8736213235294118, step 759, accuracy 0.8616727941176471
Best accuracy so far: 0.8736213235294118, step 760, accuracy 0.8619025735294118
Best accuracy so far: 0.8736213235294118, step 761, accuracy 0.8614430147058824
Best accuracy so far: 0.8736213235294118, step 762, accuracy 0.8621323529411765
Best accuracy so far: 0.8736213235294118, step 763, accuracy 0.8605238970588235
Best accuracy so far: 0.8736213235294118, step 764, accuracy 0.8605238970588235
Best accuracy so far: 0.8736213235294118, step 765, accuracy 0.8614430147058824
Best accuracy so far: 0.8736213235294118, step 766, accuracy 0.8635110294117647
Best accuracy so far: 0.8736213235294118, step 767, accuracy 0.86328125
Best accuracy so far: 0.8736213235294118, step 768, accuracy 0.8605238970588235
Best accuracy so far: 0.8736213235294118, step 769, accuracy 0.8621323529411765
Best accuracy so far: 0.8736213235294118, step 770, accuracy 0.8612132352941176
Best accuracy so far: 0.8736213235294118, step 771, accuracy 0.8609834558823529
Best accuracy so far: 0.8736213235294118, step 772, accuracy 0.8616727941176471
Best accuracy so far: 0.8736213235294118, step 773, accuracy 0.8619025735294118
Best accuracy so far: 0.8736213235294118, step 774, accuracy 0.8621323529411765
Best accuracy so far: 0.8736213235294118, step 775, accuracy 0.8609834558823529
Best accuracy so far: 0.8736213235294118, step 776, accuracy 0.8619025735294118
Best accuracy so far: 0.8736213235294118, step 777, accuracy 0.8612132352941176
Best accuracy so far: 0.8736213235294118, step 778, accuracy 0.8609834558823529
Best accuracy so far: 0.8736213235294118, step 779, accuracy 0.8623621323529411
Best accuracy so far: 0.8736213235294118, step 780, accuracy 0.8598345588235294
Best accuracy so far: 0.8736213235294118, step 781, accuracy 0.8621323529411765
Best accuracy so far: 0.8736213235294118, step 782, accuracy 0.8628216911764706
Best accuracy so far: 0.8736213235294118, step 783, accuracy 0.8646599264705882
Best accuracy so far: 0.8736213235294118, step 784, accuracy 0.8630514705882353
Best accuracy so far: 0.8736213235294118, step 785, accuracy 0.8621323529411765
Best accuracy so far: 0.8736213235294118, step 786, accuracy 0.8621323529411765
Best accuracy so far: 0.8736213235294118, step 787, accuracy 0.8607536764705882
Best accuracy so far: 0.8736213235294118, step 788, accuracy 0.8630514705882353
Best accuracy so far: 0.8736213235294118, step 789, accuracy 0.8625919117647058
Best accuracy so far: 0.8736213235294118, step 790, accuracy 0.8609834558823529
Best accuracy so far: 0.8736213235294118, step 791, accuracy 0.8614430147058824
Best accuracy so far: 0.8736213235294118, step 792, accuracy 0.8628216911764706
Best accuracy so far: 0.8736213235294118, step 793, accuracy 0.8612132352941176
Best accuracy so far: 0.8736213235294118, step 794, accuracy 0.8605238970588235
Best accuracy so far: 0.8736213235294118, step 795, accuracy 0.8607536764705882
Best accuracy so far: 0.8736213235294118, step 796, accuracy 0.8605238970588235
Best accuracy so far: 0.8736213235294118, step 797, accuracy 0.8602941176470589
Best accuracy so far: 0.8736213235294118, step 798, accuracy 0.8607536764705882
Best accuracy so far: 0.8736213235294118, step 799, accuracy 0.8591452205882353
Best accuracy so far: 0.8736213235294118, step 800, accuracy 0.8591452205882353
Best accuracy so far: 0.8736213235294118, step 801, accuracy 0.8602941176470589
Best accuracy so far: 0.8736213235294118, step 802, accuracy 0.8586856617647058
Best accuracy so far: 0.8736213235294118, step 803, accuracy 0.8589154411764706
Best accuracy so far: 0.8736213235294118, step 804, accuracy 0.8582261029411765
Best accuracy so far: 0.8736213235294118, step 805, accuracy 0.8579963235294118
Best accuracy so far: 0.8736213235294118, step 806, accuracy 0.8570772058823529
Best accuracy so far: 0.8736213235294118, step 807, accuracy 0.8582261029411765
Best accuracy so far: 0.8736213235294118, step 808, accuracy 0.8577665441176471
Best accuracy so far: 0.8736213235294118, step 809, accuracy 0.8566176470588235
Best accuracy so far: 0.8736213235294118, step 810, accuracy 0.8550091911764706
Best accuracy so far: 0.8736213235294118, step 811, accuracy 0.8545496323529411
Best accuracy so far: 0.8736213235294118, step 812, accuracy 0.8584558823529411
Best accuracy so far: 0.8736213235294118, step 813, accuracy 0.8575367647058824
Best accuracy so far: 0.8736213235294118, step 814, accuracy 0.8563878676470589
Best accuracy so far: 0.8736213235294118, step 815, accuracy 0.8561580882352942
Best accuracy so far: 0.8736213235294118, step 816, accuracy 0.8586856617647058
Best accuracy so far: 0.8736213235294118, step 817, accuracy 0.8589154411764706
Best accuracy so far: 0.8736213235294118, step 818, accuracy 0.859375
Best accuracy so far: 0.8736213235294118, step 819, accuracy 0.859375
Best accuracy so far: 0.8736213235294118, step 820, accuracy 0.8598345588235294
Best accuracy so far: 0.8736213235294118, step 821, accuracy 0.8586856617647058
Best accuracy so far: 0.8736213235294118, step 822, accuracy 0.859375
Best accuracy so far: 0.8736213235294118, step 823, accuracy 0.8586856617647058
Best accuracy so far: 0.8736213235294118, step 824, accuracy 0.8598345588235294
Best accuracy so far: 0.8736213235294118, step 825, accuracy 0.8589154411764706
Best accuracy so far: 0.8736213235294118, step 826, accuracy 0.859375
Best accuracy so far: 0.8736213235294118, step 827, accuracy 0.8596047794117647
Best accuracy so far: 0.8736213235294118, step 828, accuracy 0.8609834558823529
Best accuracy so far: 0.8736213235294118, step 829, accuracy 0.8591452205882353
Best accuracy so far: 0.8736213235294118, step 830, accuracy 0.8589154411764706
Best accuracy so far: 0.8736213235294118, step 831, accuracy 0.8598345588235294
Best accuracy so far: 0.8736213235294118, step 832, accuracy 0.8586856617647058
Best accuracy so far: 0.8736213235294118, step 833, accuracy 0.8589154411764706
Best accuracy so far: 0.8736213235294118, step 834, accuracy 0.8609834558823529
Best accuracy so far: 0.8736213235294118, step 835, accuracy 0.8579963235294118
Best accuracy so far: 0.8736213235294118, step 836, accuracy 0.8575367647058824
Best accuracy so far: 0.8736213235294118, step 837, accuracy 0.8575367647058824
Best accuracy so far: 0.8736213235294118, step 838, accuracy 0.8568474264705882
Best accuracy so far: 0.8736213235294118, step 839, accuracy 0.8570772058823529
Best accuracy so far: 0.8736213235294118, step 840, accuracy 0.8582261029411765
Best accuracy so far: 0.8736213235294118, step 841, accuracy 0.8584558823529411
Best accuracy so far: 0.8736213235294118, step 842, accuracy 0.8582261029411765
Best accuracy so far: 0.8736213235294118, step 843, accuracy 0.8582261029411765
Best accuracy so far: 0.8736213235294118, step 844, accuracy 0.8577665441176471
Best accuracy so far: 0.8736213235294118, step 845, accuracy 0.8573069852941176
Best accuracy so far: 0.8736213235294118, step 846, accuracy 0.8573069852941176
Best accuracy so far: 0.8736213235294118, step 847, accuracy 0.8584558823529411
Best accuracy so far: 0.8736213235294118, step 848, accuracy 0.8570772058823529
Best accuracy so far: 0.8736213235294118, step 849, accuracy 0.85546875
Best accuracy so far: 0.8736213235294118, step 850, accuracy 0.8566176470588235
Best accuracy so far: 0.8736213235294118, step 851, accuracy 0.8577665441176471
Best accuracy so far: 0.8736213235294118, step 852, accuracy 0.8575367647058824
Best accuracy so far: 0.8736213235294118, step 853, accuracy 0.8584558823529411
Best accuracy so far: 0.8736213235294118, step 854, accuracy 0.859375
Best accuracy so far: 0.8736213235294118, step 855, accuracy 0.8589154411764706
Best accuracy so far: 0.8736213235294118, step 856, accuracy 0.8596047794117647
Best accuracy so far: 0.8736213235294118, step 857, accuracy 0.8579963235294118
Best accuracy so far: 0.8736213235294118, step 858, accuracy 0.8579963235294118
Best accuracy so far: 0.8736213235294118, step 859, accuracy 0.8598345588235294
Best accuracy so far: 0.8736213235294118, step 860, accuracy 0.8589154411764706
Best accuracy so far: 0.8736213235294118, step 861, accuracy 0.8586856617647058
Best accuracy so far: 0.8736213235294118, step 862, accuracy 0.8600643382352942
Best accuracy so far: 0.8736213235294118, step 863, accuracy 0.8602941176470589
Best accuracy so far: 0.8736213235294118, step 864, accuracy 0.859375
Best accuracy so far: 0.8736213235294118, step 865, accuracy 0.8575367647058824
Best accuracy so far: 0.8736213235294118, step 866, accuracy 0.8568474264705882
Best accuracy so far: 0.8736213235294118, step 867, accuracy 0.8579963235294118
Best accuracy so far: 0.8736213235294118, step 868, accuracy 0.8573069852941176
Best accuracy so far: 0.8736213235294118, step 869, accuracy 0.8568474264705882
Best accuracy so far: 0.8736213235294118, step 870, accuracy 0.8568474264705882
Best accuracy so far: 0.8736213235294118, step 871, accuracy 0.8600643382352942
Best accuracy so far: 0.8736213235294118, step 872, accuracy 0.8591452205882353
Best accuracy so far: 0.8736213235294118, step 873, accuracy 0.8602941176470589
Best accuracy so far: 0.8736213235294118, step 874, accuracy 0.8596047794117647
Best accuracy so far: 0.8736213235294118, step 875, accuracy 0.8614430147058824
Best accuracy so far: 0.8736213235294118, step 876, accuracy 0.8612132352941176
Best accuracy so far: 0.8736213235294118, step 877, accuracy 0.8612132352941176
Best accuracy so far: 0.8736213235294118, step 878, accuracy 0.8609834558823529
Best accuracy so far: 0.8736213235294118, step 879, accuracy 0.8614430147058824
Best accuracy so far: 0.8736213235294118, step 880, accuracy 0.8607536764705882
Best accuracy so far: 0.8736213235294118, step 881, accuracy 0.8609834558823529
Best accuracy so far: 0.8736213235294118, step 882, accuracy 0.8596047794117647
Best accuracy so far: 0.8736213235294118, step 883, accuracy 0.8589154411764706
Best accuracy so far: 0.8736213235294118, step 884, accuracy 0.8586856617647058
Best accuracy so far: 0.8736213235294118, step 885, accuracy 0.8598345588235294
Best accuracy so far: 0.8736213235294118, step 886, accuracy 0.8600643382352942
Best accuracy so far: 0.8736213235294118, step 887, accuracy 0.8609834558823529
Best accuracy so far: 0.8736213235294118, step 888, accuracy 0.8598345588235294
Best accuracy so far: 0.8736213235294118, step 889, accuracy 0.8619025735294118
Best accuracy so far: 0.8736213235294118, step 890, accuracy 0.8612132352941176
Best accuracy so far: 0.8736213235294118, step 891, accuracy 0.8619025735294118
Best accuracy so far: 0.8736213235294118, step 892, accuracy 0.8628216911764706
Best accuracy so far: 0.8736213235294118, step 893, accuracy 0.86328125
Best accuracy so far: 0.8736213235294118, step 894, accuracy 0.8637408088235294
Best accuracy so far: 0.8736213235294118, step 895, accuracy 0.8639705882352942
Best accuracy so far: 0.8736213235294118, step 896, accuracy 0.8653492647058824
Best accuracy so far: 0.8736213235294118, step 897, accuracy 0.8639705882352942
Best accuracy so far: 0.8736213235294118, step 898, accuracy 0.8644301470588235
Best accuracy so far: 0.8736213235294118, step 899, accuracy 0.8625919117647058
Best accuracy so far: 0.8736213235294118, step 900, accuracy 0.86328125
Best accuracy so far: 0.8736213235294118, step 901, accuracy 0.86328125
Best accuracy so far: 0.8736213235294118, step 902, accuracy 0.8630514705882353
Best accuracy so far: 0.8736213235294118, step 903, accuracy 0.8637408088235294
Best accuracy so far: 0.8736213235294118, step 904, accuracy 0.8628216911764706
Best accuracy so far: 0.8736213235294118, step 905, accuracy 0.8619025735294118
Best accuracy so far: 0.8736213235294118, step 906, accuracy 0.8625919117647058
Best accuracy so far: 0.8736213235294118, step 907, accuracy 0.8605238970588235
Best accuracy so far: 0.8736213235294118, step 908, accuracy 0.8598345588235294
Best accuracy so far: 0.8736213235294118, step 909, accuracy 0.8614430147058824
Best accuracy so far: 0.8736213235294118, step 910, accuracy 0.8602941176470589
Best accuracy so far: 0.8736213235294118, step 911, accuracy 0.8609834558823529
Best accuracy so far: 0.8736213235294118, step 912, accuracy 0.8605238970588235
Best accuracy so far: 0.8736213235294118, step 913, accuracy 0.8600643382352942
Best accuracy so far: 0.8736213235294118, step 914, accuracy 0.8612132352941176
Best accuracy so far: 0.8736213235294118, step 915, accuracy 0.8623621323529411
Best accuracy so far: 0.8736213235294118, step 916, accuracy 0.8612132352941176
Best accuracy so far: 0.8736213235294118, step 917, accuracy 0.8607536764705882
Best accuracy so far: 0.8736213235294118, step 918, accuracy 0.8609834558823529
Best accuracy so far: 0.8736213235294118, step 919, accuracy 0.86328125
Best accuracy so far: 0.8736213235294118, step 920, accuracy 0.8637408088235294
Best accuracy so far: 0.8736213235294118, step 921, accuracy 0.8625919117647058
Best accuracy so far: 0.8736213235294118, step 922, accuracy 0.8616727941176471
Best accuracy so far: 0.8736213235294118, step 923, accuracy 0.8621323529411765
Best accuracy so far: 0.8736213235294118, step 924, accuracy 0.8628216911764706
Best accuracy so far: 0.8736213235294118, step 925, accuracy 0.8607536764705882
Best accuracy so far: 0.8736213235294118, step 926, accuracy 0.8609834558823529
Best accuracy so far: 0.8736213235294118, step 927, accuracy 0.8605238970588235
Best accuracy so far: 0.8736213235294118, step 928, accuracy 0.8602941176470589
Best accuracy so far: 0.8736213235294118, step 929, accuracy 0.8623621323529411
Best accuracy so far: 0.8736213235294118, step 930, accuracy 0.8630514705882353
Best accuracy so far: 0.8736213235294118, step 931, accuracy 0.8637408088235294
Best accuracy so far: 0.8736213235294118, step 932, accuracy 0.86328125
Best accuracy so far: 0.8736213235294118, step 933, accuracy 0.8630514705882353
Best accuracy so far: 0.8736213235294118, step 934, accuracy 0.8612132352941176
Best accuracy so far: 0.8736213235294118, step 935, accuracy 0.8639705882352942
Best accuracy so far: 0.8736213235294118, step 936, accuracy 0.8614430147058824
Best accuracy so far: 0.8736213235294118, step 937, accuracy 0.8625919117647058
Best accuracy so far: 0.8736213235294118, step 938, accuracy 0.8628216911764706
Best accuracy so far: 0.8736213235294118, step 939, accuracy 0.8607536764705882
Best accuracy so far: 0.8736213235294118, step 940, accuracy 0.8609834558823529
Best accuracy so far: 0.8736213235294118, step 941, accuracy 0.8614430147058824
Best accuracy so far: 0.8736213235294118, step 942, accuracy 0.8609834558823529
Best accuracy so far: 0.8736213235294118, step 943, accuracy 0.8605238970588235
Best accuracy so far: 0.8736213235294118, step 944, accuracy 0.859375
Best accuracy so far: 0.8736213235294118, step 945, accuracy 0.8584558823529411
Best accuracy so far: 0.8736213235294118, step 946, accuracy 0.8559283088235294
Best accuracy so far: 0.8736213235294118, step 947, accuracy 0.8573069852941176
Best accuracy so far: 0.8736213235294118, step 948, accuracy 0.8570772058823529
Best accuracy so far: 0.8736213235294118, step 949, accuracy 0.8570772058823529
Best accuracy so far: 0.8736213235294118, step 950, accuracy 0.8570772058823529
Best accuracy so far: 0.8736213235294118, step 951, accuracy 0.8596047794117647
Best accuracy so far: 0.8736213235294118, step 952, accuracy 0.8591452205882353
Best accuracy so far: 0.8736213235294118, step 953, accuracy 0.8609834558823529
Best accuracy so far: 0.8736213235294118, step 954, accuracy 0.8596047794117647
Best accuracy so far: 0.8736213235294118, step 955, accuracy 0.8614430147058824
Best accuracy so far: 0.8736213235294118, step 956, accuracy 0.8621323529411765
Best accuracy so far: 0.8736213235294118, step 957, accuracy 0.8625919117647058
Best accuracy so far: 0.8736213235294118, step 958, accuracy 0.8630514705882353
Best accuracy so far: 0.8736213235294118, step 959, accuracy 0.8637408088235294
Best accuracy so far: 0.8736213235294118, step 960, accuracy 0.8630514705882353
Best accuracy so far: 0.8736213235294118, step 961, accuracy 0.8642003676470589
Best accuracy so far: 0.8736213235294118, step 962, accuracy 0.8637408088235294
Best accuracy so far: 0.8736213235294118, step 963, accuracy 0.8662683823529411
Best accuracy so far: 0.8736213235294118, step 964, accuracy 0.8655790441176471
Best accuracy so far: 0.8736213235294118, step 965, accuracy 0.8664981617647058
Best accuracy so far: 0.8736213235294118, step 966, accuracy 0.8667279411764706
Best accuracy so far: 0.8736213235294118, step 967, accuracy 0.8674172794117647
Best accuracy so far: 0.8736213235294118, step 968, accuracy 0.8662683823529411
Best accuracy so far: 0.8736213235294118, step 969, accuracy 0.8674172794117647
Best accuracy so far: 0.8736213235294118, step 970, accuracy 0.8658088235294118
Best accuracy so far: 0.8736213235294118, step 971, accuracy 0.8660386029411765
Best accuracy so far: 0.8736213235294118, step 972, accuracy 0.8664981617647058
Best accuracy so far: 0.8736213235294118, step 973, accuracy 0.8662683823529411
Best accuracy so far: 0.8736213235294118, step 974, accuracy 0.8639705882352942
Best accuracy so far: 0.8736213235294118, step 975, accuracy 0.8642003676470589
Best accuracy so far: 0.8736213235294118, step 976, accuracy 0.8642003676470589
Best accuracy so far: 0.8736213235294118, step 977, accuracy 0.8637408088235294
Best accuracy so far: 0.8736213235294118, step 978, accuracy 0.8639705882352942
Best accuracy so far: 0.8736213235294118, step 979, accuracy 0.8639705882352942
Best accuracy so far: 0.8736213235294118, step 980, accuracy 0.8642003676470589
Best accuracy so far: 0.8736213235294118, step 981, accuracy 0.8625919117647058
Best accuracy so far: 0.8736213235294118, step 982, accuracy 0.8642003676470589
Best accuracy so far: 0.8736213235294118, step 983, accuracy 0.86328125
Best accuracy so far: 0.8736213235294118, step 984, accuracy 0.8642003676470589
Best accuracy so far: 0.8736213235294118, step 985, accuracy 0.8623621323529411
Best accuracy so far: 0.8736213235294118, step 986, accuracy 0.8630514705882353
Best accuracy so far: 0.8736213235294118, step 987, accuracy 0.8625919117647058
Best accuracy so far: 0.8736213235294118, step 988, accuracy 0.8637408088235294
Best accuracy so far: 0.8736213235294118, step 989, accuracy 0.8619025735294118
Best accuracy so far: 0.8736213235294118, step 990, accuracy 0.8623621323529411
Best accuracy so far: 0.8736213235294118, step 991, accuracy 0.8614430147058824
Best accuracy so far: 0.8736213235294118, step 992, accuracy 0.8621323529411765
Best accuracy so far: 0.8736213235294118, step 993, accuracy 0.8642003676470589
Best accuracy so far: 0.8736213235294118, step 994, accuracy 0.8612132352941176
Best accuracy so far: 0.8736213235294118, step 995, accuracy 0.8609834558823529
Best accuracy so far: 0.8736213235294118, step 996, accuracy 0.8614430147058824
Best accuracy so far: 0.8736213235294118, step 997, accuracy 0.8609834558823529
Best accuracy so far: 0.8736213235294118, step 998, accuracy 0.8605238970588235
Best accuracy so far: 0.8736213235294118, step 999, accuracy 0.8607536764705882
Best accuracy so far: 0.8736213235294118, step 1000, accuracy 0.8600643382352942
Best accuracy for each domain: [0.7633333333333333, 0.6380974264705882, 0.8999094202898551, 0.8736213235294118] Average: 0.793740375905797
Number of conflicts: 0 Total steps: 1000 Conflict rate: 0.0
Average cosine similarity between gradients: nan
Cosine similarity between gradients: []
