Generating pseudo labels for c data
pseudo label correct rate is 0.8783333333333333
Data statistic {'p': 591, 'b': 600, 'i': 600}
=================================================================
Layer (type:depth-idx)                   Param #
=================================================================
PromptGenerator                          106,496
├─ParameterList: 1-1                     24,576
=================================================================
Total params: 131,072
Trainable params: 131,072
Non-trainable params: 0
=================================================================
PromptGenerator =================================================================
Layer (type:depth-idx)                   Param #
=================================================================
PromptGenerator                          106,496
├─ParameterList: 1-1                     24,576
=================================================================
Total params: 131,072
Trainable params: 131,072
Non-trainable params: 0
=================================================================
name: ctx_cls, shape torch.Size([12, 16, 512]), require grad: True
name: ctx_target, shape torch.Size([1, 16, 512]), require grad: True
name: ctx_source.0, shape torch.Size([1, 16, 512]), require grad: True
name: ctx_source.1, shape torch.Size([1, 16, 512]), require grad: True
name: ctx_source.2, shape torch.Size([1, 16, 512]), require grad: True
Best accuracy so far: 0.8315972222222222, step 1, accuracy 0.8315972222222222
Best accuracy so far: 0.8958333333333334, step 2, accuracy 0.8958333333333334
Best accuracy so far: 0.9201388888888888, step 3, accuracy 0.9201388888888888
Best accuracy so far: 0.9357638888888888, step 4, accuracy 0.9357638888888888
Best accuracy so far: 0.9392361111111112, step 5, accuracy 0.9392361111111112
Best accuracy so far: 0.9461805555555556, step 6, accuracy 0.9461805555555556
Best accuracy so far: 0.9461805555555556, step 7, accuracy 0.9409722222222222
Best accuracy so far: 0.9461805555555556, step 8, accuracy 0.9444444444444444
Best accuracy so far: 0.9496527777777778, step 9, accuracy 0.9496527777777778
Best accuracy so far: 0.9618055555555556, step 10, accuracy 0.9618055555555556
Best accuracy so far: 0.9704861111111112, step 11, accuracy 0.9704861111111112
Best accuracy so far: 0.9774305555555556, step 12, accuracy 0.9774305555555556
Best accuracy so far: 0.9774305555555556, step 13, accuracy 0.9756944444444444
Best accuracy so far: 0.9774305555555556, step 14, accuracy 0.9722222222222222
Best accuracy so far: 0.9774305555555556, step 15, accuracy 0.9548611111111112
Best accuracy so far: 0.9774305555555556, step 16, accuracy 0.9427083333333334
Best accuracy so far: 0.9774305555555556, step 17, accuracy 0.9513888888888888
Best accuracy so far: 0.9774305555555556, step 18, accuracy 0.9444444444444444
Best accuracy so far: 0.9774305555555556, step 19, accuracy 0.9409722222222222
Best accuracy so far: 0.9774305555555556, step 20, accuracy 0.9479166666666666
Best accuracy so far: 0.9774305555555556, step 21, accuracy 0.9409722222222222
Best accuracy so far: 0.9774305555555556, step 22, accuracy 0.9340277777777778
Best accuracy so far: 0.9774305555555556, step 23, accuracy 0.9305555555555556
Best accuracy so far: 0.9774305555555556, step 24, accuracy 0.9305555555555556
Best accuracy so far: 0.9774305555555556, step 25, accuracy 0.9305555555555556
Best accuracy so far: 0.9774305555555556, step 26, accuracy 0.9322916666666666
Best accuracy so far: 0.9774305555555556, step 27, accuracy 0.9253472222222222
Best accuracy so far: 0.9774305555555556, step 28, accuracy 0.9288194444444444
Best accuracy so far: 0.9774305555555556, step 29, accuracy 0.9375
Best accuracy so far: 0.9774305555555556, step 30, accuracy 0.9375
Best accuracy so far: 0.9774305555555556, step 31, accuracy 0.9409722222222222
Best accuracy so far: 0.9774305555555556, step 32, accuracy 0.9479166666666666
Best accuracy so far: 0.9774305555555556, step 33, accuracy 0.9392361111111112
Best accuracy so far: 0.9774305555555556, step 34, accuracy 0.9565972222222222
Best accuracy so far: 0.9774305555555556, step 35, accuracy 0.9565972222222222
Best accuracy so far: 0.9774305555555556, step 36, accuracy 0.9461805555555556
Best accuracy so far: 0.9774305555555556, step 37, accuracy 0.9444444444444444
Best accuracy so far: 0.9774305555555556, step 38, accuracy 0.9479166666666666
Best accuracy so far: 0.9774305555555556, step 39, accuracy 0.9427083333333334
Best accuracy so far: 0.9774305555555556, step 40, accuracy 0.9427083333333334
Best accuracy so far: 0.9774305555555556, step 41, accuracy 0.9409722222222222
Best accuracy so far: 0.9774305555555556, step 42, accuracy 0.9375
Best accuracy so far: 0.9774305555555556, step 43, accuracy 0.9357638888888888
Best accuracy so far: 0.9774305555555556, step 44, accuracy 0.9392361111111112
Best accuracy so far: 0.9774305555555556, step 45, accuracy 0.9375
Best accuracy so far: 0.9774305555555556, step 46, accuracy 0.9322916666666666
Best accuracy so far: 0.9774305555555556, step 47, accuracy 0.9322916666666666
Best accuracy so far: 0.9774305555555556, step 48, accuracy 0.9375
Best accuracy so far: 0.9774305555555556, step 49, accuracy 0.9340277777777778
Best accuracy so far: 0.9774305555555556, step 50, accuracy 0.9340277777777778
Best accuracy so far: 0.9774305555555556, step 51, accuracy 0.9444444444444444
Best accuracy so far: 0.9774305555555556, step 52, accuracy 0.9392361111111112
Best accuracy so far: 0.9774305555555556, step 53, accuracy 0.9270833333333334
Best accuracy so far: 0.9774305555555556, step 54, accuracy 0.9357638888888888
Best accuracy so far: 0.9774305555555556, step 55, accuracy 0.9270833333333334
Best accuracy so far: 0.9774305555555556, step 56, accuracy 0.9409722222222222
Best accuracy so far: 0.9774305555555556, step 57, accuracy 0.9427083333333334
Best accuracy so far: 0.9774305555555556, step 58, accuracy 0.9409722222222222
Best accuracy so far: 0.9774305555555556, step 59, accuracy 0.9340277777777778
Best accuracy so far: 0.9774305555555556, step 60, accuracy 0.9305555555555556
Best accuracy so far: 0.9774305555555556, step 61, accuracy 0.9288194444444444
Best accuracy so far: 0.9774305555555556, step 62, accuracy 0.9305555555555556
Best accuracy so far: 0.9774305555555556, step 63, accuracy 0.921875
Best accuracy so far: 0.9774305555555556, step 64, accuracy 0.9305555555555556
Best accuracy so far: 0.9774305555555556, step 65, accuracy 0.9253472222222222
Best accuracy so far: 0.9774305555555556, step 66, accuracy 0.9288194444444444
Best accuracy so far: 0.9774305555555556, step 67, accuracy 0.9270833333333334
Best accuracy so far: 0.9774305555555556, step 68, accuracy 0.9270833333333334
Best accuracy so far: 0.9774305555555556, step 69, accuracy 0.9288194444444444
Best accuracy so far: 0.9774305555555556, step 70, accuracy 0.9357638888888888
Best accuracy so far: 0.9774305555555556, step 71, accuracy 0.9270833333333334
Best accuracy so far: 0.9774305555555556, step 72, accuracy 0.9357638888888888
Best accuracy so far: 0.9774305555555556, step 73, accuracy 0.9392361111111112
Best accuracy so far: 0.9774305555555556, step 74, accuracy 0.9340277777777778
Best accuracy so far: 0.9774305555555556, step 75, accuracy 0.9375
Best accuracy so far: 0.9774305555555556, step 76, accuracy 0.9305555555555556
Best accuracy so far: 0.9774305555555556, step 77, accuracy 0.9340277777777778
Best accuracy so far: 0.9774305555555556, step 78, accuracy 0.9288194444444444
Best accuracy so far: 0.9774305555555556, step 79, accuracy 0.9270833333333334
Best accuracy so far: 0.9774305555555556, step 80, accuracy 0.9322916666666666
Best accuracy so far: 0.9774305555555556, step 81, accuracy 0.9253472222222222
Best accuracy so far: 0.9774305555555556, step 82, accuracy 0.9357638888888888
Best accuracy so far: 0.9774305555555556, step 83, accuracy 0.9409722222222222
Best accuracy so far: 0.9774305555555556, step 84, accuracy 0.9392361111111112
Best accuracy so far: 0.9774305555555556, step 85, accuracy 0.9392361111111112
Best accuracy so far: 0.9774305555555556, step 86, accuracy 0.9392361111111112
Best accuracy so far: 0.9774305555555556, step 87, accuracy 0.9340277777777778
Best accuracy so far: 0.9774305555555556, step 88, accuracy 0.9409722222222222
Best accuracy so far: 0.9774305555555556, step 89, accuracy 0.9288194444444444
Best accuracy so far: 0.9774305555555556, step 90, accuracy 0.9340277777777778
Best accuracy so far: 0.9774305555555556, step 91, accuracy 0.9288194444444444
Best accuracy so far: 0.9774305555555556, step 92, accuracy 0.9305555555555556
Best accuracy so far: 0.9774305555555556, step 93, accuracy 0.9322916666666666
Best accuracy so far: 0.9774305555555556, step 94, accuracy 0.9305555555555556
Best accuracy so far: 0.9774305555555556, step 95, accuracy 0.9201388888888888
Best accuracy so far: 0.9774305555555556, step 96, accuracy 0.921875
Best accuracy so far: 0.9774305555555556, step 97, accuracy 0.9253472222222222
Best accuracy so far: 0.9774305555555556, step 98, accuracy 0.9253472222222222
Best accuracy so far: 0.9774305555555556, step 99, accuracy 0.9322916666666666
Best accuracy so far: 0.9774305555555556, step 100, accuracy 0.9288194444444444
Best accuracy so far: 0.9774305555555556, step 101, accuracy 0.9340277777777778
Best accuracy so far: 0.9774305555555556, step 102, accuracy 0.9322916666666666
Best accuracy so far: 0.9774305555555556, step 103, accuracy 0.9496527777777778
Best accuracy so far: 0.9774305555555556, step 104, accuracy 0.9444444444444444
Best accuracy so far: 0.9774305555555556, step 105, accuracy 0.9496527777777778
Best accuracy so far: 0.9774305555555556, step 106, accuracy 0.9513888888888888
Best accuracy so far: 0.9774305555555556, step 107, accuracy 0.953125
Best accuracy so far: 0.9774305555555556, step 108, accuracy 0.9479166666666666
Best accuracy so far: 0.9774305555555556, step 109, accuracy 0.9461805555555556
Best accuracy so far: 0.9774305555555556, step 110, accuracy 0.9479166666666666
Best accuracy so far: 0.9774305555555556, step 111, accuracy 0.9427083333333334
Best accuracy so far: 0.9774305555555556, step 112, accuracy 0.9444444444444444
Best accuracy so far: 0.9774305555555556, step 113, accuracy 0.9409722222222222
Best accuracy so far: 0.9774305555555556, step 114, accuracy 0.9375
Best accuracy so far: 0.9774305555555556, step 115, accuracy 0.9270833333333334
Best accuracy so far: 0.9774305555555556, step 116, accuracy 0.9375
Best accuracy so far: 0.9774305555555556, step 117, accuracy 0.9305555555555556
Best accuracy so far: 0.9774305555555556, step 118, accuracy 0.9340277777777778
Best accuracy so far: 0.9774305555555556, step 119, accuracy 0.9375
Best accuracy so far: 0.9774305555555556, step 120, accuracy 0.9375
Best accuracy so far: 0.9774305555555556, step 121, accuracy 0.9444444444444444
Best accuracy so far: 0.9774305555555556, step 122, accuracy 0.9461805555555556
Best accuracy so far: 0.9774305555555556, step 123, accuracy 0.9322916666666666
Best accuracy so far: 0.9774305555555556, step 124, accuracy 0.9392361111111112
Best accuracy so far: 0.9774305555555556, step 125, accuracy 0.9322916666666666
Best accuracy so far: 0.9774305555555556, step 126, accuracy 0.9305555555555556
Best accuracy so far: 0.9774305555555556, step 127, accuracy 0.9427083333333334
Best accuracy so far: 0.9774305555555556, step 128, accuracy 0.9357638888888888
Best accuracy so far: 0.9774305555555556, step 129, accuracy 0.9375
Best accuracy so far: 0.9774305555555556, step 130, accuracy 0.9461805555555556
Best accuracy so far: 0.9774305555555556, step 131, accuracy 0.9444444444444444
Best accuracy so far: 0.9774305555555556, step 132, accuracy 0.9427083333333334
Best accuracy so far: 0.9774305555555556, step 133, accuracy 0.9409722222222222
Best accuracy so far: 0.9774305555555556, step 134, accuracy 0.9340277777777778
Best accuracy so far: 0.9774305555555556, step 135, accuracy 0.9375
Best accuracy so far: 0.9774305555555556, step 136, accuracy 0.9357638888888888
Best accuracy so far: 0.9774305555555556, step 137, accuracy 0.9305555555555556
Best accuracy so far: 0.9774305555555556, step 138, accuracy 0.9427083333333334
Best accuracy so far: 0.9774305555555556, step 139, accuracy 0.9375
Best accuracy so far: 0.9774305555555556, step 140, accuracy 0.9340277777777778
Best accuracy so far: 0.9774305555555556, step 141, accuracy 0.9444444444444444
Best accuracy so far: 0.9774305555555556, step 142, accuracy 0.9444444444444444
Best accuracy so far: 0.9774305555555556, step 143, accuracy 0.9340277777777778
Best accuracy so far: 0.9774305555555556, step 144, accuracy 0.9288194444444444
Best accuracy so far: 0.9774305555555556, step 145, accuracy 0.9305555555555556
Best accuracy so far: 0.9774305555555556, step 146, accuracy 0.9427083333333334
Best accuracy so far: 0.9774305555555556, step 147, accuracy 0.9340277777777778
Best accuracy so far: 0.9774305555555556, step 148, accuracy 0.9270833333333334
Best accuracy so far: 0.9774305555555556, step 149, accuracy 0.9270833333333334
Best accuracy so far: 0.9774305555555556, step 150, accuracy 0.921875
Best accuracy so far: 0.9774305555555556, step 151, accuracy 0.9184027777777778
Best accuracy so far: 0.9774305555555556, step 152, accuracy 0.9288194444444444
Best accuracy so far: 0.9774305555555556, step 153, accuracy 0.9131944444444444
Best accuracy so far: 0.9774305555555556, step 154, accuracy 0.9184027777777778
Best accuracy so far: 0.9774305555555556, step 155, accuracy 0.9236111111111112
Best accuracy so far: 0.9774305555555556, step 156, accuracy 0.9236111111111112
Best accuracy so far: 0.9774305555555556, step 157, accuracy 0.921875
Best accuracy so far: 0.9774305555555556, step 158, accuracy 0.9288194444444444
Best accuracy so far: 0.9774305555555556, step 159, accuracy 0.9375
Best accuracy so far: 0.9774305555555556, step 160, accuracy 0.9357638888888888
Best accuracy so far: 0.9774305555555556, step 161, accuracy 0.9427083333333334
Best accuracy so far: 0.9774305555555556, step 162, accuracy 0.9392361111111112
Best accuracy so far: 0.9774305555555556, step 163, accuracy 0.9392361111111112
Best accuracy so far: 0.9774305555555556, step 164, accuracy 0.9427083333333334
Best accuracy so far: 0.9774305555555556, step 165, accuracy 0.9409722222222222
Best accuracy so far: 0.9774305555555556, step 166, accuracy 0.9392361111111112
Best accuracy so far: 0.9774305555555556, step 167, accuracy 0.9392361111111112
Best accuracy so far: 0.9774305555555556, step 168, accuracy 0.9375
Best accuracy so far: 0.9774305555555556, step 169, accuracy 0.9392361111111112
Best accuracy so far: 0.9774305555555556, step 170, accuracy 0.9340277777777778
Best accuracy so far: 0.9774305555555556, step 171, accuracy 0.9340277777777778
Best accuracy so far: 0.9774305555555556, step 172, accuracy 0.9392361111111112
Best accuracy so far: 0.9774305555555556, step 173, accuracy 0.9340277777777778
Best accuracy so far: 0.9774305555555556, step 174, accuracy 0.9357638888888888
Best accuracy so far: 0.9774305555555556, step 175, accuracy 0.9322916666666666
Best accuracy so far: 0.9774305555555556, step 176, accuracy 0.9357638888888888
Best accuracy so far: 0.9774305555555556, step 177, accuracy 0.9392361111111112
Best accuracy so far: 0.9774305555555556, step 178, accuracy 0.9409722222222222
Best accuracy so far: 0.9774305555555556, step 179, accuracy 0.9427083333333334
Best accuracy so far: 0.9774305555555556, step 180, accuracy 0.9427083333333334
Best accuracy so far: 0.9774305555555556, step 181, accuracy 0.9427083333333334
Best accuracy so far: 0.9774305555555556, step 182, accuracy 0.9444444444444444
Best accuracy so far: 0.9774305555555556, step 183, accuracy 0.9409722222222222
Best accuracy so far: 0.9774305555555556, step 184, accuracy 0.9427083333333334
Best accuracy so far: 0.9774305555555556, step 185, accuracy 0.9479166666666666
Best accuracy so far: 0.9774305555555556, step 186, accuracy 0.9427083333333334
Best accuracy so far: 0.9774305555555556, step 187, accuracy 0.9427083333333334
Best accuracy so far: 0.9774305555555556, step 188, accuracy 0.9427083333333334
Best accuracy so far: 0.9774305555555556, step 189, accuracy 0.9461805555555556
Best accuracy so far: 0.9774305555555556, step 190, accuracy 0.9392361111111112
Best accuracy so far: 0.9774305555555556, step 191, accuracy 0.9392361111111112
Best accuracy so far: 0.9774305555555556, step 192, accuracy 0.9427083333333334
Best accuracy so far: 0.9774305555555556, step 193, accuracy 0.9340277777777778
Best accuracy so far: 0.9774305555555556, step 194, accuracy 0.9375
Best accuracy so far: 0.9774305555555556, step 195, accuracy 0.9375
Best accuracy so far: 0.9774305555555556, step 196, accuracy 0.9357638888888888
Best accuracy so far: 0.9774305555555556, step 197, accuracy 0.9392361111111112
Best accuracy so far: 0.9774305555555556, step 198, accuracy 0.9375
Best accuracy so far: 0.9774305555555556, step 199, accuracy 0.9427083333333334
Best accuracy so far: 0.9774305555555556, step 200, accuracy 0.9340277777777778
Best accuracy so far: 0.9774305555555556, step 201, accuracy 0.9444444444444444
Best accuracy so far: 0.9774305555555556, step 202, accuracy 0.9392361111111112
Best accuracy so far: 0.9774305555555556, step 203, accuracy 0.9392361111111112
Best accuracy so far: 0.9774305555555556, step 204, accuracy 0.9409722222222222
Best accuracy so far: 0.9774305555555556, step 205, accuracy 0.9461805555555556
Best accuracy so far: 0.9774305555555556, step 206, accuracy 0.9409722222222222
Best accuracy so far: 0.9774305555555556, step 207, accuracy 0.9444444444444444
Best accuracy so far: 0.9774305555555556, step 208, accuracy 0.9427083333333334
Best accuracy so far: 0.9774305555555556, step 209, accuracy 0.9427083333333334
Best accuracy so far: 0.9774305555555556, step 210, accuracy 0.9392361111111112
Best accuracy so far: 0.9774305555555556, step 211, accuracy 0.9375
Best accuracy so far: 0.9774305555555556, step 212, accuracy 0.9583333333333334
Best accuracy so far: 0.9774305555555556, step 213, accuracy 0.9392361111111112
Best accuracy so far: 0.9774305555555556, step 214, accuracy 0.9340277777777778
Best accuracy so far: 0.9774305555555556, step 215, accuracy 0.9392361111111112
Best accuracy so far: 0.9774305555555556, step 216, accuracy 0.9496527777777778
Best accuracy so far: 0.9774305555555556, step 217, accuracy 0.9375
Best accuracy so far: 0.9774305555555556, step 218, accuracy 0.9444444444444444
Best accuracy so far: 0.9774305555555556, step 219, accuracy 0.9409722222222222
Best accuracy so far: 0.9774305555555556, step 220, accuracy 0.9444444444444444
Best accuracy so far: 0.9774305555555556, step 221, accuracy 0.9427083333333334
Best accuracy so far: 0.9774305555555556, step 222, accuracy 0.9375
Best accuracy so far: 0.9774305555555556, step 223, accuracy 0.9340277777777778
Best accuracy so far: 0.9774305555555556, step 224, accuracy 0.9427083333333334
Best accuracy so far: 0.9774305555555556, step 225, accuracy 0.9444444444444444
Best accuracy so far: 0.9774305555555556, step 226, accuracy 0.9322916666666666
Best accuracy so far: 0.9774305555555556, step 227, accuracy 0.9444444444444444
Best accuracy so far: 0.9774305555555556, step 228, accuracy 0.9409722222222222
Best accuracy so far: 0.9774305555555556, step 229, accuracy 0.953125
Best accuracy so far: 0.9774305555555556, step 230, accuracy 0.9427083333333334
Best accuracy so far: 0.9774305555555556, step 231, accuracy 0.9409722222222222
Best accuracy so far: 0.9774305555555556, step 232, accuracy 0.9392361111111112
Best accuracy so far: 0.9774305555555556, step 233, accuracy 0.9392361111111112
Best accuracy so far: 0.9774305555555556, step 234, accuracy 0.9375
Best accuracy so far: 0.9774305555555556, step 235, accuracy 0.9392361111111112
Best accuracy so far: 0.9774305555555556, step 236, accuracy 0.9340277777777778
Best accuracy so far: 0.9774305555555556, step 237, accuracy 0.9305555555555556
Best accuracy so far: 0.9774305555555556, step 238, accuracy 0.9392361111111112
Best accuracy so far: 0.9774305555555556, step 239, accuracy 0.9305555555555556
Best accuracy so far: 0.9774305555555556, step 240, accuracy 0.9322916666666666
Best accuracy so far: 0.9774305555555556, step 241, accuracy 0.9375
Best accuracy so far: 0.9774305555555556, step 242, accuracy 0.9375
Best accuracy so far: 0.9774305555555556, step 243, accuracy 0.9479166666666666
Best accuracy so far: 0.9774305555555556, step 244, accuracy 0.9444444444444444
Best accuracy so far: 0.9774305555555556, step 245, accuracy 0.9461805555555556
Best accuracy so far: 0.9774305555555556, step 246, accuracy 0.9427083333333334
Best accuracy so far: 0.9774305555555556, step 247, accuracy 0.9444444444444444
Best accuracy so far: 0.9774305555555556, step 248, accuracy 0.9427083333333334
Best accuracy so far: 0.9774305555555556, step 249, accuracy 0.9409722222222222
Best accuracy so far: 0.9774305555555556, step 250, accuracy 0.9409722222222222
Best accuracy so far: 0.9774305555555556, step 251, accuracy 0.9375
Best accuracy so far: 0.9774305555555556, step 252, accuracy 0.9288194444444444
Best accuracy so far: 0.9774305555555556, step 253, accuracy 0.9236111111111112
Best accuracy so far: 0.9774305555555556, step 254, accuracy 0.9322916666666666
Best accuracy so far: 0.9774305555555556, step 255, accuracy 0.9270833333333334
Best accuracy so far: 0.9774305555555556, step 256, accuracy 0.9288194444444444
Best accuracy so far: 0.9774305555555556, step 257, accuracy 0.9253472222222222
Best accuracy so far: 0.9774305555555556, step 258, accuracy 0.9253472222222222
Best accuracy so far: 0.9774305555555556, step 259, accuracy 0.921875
Best accuracy so far: 0.9774305555555556, step 260, accuracy 0.9236111111111112
Best accuracy so far: 0.9774305555555556, step 261, accuracy 0.9236111111111112
Best accuracy so far: 0.9774305555555556, step 262, accuracy 0.9288194444444444
Best accuracy so far: 0.9774305555555556, step 263, accuracy 0.9340277777777778
Best accuracy so far: 0.9774305555555556, step 264, accuracy 0.9375
Best accuracy so far: 0.9774305555555556, step 265, accuracy 0.9305555555555556
Best accuracy so far: 0.9774305555555556, step 266, accuracy 0.9340277777777778
Best accuracy so far: 0.9774305555555556, step 267, accuracy 0.9375
Best accuracy so far: 0.9774305555555556, step 268, accuracy 0.9357638888888888
Best accuracy so far: 0.9774305555555556, step 269, accuracy 0.9392361111111112
Best accuracy so far: 0.9774305555555556, step 270, accuracy 0.9375
Best accuracy so far: 0.9774305555555556, step 271, accuracy 0.9340277777777778
Best accuracy so far: 0.9774305555555556, step 272, accuracy 0.9357638888888888
Best accuracy so far: 0.9774305555555556, step 273, accuracy 0.9340277777777778
Best accuracy so far: 0.9774305555555556, step 274, accuracy 0.9322916666666666
Best accuracy so far: 0.9774305555555556, step 275, accuracy 0.9322916666666666
Best accuracy so far: 0.9774305555555556, step 276, accuracy 0.9322916666666666
Best accuracy so far: 0.9774305555555556, step 277, accuracy 0.9270833333333334
Best accuracy so far: 0.9774305555555556, step 278, accuracy 0.9305555555555556
Best accuracy so far: 0.9774305555555556, step 279, accuracy 0.9288194444444444
Best accuracy so far: 0.9774305555555556, step 280, accuracy 0.9357638888888888
Best accuracy so far: 0.9774305555555556, step 281, accuracy 0.9305555555555556
Best accuracy so far: 0.9774305555555556, step 282, accuracy 0.9305555555555556
Best accuracy so far: 0.9774305555555556, step 283, accuracy 0.9392361111111112
Best accuracy so far: 0.9774305555555556, step 284, accuracy 0.9392361111111112
Best accuracy so far: 0.9774305555555556, step 285, accuracy 0.9479166666666666
Best accuracy so far: 0.9774305555555556, step 286, accuracy 0.9340277777777778
Best accuracy so far: 0.9774305555555556, step 287, accuracy 0.9375
Best accuracy so far: 0.9774305555555556, step 288, accuracy 0.9357638888888888
Best accuracy so far: 0.9774305555555556, step 289, accuracy 0.9357638888888888
Best accuracy so far: 0.9774305555555556, step 290, accuracy 0.9340277777777778
Best accuracy so far: 0.9774305555555556, step 291, accuracy 0.9305555555555556
Best accuracy so far: 0.9774305555555556, step 292, accuracy 0.9375
Best accuracy so far: 0.9774305555555556, step 293, accuracy 0.9375
Best accuracy so far: 0.9774305555555556, step 294, accuracy 0.9288194444444444
Best accuracy so far: 0.9774305555555556, step 295, accuracy 0.9340277777777778
Best accuracy so far: 0.9774305555555556, step 296, accuracy 0.9305555555555556
Best accuracy so far: 0.9774305555555556, step 297, accuracy 0.9340277777777778
Best accuracy so far: 0.9774305555555556, step 298, accuracy 0.9253472222222222
Best accuracy so far: 0.9774305555555556, step 299, accuracy 0.9270833333333334
Best accuracy so far: 0.9774305555555556, step 300, accuracy 0.9270833333333334
Best accuracy so far: 0.9774305555555556, step 301, accuracy 0.9253472222222222
Best accuracy so far: 0.9774305555555556, step 302, accuracy 0.9305555555555556
Best accuracy so far: 0.9774305555555556, step 303, accuracy 0.9305555555555556
Best accuracy so far: 0.9774305555555556, step 304, accuracy 0.9236111111111112
Best accuracy so far: 0.9774305555555556, step 305, accuracy 0.9322916666666666
Best accuracy so far: 0.9774305555555556, step 306, accuracy 0.9270833333333334
Best accuracy so far: 0.9774305555555556, step 307, accuracy 0.9322916666666666
Best accuracy so far: 0.9774305555555556, step 308, accuracy 0.9288194444444444
Best accuracy so far: 0.9774305555555556, step 309, accuracy 0.9270833333333334
Best accuracy so far: 0.9774305555555556, step 310, accuracy 0.9322916666666666
Best accuracy so far: 0.9774305555555556, step 311, accuracy 0.9305555555555556
Best accuracy so far: 0.9774305555555556, step 312, accuracy 0.9288194444444444
Best accuracy so far: 0.9774305555555556, step 313, accuracy 0.9322916666666666
Best accuracy so far: 0.9774305555555556, step 314, accuracy 0.9270833333333334
Best accuracy so far: 0.9774305555555556, step 315, accuracy 0.9270833333333334
Best accuracy so far: 0.9774305555555556, step 316, accuracy 0.9253472222222222
Best accuracy so far: 0.9774305555555556, step 317, accuracy 0.9253472222222222
Best accuracy so far: 0.9774305555555556, step 318, accuracy 0.9288194444444444
Best accuracy so far: 0.9774305555555556, step 319, accuracy 0.9322916666666666
Best accuracy so far: 0.9774305555555556, step 320, accuracy 0.9305555555555556
Best accuracy so far: 0.9774305555555556, step 321, accuracy 0.9288194444444444
Best accuracy so far: 0.9774305555555556, step 322, accuracy 0.9288194444444444
Best accuracy so far: 0.9774305555555556, step 323, accuracy 0.9322916666666666
Best accuracy so far: 0.9774305555555556, step 324, accuracy 0.9322916666666666
Best accuracy so far: 0.9774305555555556, step 325, accuracy 0.9392361111111112
Best accuracy so far: 0.9774305555555556, step 326, accuracy 0.9305555555555556
Best accuracy so far: 0.9774305555555556, step 327, accuracy 0.9375
Best accuracy so far: 0.9774305555555556, step 328, accuracy 0.9305555555555556
Best accuracy so far: 0.9774305555555556, step 329, accuracy 0.9357638888888888
Best accuracy so far: 0.9774305555555556, step 330, accuracy 0.9305555555555556
Best accuracy so far: 0.9774305555555556, step 331, accuracy 0.9288194444444444
Best accuracy so far: 0.9774305555555556, step 332, accuracy 0.9305555555555556
Best accuracy so far: 0.9774305555555556, step 333, accuracy 0.9270833333333334
Best accuracy so far: 0.9774305555555556, step 334, accuracy 0.9305555555555556
Best accuracy so far: 0.9774305555555556, step 335, accuracy 0.9305555555555556
Best accuracy so far: 0.9774305555555556, step 336, accuracy 0.9288194444444444
Best accuracy so far: 0.9774305555555556, step 337, accuracy 0.9305555555555556
Best accuracy so far: 0.9774305555555556, step 338, accuracy 0.9305555555555556
Best accuracy so far: 0.9774305555555556, step 339, accuracy 0.9322916666666666
Best accuracy so far: 0.9774305555555556, step 340, accuracy 0.9288194444444444
Best accuracy so far: 0.9774305555555556, step 341, accuracy 0.9270833333333334
Best accuracy so far: 0.9774305555555556, step 342, accuracy 0.9305555555555556
Best accuracy so far: 0.9774305555555556, step 343, accuracy 0.9322916666666666
Best accuracy so far: 0.9774305555555556, step 344, accuracy 0.9288194444444444
Best accuracy so far: 0.9774305555555556, step 345, accuracy 0.9305555555555556
Best accuracy so far: 0.9774305555555556, step 346, accuracy 0.9322916666666666
Best accuracy so far: 0.9774305555555556, step 347, accuracy 0.9322916666666666
Best accuracy so far: 0.9774305555555556, step 348, accuracy 0.9270833333333334
Best accuracy so far: 0.9774305555555556, step 349, accuracy 0.9305555555555556
Best accuracy so far: 0.9774305555555556, step 350, accuracy 0.9253472222222222
Best accuracy so far: 0.9774305555555556, step 351, accuracy 0.921875
Best accuracy so far: 0.9774305555555556, step 352, accuracy 0.9288194444444444
Best accuracy so far: 0.9774305555555556, step 353, accuracy 0.9288194444444444
Best accuracy so far: 0.9774305555555556, step 354, accuracy 0.9288194444444444
Best accuracy so far: 0.9774305555555556, step 355, accuracy 0.9305555555555556
Best accuracy so far: 0.9774305555555556, step 356, accuracy 0.9322916666666666
Best accuracy so far: 0.9774305555555556, step 357, accuracy 0.9357638888888888
Best accuracy so far: 0.9774305555555556, step 358, accuracy 0.9375
Best accuracy so far: 0.9774305555555556, step 359, accuracy 0.9357638888888888
Best accuracy so far: 0.9774305555555556, step 360, accuracy 0.9305555555555556
Best accuracy so far: 0.9774305555555556, step 361, accuracy 0.9305555555555556
Best accuracy so far: 0.9774305555555556, step 362, accuracy 0.9322916666666666
Best accuracy so far: 0.9774305555555556, step 363, accuracy 0.9322916666666666
Best accuracy so far: 0.9774305555555556, step 364, accuracy 0.9340277777777778
Best accuracy so far: 0.9774305555555556, step 365, accuracy 0.9357638888888888
Best accuracy so far: 0.9774305555555556, step 366, accuracy 0.9305555555555556
Best accuracy so far: 0.9774305555555556, step 367, accuracy 0.9375
Best accuracy so far: 0.9774305555555556, step 368, accuracy 0.9444444444444444
Best accuracy so far: 0.9774305555555556, step 369, accuracy 0.9392361111111112
Best accuracy so far: 0.9774305555555556, step 370, accuracy 0.9427083333333334
Best accuracy so far: 0.9774305555555556, step 371, accuracy 0.9461805555555556
Best accuracy so far: 0.9774305555555556, step 372, accuracy 0.9375
Best accuracy so far: 0.9774305555555556, step 373, accuracy 0.9357638888888888
Best accuracy so far: 0.9774305555555556, step 374, accuracy 0.9409722222222222
Best accuracy so far: 0.9774305555555556, step 375, accuracy 0.9409722222222222
Best accuracy so far: 0.9774305555555556, step 376, accuracy 0.9375
Best accuracy so far: 0.9774305555555556, step 377, accuracy 0.9392361111111112
Best accuracy so far: 0.9774305555555556, step 378, accuracy 0.9392361111111112
Best accuracy so far: 0.9774305555555556, step 379, accuracy 0.9427083333333334
Best accuracy so far: 0.9774305555555556, step 380, accuracy 0.9427083333333334
Best accuracy so far: 0.9774305555555556, step 381, accuracy 0.9461805555555556
Best accuracy so far: 0.9774305555555556, step 382, accuracy 0.9444444444444444
Best accuracy so far: 0.9774305555555556, step 383, accuracy 0.9427083333333334
Best accuracy so far: 0.9774305555555556, step 384, accuracy 0.9409722222222222
Best accuracy so far: 0.9774305555555556, step 385, accuracy 0.9409722222222222
Best accuracy so far: 0.9774305555555556, step 386, accuracy 0.9392361111111112
Best accuracy so far: 0.9774305555555556, step 387, accuracy 0.9392361111111112
Best accuracy so far: 0.9774305555555556, step 388, accuracy 0.9392361111111112
Best accuracy so far: 0.9774305555555556, step 389, accuracy 0.9409722222222222
Best accuracy so far: 0.9774305555555556, step 390, accuracy 0.9288194444444444
Best accuracy so far: 0.9774305555555556, step 391, accuracy 0.9305555555555556
Best accuracy so far: 0.9774305555555556, step 392, accuracy 0.9357638888888888
Best accuracy so far: 0.9774305555555556, step 393, accuracy 0.9322916666666666
Best accuracy so far: 0.9774305555555556, step 394, accuracy 0.9288194444444444
Best accuracy so far: 0.9774305555555556, step 395, accuracy 0.9340277777777778
Best accuracy so far: 0.9774305555555556, step 396, accuracy 0.9357638888888888
Best accuracy so far: 0.9774305555555556, step 397, accuracy 0.9357638888888888
Best accuracy so far: 0.9774305555555556, step 398, accuracy 0.9322916666666666
Best accuracy so far: 0.9774305555555556, step 399, accuracy 0.9322916666666666
Best accuracy so far: 0.9774305555555556, step 400, accuracy 0.9340277777777778
Best accuracy for each domain: [0.8368055555555556, 0.9774305555555556] Average: 0.9071180555555556
Number of conflicts: 0 Total steps: 400 Conflict rate: 0.0
Average cosine similarity between gradients: nan
Cosine similarity between gradients: []
