Generating pseudo labels for painting data
pseudo label correct rate is 0.5643421903668211
Data statistic {'clipart': 48833, 'infograph': 53201, 'quickdraw': 172500, 'real': 175327, 'sketch': 70386}
=================================================================
Layer (type:depth-idx)                   Param #
=================================================================
PromptGenerator                          2,842,624
=================================================================
Total params: 2,842,624
Trainable params: 2,842,624
Non-trainable params: 0
=================================================================
PromptGenerator =================================================================
Layer (type:depth-idx)                   Param #
=================================================================
PromptGenerator                          2,842,624
=================================================================
Total params: 2,842,624
Trainable params: 2,842,624
Non-trainable params: 0
=================================================================
name: ctx_cls, shape torch.Size([345, 16, 512]), require grad: True
name: ctx_source, shape torch.Size([1, 16, 512]), require grad: True
name: ctx_target, shape torch.Size([1, 16, 512]), require grad: True
Best accuracy so far: 0.6004092409240924, step 500, accuracy 0.6004092409240924
Best accuracy so far: 0.6196699669966996, step 1000, accuracy 0.6196699669966996
Best accuracy so far: 0.6210429042904291, step 1010, accuracy 0.6210429042904291
Best accuracy so far: 0.6275775577557756, step 1020, accuracy 0.6275775577557756
Best accuracy so far: 0.6275775577557756, step 1030, accuracy 0.6134785478547855
Best accuracy so far: 0.6275775577557756, step 1040, accuracy 0.6246864686468647
Best accuracy so far: 0.6275775577557756, step 1050, accuracy 0.6006864686468647
Best accuracy so far: 0.6300594059405941, step 1060, accuracy 0.6300594059405941
Best accuracy so far: 0.6300594059405941, step 1070, accuracy 0.6204356435643564
Best accuracy so far: 0.6300594059405941, step 1080, accuracy 0.6187194719471947
Best accuracy so far: 0.6300594059405941, step 1090, accuracy 0.5945214521452146
Best accuracy so far: 0.6300594059405941, step 1100, accuracy 0.6065742574257426
Best accuracy so far: 0.6300594059405941, step 1110, accuracy 0.6027590759075908
Best accuracy so far: 0.6300594059405941, step 1120, accuracy 0.6191947194719472
Best accuracy so far: 0.6300594059405941, step 1130, accuracy 0.608
Best accuracy so far: 0.6300594059405941, step 1140, accuracy 0.6237491749174917
Best accuracy so far: 0.6300594059405941, step 1150, accuracy 0.6086732673267327
Best accuracy so far: 0.6300594059405941, step 1160, accuracy 0.6125940594059406
Best accuracy so far: 0.6300594059405941, step 1170, accuracy 0.6077359735973598
Best accuracy so far: 0.6300594059405941, step 1180, accuracy 0.6211089108910891
Best accuracy so far: 0.6300594059405941, step 1190, accuracy 0.6133465346534653
Best accuracy so far: 0.6300594059405941, step 1200, accuracy 0.6217161716171618
Best accuracy so far: 0.6300594059405941, step 1210, accuracy 0.6162376237623762
Best accuracy so far: 0.6300594059405941, step 1220, accuracy 0.6188382838283828
Best accuracy so far: 0.6300594059405941, step 1230, accuracy 0.5942574257425742
Best accuracy so far: 0.6300594059405941, step 1240, accuracy 0.6194719471947194
Best accuracy so far: 0.6300594059405941, step 1250, accuracy 0.6184158415841584
Best accuracy so far: 0.6300594059405941, step 1260, accuracy 0.5818349834983498
Best accuracy so far: 0.6300594059405941, step 1270, accuracy 0.6186270627062707
Best accuracy so far: 0.6300594059405941, step 1280, accuracy 0.6243696369636964
Best accuracy so far: 0.6300594059405941, step 1290, accuracy 0.6183366336633663
Best accuracy so far: 0.6300594059405941, step 1300, accuracy 0.6183894389438944
Best accuracy so far: 0.6300594059405941, step 1310, accuracy 0.6205412541254125
Best accuracy so far: 0.6300594059405941, step 1320, accuracy 0.6137557755775578
Best accuracy so far: 0.6300594059405941, step 1330, accuracy 0.6122244224422442
Best accuracy so far: 0.6300594059405941, step 1340, accuracy 0.6110891089108911
Best accuracy so far: 0.6300594059405941, step 1350, accuracy 0.5834059405940594
Best accuracy so far: 0.6300594059405941, step 1360, accuracy 0.5845676567656766
Best accuracy so far: 0.6300594059405941, step 1370, accuracy 0.5964752475247524
Best accuracy so far: 0.6300594059405941, step 1380, accuracy 0.5962112211221122
Best accuracy so far: 0.6300594059405941, step 1390, accuracy 0.6246864686468647
Best accuracy so far: 0.6300594059405941, step 1400, accuracy 0.6091881188118812
Best accuracy so far: 0.6300594059405941, step 1410, accuracy 0.6182838283828382
Best accuracy so far: 0.6300594059405941, step 1420, accuracy 0.6176501650165016
Best accuracy so far: 0.6300594059405941, step 1430, accuracy 0.5961452145214522
Best accuracy so far: 0.6300594059405941, step 1440, accuracy 0.6146402640264026
Best accuracy so far: 0.6300594059405941, step 1450, accuracy 0.6086600660066006
Best accuracy so far: 0.6300594059405941, step 1460, accuracy 0.6069306930693069
Best accuracy so far: 0.6300594059405941, step 1470, accuracy 0.6158811881188119
Best accuracy so far: 0.6300594059405941, step 1480, accuracy 0.6178481848184818
Best accuracy so far: 0.6300594059405941, step 1490, accuracy 0.6213861386138614
Best accuracy so far: 0.6300594059405941, step 1500, accuracy 0.6055313531353135
Best accuracy so far: 0.6300594059405941, step 1510, accuracy 0.5338217821782179
Best accuracy so far: 0.6300594059405941, step 1520, accuracy 0.5685016501650165
Best accuracy so far: 0.6300594059405941, step 1530, accuracy 0.6171485148514851
Best accuracy so far: 0.6300594059405941, step 1540, accuracy 0.6297161716171618
Best accuracy so far: 0.6300594059405941, step 1550, accuracy 0.6227458745874588
Best accuracy so far: 0.6300594059405941, step 1560, accuracy 0.6221518151815182
Best accuracy so far: 0.6300594059405941, step 1570, accuracy 0.6174785478547855
Best accuracy so far: 0.6300594059405941, step 1580, accuracy 0.5771485148514851
Best accuracy so far: 0.6300594059405941, step 1590, accuracy 0.6215577557755776
Best accuracy so far: 0.6300594059405941, step 1600, accuracy 0.6142574257425742
Best accuracy so far: 0.6300594059405941, step 1610, accuracy 0.6116699669966996
Best accuracy so far: 0.6300594059405941, step 1620, accuracy 0.6162772277227723
Best accuracy so far: 0.6300594059405941, step 1630, accuracy 0.6173201320132014
Best accuracy so far: 0.6300594059405941, step 1640, accuracy 0.6076699669966996
Best accuracy so far: 0.6300594059405941, step 1650, accuracy 0.6218217821782178
Best accuracy so far: 0.6300594059405941, step 1660, accuracy 0.627009900990099
Best accuracy so far: 0.6300594059405941, step 1670, accuracy 0.6047392739273927
Best accuracy so far: 0.6300594059405941, step 1680, accuracy 0.6200528052805281
Best accuracy so far: 0.6300594059405941, step 1690, accuracy 0.6255049504950495
Best accuracy so far: 0.6300594059405941, step 1700, accuracy 0.6242376237623762
Best accuracy so far: 0.6300594059405941, step 1710, accuracy 0.6203828382838283
Best accuracy so far: 0.6300594059405941, step 1720, accuracy 0.6197623762376238
Best accuracy so far: 0.6300594059405941, step 1730, accuracy 0.6144554455445544
Best accuracy so far: 0.6300594059405941, step 1740, accuracy 0.6177161716171617
Best accuracy so far: 0.6300594059405941, step 1750, accuracy 0.6221254125412541
Best accuracy so far: 0.6300594059405941, step 1760, accuracy 0.575089108910891
Best accuracy so far: 0.6300594059405941, step 1770, accuracy 0.6131881188118812
Best accuracy so far: 0.6300594059405941, step 1780, accuracy 0.6182838283828382
Best accuracy so far: 0.6300594059405941, step 1790, accuracy 0.6164488448844885
Best accuracy so far: 0.6300594059405941, step 1800, accuracy 0.6273663366336634
Best accuracy so far: 0.6300594059405941, step 1810, accuracy 0.6218217821782178
Best accuracy so far: 0.6300594059405941, step 1820, accuracy 0.6257029702970297
Best accuracy so far: 0.6300594059405941, step 1830, accuracy 0.6119207920792079
Best accuracy so far: 0.6300594059405941, step 1840, accuracy 0.6057161716171617
Best accuracy so far: 0.6300594059405941, step 1850, accuracy 0.6137821782178218
Best accuracy so far: 0.6300594059405941, step 1860, accuracy 0.6152211221122112
Best accuracy so far: 0.6300594059405941, step 1870, accuracy 0.6233531353135313
Best accuracy so far: 0.6300594059405941, step 1880, accuracy 0.6193399339933994
Best accuracy so far: 0.6300594059405941, step 1890, accuracy 0.6015973597359736
Best accuracy so far: 0.6300594059405941, step 1900, accuracy 0.6257953795379538
Best accuracy so far: 0.6300594059405941, step 1910, accuracy 0.588
Best accuracy so far: 0.6300594059405941, step 1920, accuracy 0.6213729372937293
Best accuracy so far: 0.6300594059405941, step 1930, accuracy 0.6147458745874588
Best accuracy so far: 0.6300594059405941, step 1940, accuracy 0.6094257425742574
Best accuracy so far: 0.6300594059405941, step 1950, accuracy 0.592039603960396
Best accuracy so far: 0.6300594059405941, step 1960, accuracy 0.5960264026402641
Best accuracy so far: 0.6300594059405941, step 1970, accuracy 0.6155379537953796
Best accuracy so far: 0.6300594059405941, step 1980, accuracy 0.6203960396039604
Best accuracy so far: 0.6300594059405941, step 1990, accuracy 0.5996171617161716
Best accuracy so far: 0.6300594059405941, step 2000, accuracy 0.6083432343234323
Best accuracy so far: 0.6300594059405941, step 2010, accuracy 0.610996699669967
Best accuracy so far: 0.6300594059405941, step 2020, accuracy 0.6175709570957095
Best accuracy so far: 0.6300594059405941, step 2030, accuracy 0.6161848184818481
Best accuracy so far: 0.6300594059405941, step 2040, accuracy 0.6229174917491749
Best accuracy so far: 0.6300594059405941, step 2050, accuracy 0.6123960396039604
Best accuracy so far: 0.6300594059405941, step 2060, accuracy 0.6187326732673267
Best accuracy so far: 0.6300594059405941, step 2070, accuracy 0.6103894389438944
Best accuracy so far: 0.6300594059405941, step 2080, accuracy 0.6135973597359736
Best accuracy so far: 0.6300594059405941, step 2090, accuracy 0.617029702970297
Best accuracy so far: 0.6300594059405941, step 2100, accuracy 0.6196039603960396
Best accuracy so far: 0.6300594059405941, step 2110, accuracy 0.6219009900990099
Best accuracy so far: 0.6300594059405941, step 2120, accuracy 0.6201848184818481
Best accuracy so far: 0.6300594059405941, step 2130, accuracy 0.6195115511551155
Best accuracy so far: 0.6300594059405941, step 2140, accuracy 0.6218877887788778
Best accuracy so far: 0.6300594059405941, step 2150, accuracy 0.6194323432343234
Best accuracy so far: 0.6300594059405941, step 2160, accuracy 0.6270627062706271
Best accuracy so far: 0.630970297029703, step 2170, accuracy 0.630970297029703
Best accuracy so far: 0.630970297029703, step 2180, accuracy 0.6251221122112212
Best accuracy so far: 0.630970297029703, step 2190, accuracy 0.6213729372937293
Best accuracy so far: 0.630970297029703, step 2200, accuracy 0.6199075907590759
Best accuracy so far: 0.630970297029703, step 2210, accuracy 0.6166732673267327
Best accuracy so far: 0.630970297029703, step 2220, accuracy 0.607075907590759
Best accuracy so far: 0.630970297029703, step 2230, accuracy 0.6049504950495049
Best accuracy so far: 0.630970297029703, step 2240, accuracy 0.6237887788778878
Best accuracy so far: 0.630970297029703, step 2250, accuracy 0.6133597359735974
Best accuracy so far: 0.630970297029703, step 2260, accuracy 0.624990099009901
Best accuracy so far: 0.630970297029703, step 2270, accuracy 0.6081716171617162
Best accuracy so far: 0.630970297029703, step 2280, accuracy 0.614943894389439
Best accuracy so far: 0.630970297029703, step 2290, accuracy 0.6287128712871287
Best accuracy so far: 0.630970297029703, step 2300, accuracy 0.6270231023102311
Best accuracy so far: 0.630970297029703, step 2310, accuracy 0.603986798679868
Best accuracy so far: 0.630970297029703, step 2320, accuracy 0.6154851485148515
Best accuracy so far: 0.630970297029703, step 2330, accuracy 0.6104290429042905
Best accuracy so far: 0.630970297029703, step 2340, accuracy 0.618059405940594
Best accuracy so far: 0.630970297029703, step 2350, accuracy 0.6207524752475247
Best accuracy so far: 0.630970297029703, step 2360, accuracy 0.619049504950495
Best accuracy so far: 0.630970297029703, step 2370, accuracy 0.6168844884488449
Best accuracy so far: 0.630970297029703, step 2380, accuracy 0.6176105610561056
Best accuracy so far: 0.630970297029703, step 2390, accuracy 0.6031815181518152
Best accuracy so far: 0.630970297029703, step 2400, accuracy 0.6242772277227723
Best accuracy so far: 0.630970297029703, step 2410, accuracy 0.6194719471947194
Best accuracy so far: 0.630970297029703, step 2420, accuracy 0.6240528052805281
Best accuracy so far: 0.630970297029703, step 2430, accuracy 0.6092541254125412
Best accuracy so far: 0.630970297029703, step 2440, accuracy 0.6198679867986798
Best accuracy so far: 0.630970297029703, step 2450, accuracy 0.6097425742574257
Best accuracy so far: 0.630970297029703, step 2460, accuracy 0.6242508250825083
Best accuracy so far: 0.630970297029703, step 2470, accuracy 0.62806600660066
Best accuracy so far: 0.6334917491749175, step 2480, accuracy 0.6334917491749175
Best accuracy so far: 0.6334917491749175, step 2490, accuracy 0.5999603960396039
Best accuracy so far: 0.6334917491749175, step 2500, accuracy 0.6179405940594059
Best accuracy so far: 0.6334917491749175, step 2510, accuracy 0.6331881188118812
Best accuracy so far: 0.6334917491749175, step 2520, accuracy 0.6204092409240924
Best accuracy so far: 0.6334917491749175, step 2530, accuracy 0.6308250825082509
Best accuracy so far: 0.6334917491749175, step 2540, accuracy 0.6233399339933994
Best accuracy so far: 0.6334917491749175, step 2550, accuracy 0.6188382838283828
Best accuracy so far: 0.6334917491749175, step 2560, accuracy 0.6257821782178218
Best accuracy so far: 0.6334917491749175, step 2570, accuracy 0.6166204620462046
Best accuracy so far: 0.6334917491749175, step 2580, accuracy 0.6168052805280528
Best accuracy so far: 0.6334917491749175, step 2590, accuracy 0.594983498349835
Best accuracy so far: 0.6334917491749175, step 2600, accuracy 0.6257161716171618
Best accuracy so far: 0.6334917491749175, step 2610, accuracy 0.6142574257425742
Best accuracy so far: 0.6334917491749175, step 2620, accuracy 0.6135709570957095
Best accuracy so far: 0.6334917491749175, step 2630, accuracy 0.6229570957095709
Best accuracy so far: 0.6334917491749175, step 2640, accuracy 0.6217161716171618
Best accuracy so far: 0.6334917491749175, step 2650, accuracy 0.6015445544554455
Best accuracy so far: 0.6334917491749175, step 2660, accuracy 0.6152079207920792
Best accuracy so far: 0.6334917491749175, step 2670, accuracy 0.621029702970297
Best accuracy so far: 0.6334917491749175, step 2680, accuracy 0.6238547854785479
Best accuracy so far: 0.6334917491749175, step 2690, accuracy 0.6226930693069307
Best accuracy so far: 0.6334917491749175, step 2700, accuracy 0.6162112211221122
Best accuracy so far: 0.6334917491749175, step 2710, accuracy 0.6269174917491749
Best accuracy so far: 0.6334917491749175, step 2720, accuracy 0.6215973597359736
Best accuracy so far: 0.6334917491749175, step 2730, accuracy 0.6137821782178218
Best accuracy so far: 0.6334917491749175, step 2740, accuracy 0.6225346534653465
Best accuracy so far: 0.6334917491749175, step 2750, accuracy 0.6142046204620462
Best accuracy so far: 0.6334917491749175, step 2760, accuracy 0.6221782178217822
Best accuracy so far: 0.6334917491749175, step 2770, accuracy 0.618943894389439
Best accuracy so far: 0.6334917491749175, step 2780, accuracy 0.6151683168316832
Best accuracy so far: 0.6334917491749175, step 2790, accuracy 0.620963696369637
Best accuracy so far: 0.6334917491749175, step 2800, accuracy 0.6191419141914192
Best accuracy so far: 0.6334917491749175, step 2810, accuracy 0.6064686468646865
Best accuracy so far: 0.6334917491749175, step 2820, accuracy 0.6020066006600661
Best accuracy so far: 0.6334917491749175, step 2830, accuracy 0.6168580858085808
Best accuracy so far: 0.6334917491749175, step 2840, accuracy 0.6225874587458746
Best accuracy so far: 0.6334917491749175, step 2850, accuracy 0.605003300330033
Best accuracy so far: 0.6334917491749175, step 2860, accuracy 0.6237491749174917
Best accuracy so far: 0.6334917491749175, step 2870, accuracy 0.6218481848184818
Best accuracy so far: 0.6334917491749175, step 2880, accuracy 0.5893993399339934
Best accuracy so far: 0.6334917491749175, step 2890, accuracy 0.6235511551155115
Best accuracy so far: 0.6334917491749175, step 2900, accuracy 0.6187590759075907
Best accuracy so far: 0.6334917491749175, step 2910, accuracy 0.6005808580858086
Best accuracy so far: 0.6334917491749175, step 2920, accuracy 0.6127788778877887
Best accuracy so far: 0.6334917491749175, step 2930, accuracy 0.6210693069306931
Best accuracy so far: 0.6334917491749175, step 2940, accuracy 0.6253465346534653
Best accuracy so far: 0.6334917491749175, step 2950, accuracy 0.6168580858085808
Best accuracy so far: 0.6334917491749175, step 2960, accuracy 0.6254521452145214
Best accuracy so far: 0.6334917491749175, step 2970, accuracy 0.6255577557755776
Best accuracy so far: 0.6334917491749175, step 2980, accuracy 0.6211221122112212
Best accuracy so far: 0.6334917491749175, step 2990, accuracy 0.626006600660066
Best accuracy so far: 0.6334917491749175, step 3000, accuracy 0.6218613861386139
Best accuracy so far: 0.6334917491749175, step 3010, accuracy 0.6134521452145214
Best accuracy so far: 0.6334917491749175, step 3020, accuracy 0.6196303630363036
Best accuracy so far: 0.6334917491749175, step 3030, accuracy 0.6318151815181519
Best accuracy so far: 0.6334917491749175, step 3040, accuracy 0.6252805280528053
Best accuracy so far: 0.6334917491749175, step 3050, accuracy 0.6232079207920792
Best accuracy so far: 0.6334917491749175, step 3060, accuracy 0.6166600660066006
Best accuracy so far: 0.6334917491749175, step 3070, accuracy 0.6141254125412541
Best accuracy so far: 0.6334917491749175, step 3080, accuracy 0.618943894389439
Best accuracy so far: 0.6334917491749175, step 3090, accuracy 0.6217953795379538
Best accuracy so far: 0.6334917491749175, step 3100, accuracy 0.6227986798679868
Best accuracy so far: 0.6334917491749175, step 3110, accuracy 0.6256633663366337
Best accuracy so far: 0.6334917491749175, step 3120, accuracy 0.6138745874587459
Best accuracy so far: 0.6334917491749175, step 3130, accuracy 0.6231947194719472
Best accuracy so far: 0.6334917491749175, step 3140, accuracy 0.6192343234323432
Best accuracy so far: 0.6334917491749175, step 3150, accuracy 0.6248580858085808
Best accuracy so far: 0.6334917491749175, step 3160, accuracy 0.6247128712871287
Best accuracy so far: 0.6334917491749175, step 3170, accuracy 0.6157095709570957
Best accuracy so far: 0.6334917491749175, step 3180, accuracy 0.628963696369637
Best accuracy so far: 0.6334917491749175, step 3190, accuracy 0.6171353135313531
Best accuracy so far: 0.6334917491749175, step 3200, accuracy 0.6247920792079208
Best accuracy so far: 0.6334917491749175, step 3210, accuracy 0.6236963696369637
Best accuracy so far: 0.6334917491749175, step 3220, accuracy 0.6227326732673267
Best accuracy so far: 0.6334917491749175, step 3230, accuracy 0.5796699669966997
Best accuracy so far: 0.6334917491749175, step 3240, accuracy 0.621980198019802
Best accuracy so far: 0.6334917491749175, step 3250, accuracy 0.6277623762376238
Best accuracy so far: 0.6334917491749175, step 3260, accuracy 0.6092937293729372
Best accuracy so far: 0.6334917491749175, step 3270, accuracy 0.6198547854785479
Best accuracy so far: 0.6334917491749175, step 3280, accuracy 0.6216897689768976
Best accuracy so far: 0.6334917491749175, step 3290, accuracy 0.61606600660066
Best accuracy so far: 0.6334917491749175, step 3300, accuracy 0.6171353135313531
Best accuracy so far: 0.6334917491749175, step 3310, accuracy 0.6154059405940594
Best accuracy so far: 0.6334917491749175, step 3320, accuracy 0.6267458745874588
Best accuracy so far: 0.6334917491749175, step 3330, accuracy 0.6214785478547855
Best accuracy so far: 0.6334917491749175, step 3340, accuracy 0.6321848184818482
Best accuracy so far: 0.6334917491749175, step 3350, accuracy 0.6216765676567657
Best accuracy so far: 0.6334917491749175, step 3360, accuracy 0.6061122112211221
Best accuracy so far: 0.6334917491749175, step 3370, accuracy 0.6206204620462046
Best accuracy so far: 0.6334917491749175, step 3380, accuracy 0.621016501650165
Best accuracy so far: 0.6334917491749175, step 3390, accuracy 0.6142706270627063
Best accuracy so far: 0.6334917491749175, step 3400, accuracy 0.5984026402640265
Best accuracy so far: 0.6334917491749175, step 3410, accuracy 0.617993399339934
Best accuracy so far: 0.6334917491749175, step 3420, accuracy 0.6184950495049505
Best accuracy so far: 0.6334917491749175, step 3430, accuracy 0.6262970297029703
Best accuracy so far: 0.6334917491749175, step 3440, accuracy 0.6276303630363036
Best accuracy so far: 0.6334917491749175, step 3450, accuracy 0.6187590759075907
Best accuracy so far: 0.6334917491749175, step 3460, accuracy 0.6171881188118812
Best accuracy so far: 0.6334917491749175, step 3470, accuracy 0.593953795379538
Best accuracy so far: 0.6334917491749175, step 3480, accuracy 0.61993399339934
Best accuracy so far: 0.6334917491749175, step 3490, accuracy 0.6175313531353135
Best accuracy so far: 0.6334917491749175, step 3500, accuracy 0.6035247524752475
Best accuracy so far: 0.6334917491749175, step 3510, accuracy 0.6113531353135313
Best accuracy so far: 0.6334917491749175, step 3520, accuracy 0.622085808580858
Best accuracy so far: 0.6334917491749175, step 3530, accuracy 0.6174521452145214
Best accuracy so far: 0.6334917491749175, step 3540, accuracy 0.6168184818481848
Best accuracy so far: 0.6334917491749175, step 3550, accuracy 0.6222970297029703
Best accuracy so far: 0.6334917491749175, step 3560, accuracy 0.6163960396039604
Best accuracy so far: 0.6334917491749175, step 3570, accuracy 0.619023102310231
Best accuracy so far: 0.6334917491749175, step 3580, accuracy 0.6199075907590759
Best accuracy so far: 0.6334917491749175, step 3590, accuracy 0.6146930693069307
Best accuracy so far: 0.6334917491749175, step 3600, accuracy 0.6115247524752475
Best accuracy so far: 0.6334917491749175, step 3610, accuracy 0.6259009900990099
Best accuracy so far: 0.6334917491749175, step 3620, accuracy 0.6191287128712871
Best accuracy so far: 0.6334917491749175, step 3630, accuracy 0.628026402640264
Best accuracy so far: 0.6334917491749175, step 3640, accuracy 0.6284620462046204
Best accuracy so far: 0.6334917491749175, step 3650, accuracy 0.6203432343234323
Best accuracy so far: 0.6334917491749175, step 3660, accuracy 0.6292277227722772
Best accuracy so far: 0.6334917491749175, step 3670, accuracy 0.6158547854785479
Best accuracy so far: 0.6334917491749175, step 3680, accuracy 0.6268382838283828
Best accuracy so far: 0.6334917491749175, step 3690, accuracy 0.6301122112211222
Best accuracy so far: 0.6334917491749175, step 3700, accuracy 0.586943894389439
Best accuracy so far: 0.6334917491749175, step 3710, accuracy 0.5574521452145215
Best accuracy so far: 0.6334917491749175, step 3720, accuracy 0.6213201320132014
Best accuracy so far: 0.6334917491749175, step 3730, accuracy 0.6267590759075907
Best accuracy so far: 0.6334917491749175, step 3740, accuracy 0.6294785478547855
Best accuracy so far: 0.6334917491749175, step 3750, accuracy 0.5965016501650166
Best accuracy so far: 0.6334917491749175, step 3760, accuracy 0.605069306930693
Best accuracy so far: 0.6334917491749175, step 3770, accuracy 0.6298085808580858
Best accuracy so far: 0.6334917491749175, step 3780, accuracy 0.6176369636963697
Best accuracy so far: 0.6334917491749175, step 3790, accuracy 0.6234587458745875
Best accuracy so far: 0.6334917491749175, step 3800, accuracy 0.6234983498349835
