Generating pseudo labels for clipart data
pseudo label correct rate is 0.5058419243986254
Data statistic {'art': 2427, 'product': 4439, 'real_world': 4357}
=================================================================
Layer (type:depth-idx)                   Param #
=================================================================
PromptGenerator                          540,672
├─ParameterList: 1-1                     24,576
=================================================================
Total params: 565,248
Trainable params: 565,248
Non-trainable params: 0
=================================================================
PromptGenerator =================================================================
Layer (type:depth-idx)                   Param #
=================================================================
PromptGenerator                          540,672
├─ParameterList: 1-1                     24,576
=================================================================
Total params: 565,248
Trainable params: 565,248
Non-trainable params: 0
=================================================================
name: ctx_cls, shape torch.Size([65, 16, 512]), require grad: True
name: ctx_target, shape torch.Size([1, 16, 512]), require grad: True
name: ctx_source.0, shape torch.Size([1, 16, 512]), require grad: True
name: ctx_source.1, shape torch.Size([1, 16, 512]), require grad: True
name: ctx_source.2, shape torch.Size([1, 16, 512]), require grad: True
Best accuracy so far: 0.3157169117647059, step 1, accuracy 0.3157169117647059
Best accuracy so far: 0.39338235294117646, step 2, accuracy 0.39338235294117646
Best accuracy so far: 0.43795955882352944, step 3, accuracy 0.43795955882352944
Best accuracy so far: 0.48552389705882354, step 4, accuracy 0.48552389705882354
Best accuracy so far: 0.5135569852941176, step 5, accuracy 0.5135569852941176
Best accuracy so far: 0.5172334558823529, step 6, accuracy 0.5172334558823529
Best accuracy so far: 0.5319393382352942, step 7, accuracy 0.5319393382352942
Best accuracy so far: 0.5319393382352942, step 8, accuracy 0.5284926470588235
Best accuracy so far: 0.5319393382352942, step 9, accuracy 0.5291819852941176
Best accuracy so far: 0.5360753676470589, step 10, accuracy 0.5360753676470589
Best accuracy so far: 0.5450367647058824, step 11, accuracy 0.5450367647058824
Best accuracy so far: 0.5574448529411765, step 12, accuracy 0.5574448529411765
Best accuracy so far: 0.5634191176470589, step 13, accuracy 0.5634191176470589
Best accuracy so far: 0.5634191176470589, step 14, accuracy 0.5625
Best accuracy so far: 0.5634191176470589, step 15, accuracy 0.5627297794117647
Best accuracy so far: 0.5634191176470589, step 16, accuracy 0.5620404411764706
Best accuracy so far: 0.5677849264705882, step 17, accuracy 0.5677849264705882
Best accuracy so far: 0.5693933823529411, step 18, accuracy 0.5693933823529411
Best accuracy so far: 0.5772058823529411, step 19, accuracy 0.5772058823529411
Best accuracy so far: 0.5863970588235294, step 20, accuracy 0.5863970588235294
Best accuracy so far: 0.5877757352941176, step 21, accuracy 0.5877757352941176
Best accuracy so far: 0.5877757352941176, step 22, accuracy 0.5870863970588235
Best accuracy so far: 0.5877757352941176, step 23, accuracy 0.5863970588235294
Best accuracy so far: 0.5877757352941176, step 24, accuracy 0.5822610294117647
Best accuracy so far: 0.5877757352941176, step 25, accuracy 0.5824908088235294
Best accuracy so far: 0.5877757352941176, step 26, accuracy 0.5818014705882353
Best accuracy so far: 0.5877757352941176, step 27, accuracy 0.5843290441176471
Best accuracy so far: 0.5877757352941176, step 28, accuracy 0.5854779411764706
Best accuracy so far: 0.5877757352941176, step 29, accuracy 0.5877757352941176
Best accuracy so far: 0.5932904411764706, step 30, accuracy 0.5932904411764706
Best accuracy so far: 0.5932904411764706, step 31, accuracy 0.5923713235294118
Best accuracy so far: 0.5978860294117647, step 32, accuracy 0.5978860294117647
Best accuracy so far: 0.5983455882352942, step 33, accuracy 0.5983455882352942
Best accuracy so far: 0.5983455882352942, step 34, accuracy 0.5974264705882353
Best accuracy so far: 0.5983455882352942, step 35, accuracy 0.5967371323529411
Best accuracy so far: 0.5983455882352942, step 36, accuracy 0.5939797794117647
Best accuracy so far: 0.5983455882352942, step 37, accuracy 0.5960477941176471
Best accuracy so far: 0.5983455882352942, step 38, accuracy 0.5974264705882353
Best accuracy so far: 0.5988051470588235, step 39, accuracy 0.5988051470588235
Best accuracy so far: 0.6040900735294118, step 40, accuracy 0.6040900735294118
Best accuracy so far: 0.6070772058823529, step 41, accuracy 0.6070772058823529
Best accuracy so far: 0.6096047794117647, step 42, accuracy 0.6096047794117647
Best accuracy so far: 0.6096047794117647, step 43, accuracy 0.6079963235294118
Best accuracy so far: 0.6096047794117647, step 44, accuracy 0.6086856617647058
Best accuracy so far: 0.6130514705882353, step 45, accuracy 0.6130514705882353
Best accuracy so far: 0.6130514705882353, step 46, accuracy 0.6123621323529411
Best accuracy so far: 0.6130514705882353, step 47, accuracy 0.6130514705882353
Best accuracy so far: 0.6160386029411765, step 48, accuracy 0.6160386029411765
Best accuracy so far: 0.6183363970588235, step 49, accuracy 0.6183363970588235
Best accuracy so far: 0.6183363970588235, step 50, accuracy 0.6160386029411765
Best accuracy so far: 0.6183363970588235, step 51, accuracy 0.6174172794117647
Best accuracy so far: 0.6208639705882353, step 52, accuracy 0.6208639705882353
Best accuracy so far: 0.6284466911764706, step 53, accuracy 0.6284466911764706
Best accuracy so far: 0.6284466911764706, step 54, accuracy 0.6272977941176471
Best accuracy so far: 0.6293658088235294, step 55, accuracy 0.6293658088235294
Best accuracy so far: 0.6305147058823529, step 56, accuracy 0.6305147058823529
Best accuracy so far: 0.6305147058823529, step 57, accuracy 0.6254595588235294
Best accuracy so far: 0.6305147058823529, step 58, accuracy 0.6261488970588235
Best accuracy so far: 0.6305147058823529, step 59, accuracy 0.6217830882352942
Best accuracy so far: 0.6305147058823529, step 60, accuracy 0.6238511029411765
Best accuracy so far: 0.6305147058823529, step 61, accuracy 0.6220128676470589
Best accuracy so far: 0.6305147058823529, step 62, accuracy 0.6217830882352942
Best accuracy so far: 0.6305147058823529, step 63, accuracy 0.6215533088235294
Best accuracy so far: 0.6305147058823529, step 64, accuracy 0.6190257352941176
Best accuracy so far: 0.6305147058823529, step 65, accuracy 0.6148897058823529
Best accuracy so far: 0.6305147058823529, step 66, accuracy 0.6119025735294118
Best accuracy so far: 0.6305147058823529, step 67, accuracy 0.6123621323529411
Best accuracy so far: 0.6305147058823529, step 68, accuracy 0.6128216911764706
Best accuracy so far: 0.6305147058823529, step 69, accuracy 0.6100643382352942
Best accuracy so far: 0.6305147058823529, step 70, accuracy 0.6068474264705882
Best accuracy so far: 0.6305147058823529, step 71, accuracy 0.6043198529411765
Best accuracy so far: 0.6305147058823529, step 72, accuracy 0.6116727941176471
Best accuracy so far: 0.6305147058823529, step 73, accuracy 0.6139705882352942
Best accuracy so far: 0.6305147058823529, step 74, accuracy 0.6181066176470589
Best accuracy so far: 0.6305147058823529, step 75, accuracy 0.6169577205882353
Best accuracy so far: 0.6305147058823529, step 76, accuracy 0.6167279411764706
Best accuracy so far: 0.6305147058823529, step 77, accuracy 0.6158088235294118
Best accuracy so far: 0.6305147058823529, step 78, accuracy 0.6194852941176471
Best accuracy so far: 0.6305147058823529, step 79, accuracy 0.6252297794117647
Best accuracy so far: 0.6305147058823529, step 80, accuracy 0.6298253676470589
Best accuracy so far: 0.6305147058823529, step 81, accuracy 0.6298253676470589
Best accuracy so far: 0.6351102941176471, step 82, accuracy 0.6351102941176471
Best accuracy so far: 0.6357996323529411, step 83, accuracy 0.6357996323529411
Best accuracy so far: 0.6360294117647058, step 84, accuracy 0.6360294117647058
Best accuracy so far: 0.6380974264705882, step 85, accuracy 0.6380974264705882
Best accuracy so far: 0.6380974264705882, step 86, accuracy 0.6357996323529411
Best accuracy so far: 0.6380974264705882, step 87, accuracy 0.6351102941176471
Best accuracy so far: 0.6380974264705882, step 88, accuracy 0.6330422794117647
Best accuracy so far: 0.6380974264705882, step 89, accuracy 0.6323529411764706
Best accuracy so far: 0.6380974264705882, step 90, accuracy 0.6270680147058824
Best accuracy so far: 0.6380974264705882, step 91, accuracy 0.6245404411764706
Best accuracy so far: 0.6380974264705882, step 92, accuracy 0.6190257352941176
Best accuracy so far: 0.6380974264705882, step 93, accuracy 0.6119025735294118
Best accuracy so far: 0.6380974264705882, step 94, accuracy 0.6029411764705882
Best accuracy so far: 0.6380974264705882, step 95, accuracy 0.6004136029411765
Best accuracy so far: 0.6380974264705882, step 96, accuracy 0.6008731617647058
Best accuracy so far: 0.6380974264705882, step 97, accuracy 0.6017922794117647
Best accuracy so far: 0.6380974264705882, step 98, accuracy 0.5992647058823529
Best accuracy so far: 0.6380974264705882, step 99, accuracy 0.6004136029411765
Best accuracy so far: 0.6380974264705882, step 100, accuracy 0.6040900735294118
Best accuracy so far: 0.6380974264705882, step 101, accuracy 0.6004136029411765
Best accuracy so far: 0.6380974264705882, step 102, accuracy 0.5999540441176471
Best accuracy so far: 0.6380974264705882, step 103, accuracy 0.6050091911764706
Best accuracy so far: 0.6380974264705882, step 104, accuracy 0.6052389705882353
Best accuracy so far: 0.6380974264705882, step 105, accuracy 0.6063878676470589
Best accuracy so far: 0.6380974264705882, step 106, accuracy 0.6061580882352942
Best accuracy so far: 0.6380974264705882, step 107, accuracy 0.6059283088235294
Best accuracy so far: 0.6380974264705882, step 108, accuracy 0.6075367647058824
Best accuracy so far: 0.6380974264705882, step 109, accuracy 0.6102941176470589
Best accuracy so far: 0.6380974264705882, step 110, accuracy 0.6091452205882353
Best accuracy so far: 0.6380974264705882, step 111, accuracy 0.6075367647058824
Best accuracy so far: 0.6380974264705882, step 112, accuracy 0.6068474264705882
Best accuracy so far: 0.6380974264705882, step 113, accuracy 0.6079963235294118
Best accuracy so far: 0.6380974264705882, step 114, accuracy 0.60546875
Best accuracy so far: 0.6380974264705882, step 115, accuracy 0.6029411764705882
Best accuracy so far: 0.6380974264705882, step 116, accuracy 0.6022518382352942
Best accuracy so far: 0.6380974264705882, step 117, accuracy 0.6008731617647058
Best accuracy so far: 0.6380974264705882, step 118, accuracy 0.6013327205882353
Best accuracy so far: 0.6380974264705882, step 119, accuracy 0.6034007352941176
Best accuracy so far: 0.6380974264705882, step 120, accuracy 0.6008731617647058
Best accuracy so far: 0.6380974264705882, step 121, accuracy 0.6015625
Best accuracy so far: 0.6380974264705882, step 122, accuracy 0.6001838235294118
Best accuracy so far: 0.6380974264705882, step 123, accuracy 0.5962775735294118
Best accuracy so far: 0.6380974264705882, step 124, accuracy 0.5935202205882353
Best accuracy so far: 0.6380974264705882, step 125, accuracy 0.58984375
Best accuracy so far: 0.6380974264705882, step 126, accuracy 0.5875459558823529
Best accuracy so far: 0.6380974264705882, step 127, accuracy 0.5811121323529411
Best accuracy so far: 0.6380974264705882, step 128, accuracy 0.5801930147058824
Best accuracy so far: 0.6380974264705882, step 129, accuracy 0.5762867647058824
Best accuracy so far: 0.6380974264705882, step 130, accuracy 0.5737591911764706
Best accuracy so far: 0.6380974264705882, step 131, accuracy 0.578125
Best accuracy so far: 0.6380974264705882, step 132, accuracy 0.5760569852941176
Best accuracy so far: 0.6380974264705882, step 133, accuracy 0.5778952205882353
Best accuracy so far: 0.6380974264705882, step 134, accuracy 0.5767463235294118
Best accuracy so far: 0.6380974264705882, step 135, accuracy 0.5753676470588235
Best accuracy so far: 0.6380974264705882, step 136, accuracy 0.5753676470588235
Best accuracy so far: 0.6380974264705882, step 137, accuracy 0.5776654411764706
Best accuracy so far: 0.6380974264705882, step 138, accuracy 0.5744485294117647
Best accuracy so far: 0.6380974264705882, step 139, accuracy 0.5737591911764706
Best accuracy so far: 0.6380974264705882, step 140, accuracy 0.5677849264705882
Best accuracy so far: 0.6380974264705882, step 141, accuracy 0.5746783088235294
Best accuracy so far: 0.6380974264705882, step 142, accuracy 0.5749080882352942
Best accuracy so far: 0.6380974264705882, step 143, accuracy 0.5778952205882353
Best accuracy so far: 0.6380974264705882, step 144, accuracy 0.5760569852941176
Best accuracy so far: 0.6380974264705882, step 145, accuracy 0.5795036764705882
Best accuracy so far: 0.6380974264705882, step 146, accuracy 0.5767463235294118
Best accuracy so far: 0.6380974264705882, step 147, accuracy 0.5797334558823529
Best accuracy so far: 0.6380974264705882, step 148, accuracy 0.5790441176470589
Best accuracy so far: 0.6380974264705882, step 149, accuracy 0.5774356617647058
Best accuracy so far: 0.6380974264705882, step 150, accuracy 0.5818014705882353
Best accuracy so far: 0.6380974264705882, step 151, accuracy 0.5778952205882353
Best accuracy so far: 0.6380974264705882, step 152, accuracy 0.5804227941176471
Best accuracy so far: 0.6380974264705882, step 153, accuracy 0.5797334558823529
Best accuracy so far: 0.6380974264705882, step 154, accuracy 0.5824908088235294
Best accuracy so far: 0.6380974264705882, step 155, accuracy 0.5804227941176471
Best accuracy so far: 0.6380974264705882, step 156, accuracy 0.5753676470588235
Best accuracy so far: 0.6380974264705882, step 157, accuracy 0.5772058823529411
Best accuracy so far: 0.6380974264705882, step 158, accuracy 0.5818014705882353
Best accuracy so far: 0.6380974264705882, step 159, accuracy 0.5845588235294118
Best accuracy so far: 0.6380974264705882, step 160, accuracy 0.5818014705882353
Best accuracy so far: 0.6380974264705882, step 161, accuracy 0.5818014705882353
Best accuracy so far: 0.6380974264705882, step 162, accuracy 0.5813419117647058
Best accuracy so far: 0.6380974264705882, step 163, accuracy 0.5827205882352942
Best accuracy so far: 0.6380974264705882, step 164, accuracy 0.5868566176470589
Best accuracy so far: 0.6380974264705882, step 165, accuracy 0.5880055147058824
Best accuracy so far: 0.6380974264705882, step 166, accuracy 0.5861672794117647
Best accuracy so far: 0.6380974264705882, step 167, accuracy 0.5880055147058824
Best accuracy so far: 0.6380974264705882, step 168, accuracy 0.5880055147058824
Best accuracy so far: 0.6380974264705882, step 169, accuracy 0.5884650735294118
Best accuracy so far: 0.6380974264705882, step 170, accuracy 0.5923713235294118
Best accuracy so far: 0.6380974264705882, step 171, accuracy 0.5868566176470589
Best accuracy so far: 0.6380974264705882, step 172, accuracy 0.5838694852941176
Best accuracy so far: 0.6380974264705882, step 173, accuracy 0.5834099264705882
Best accuracy so far: 0.6380974264705882, step 174, accuracy 0.5840992647058824
Best accuracy so far: 0.6380974264705882, step 175, accuracy 0.5850183823529411
Best accuracy so far: 0.6380974264705882, step 176, accuracy 0.5843290441176471
Best accuracy so far: 0.6380974264705882, step 177, accuracy 0.5829503676470589
Best accuracy so far: 0.6380974264705882, step 178, accuracy 0.5797334558823529
Best accuracy so far: 0.6380974264705882, step 179, accuracy 0.5769761029411765
Best accuracy so far: 0.6380974264705882, step 180, accuracy 0.5801930147058824
Best accuracy so far: 0.6380974264705882, step 181, accuracy 0.5776654411764706
Best accuracy so far: 0.6380974264705882, step 182, accuracy 0.5767463235294118
Best accuracy so far: 0.6380974264705882, step 183, accuracy 0.5712316176470589
Best accuracy so far: 0.6380974264705882, step 184, accuracy 0.5668658088235294
Best accuracy so far: 0.6380974264705882, step 185, accuracy 0.5668658088235294
Best accuracy so far: 0.6380974264705882, step 186, accuracy 0.5641084558823529
Best accuracy so far: 0.6380974264705882, step 187, accuracy 0.5636488970588235
Best accuracy so far: 0.6380974264705882, step 188, accuracy 0.5654871323529411
Best accuracy so far: 0.6380974264705882, step 189, accuracy 0.5629595588235294
Best accuracy so far: 0.6380974264705882, step 190, accuracy 0.5647977941176471
Best accuracy so far: 0.6380974264705882, step 191, accuracy 0.56640625
Best accuracy so far: 0.6380974264705882, step 192, accuracy 0.5670955882352942
Best accuracy so far: 0.6380974264705882, step 193, accuracy 0.5691636029411765
Best accuracy so far: 0.6380974264705882, step 194, accuracy 0.5726102941176471
Best accuracy so far: 0.6380974264705882, step 195, accuracy 0.5721507352941176
Best accuracy so far: 0.6380974264705882, step 196, accuracy 0.5723805147058824
Best accuracy so far: 0.6380974264705882, step 197, accuracy 0.5728400735294118
Best accuracy so far: 0.6380974264705882, step 198, accuracy 0.5735294117647058
Best accuracy so far: 0.6380974264705882, step 199, accuracy 0.5726102941176471
Best accuracy so far: 0.6380974264705882, step 200, accuracy 0.5712316176470589
Best accuracy so far: 0.6380974264705882, step 201, accuracy 0.5735294117647058
Best accuracy so far: 0.6380974264705882, step 202, accuracy 0.5726102941176471
Best accuracy so far: 0.6380974264705882, step 203, accuracy 0.5726102941176471
Best accuracy so far: 0.6380974264705882, step 204, accuracy 0.5714613970588235
Best accuracy so far: 0.6380974264705882, step 205, accuracy 0.5721507352941176
Best accuracy so far: 0.6380974264705882, step 206, accuracy 0.5719209558823529
Best accuracy so far: 0.6380974264705882, step 207, accuracy 0.5705422794117647
Best accuracy so far: 0.6380974264705882, step 208, accuracy 0.5728400735294118
Best accuracy so far: 0.6380974264705882, step 209, accuracy 0.5705422794117647
Best accuracy so far: 0.6380974264705882, step 210, accuracy 0.5721507352941176
Best accuracy so far: 0.6380974264705882, step 211, accuracy 0.5703125
Best accuracy so far: 0.6380974264705882, step 212, accuracy 0.5684742647058824
Best accuracy so far: 0.6380974264705882, step 213, accuracy 0.5682444852941176
Best accuracy so far: 0.6380974264705882, step 214, accuracy 0.5680147058823529
Best accuracy so far: 0.6380974264705882, step 215, accuracy 0.5650275735294118
Best accuracy so far: 0.6380974264705882, step 216, accuracy 0.5670955882352942
Best accuracy so far: 0.6380974264705882, step 217, accuracy 0.5728400735294118
Best accuracy so far: 0.6380974264705882, step 218, accuracy 0.5700827205882353
Best accuracy so far: 0.6380974264705882, step 219, accuracy 0.5728400735294118
Best accuracy so far: 0.6380974264705882, step 220, accuracy 0.5744485294117647
Best accuracy so far: 0.6380974264705882, step 221, accuracy 0.5767463235294118
Best accuracy so far: 0.6380974264705882, step 222, accuracy 0.5753676470588235
Best accuracy so far: 0.6380974264705882, step 223, accuracy 0.5732996323529411
Best accuracy so far: 0.6380974264705882, step 224, accuracy 0.5762867647058824
Best accuracy so far: 0.6380974264705882, step 225, accuracy 0.5719209558823529
Best accuracy so far: 0.6380974264705882, step 226, accuracy 0.5737591911764706
Best accuracy so far: 0.6380974264705882, step 227, accuracy 0.5723805147058824
Best accuracy so far: 0.6380974264705882, step 228, accuracy 0.5755974264705882
Best accuracy so far: 0.6380974264705882, step 229, accuracy 0.5730698529411765
Best accuracy so far: 0.6380974264705882, step 230, accuracy 0.5714613970588235
Best accuracy so far: 0.6380974264705882, step 231, accuracy 0.5732996323529411
Best accuracy so far: 0.6380974264705882, step 232, accuracy 0.5760569852941176
Best accuracy so far: 0.6380974264705882, step 233, accuracy 0.5730698529411765
Best accuracy so far: 0.6380974264705882, step 234, accuracy 0.5739889705882353
Best accuracy so far: 0.6380974264705882, step 235, accuracy 0.5749080882352942
Best accuracy so far: 0.6380974264705882, step 236, accuracy 0.5765165441176471
Best accuracy so far: 0.6380974264705882, step 237, accuracy 0.5746783088235294
Best accuracy so far: 0.6380974264705882, step 238, accuracy 0.5739889705882353
Best accuracy so far: 0.6380974264705882, step 239, accuracy 0.5746783088235294
Best accuracy so far: 0.6380974264705882, step 240, accuracy 0.5744485294117647
Best accuracy so far: 0.6380974264705882, step 241, accuracy 0.5723805147058824
Best accuracy so far: 0.6380974264705882, step 242, accuracy 0.5726102941176471
Best accuracy so far: 0.6380974264705882, step 243, accuracy 0.5721507352941176
Best accuracy so far: 0.6380974264705882, step 244, accuracy 0.5739889705882353
Best accuracy so far: 0.6380974264705882, step 245, accuracy 0.5762867647058824
Best accuracy so far: 0.6380974264705882, step 246, accuracy 0.5760569852941176
Best accuracy so far: 0.6380974264705882, step 247, accuracy 0.5758272058823529
Best accuracy so far: 0.6380974264705882, step 248, accuracy 0.5749080882352942
Best accuracy so far: 0.6380974264705882, step 249, accuracy 0.5744485294117647
Best accuracy so far: 0.6380974264705882, step 250, accuracy 0.5767463235294118
Best accuracy so far: 0.6380974264705882, step 251, accuracy 0.5767463235294118
Best accuracy so far: 0.6380974264705882, step 252, accuracy 0.5772058823529411
Best accuracy so far: 0.6380974264705882, step 253, accuracy 0.5772058823529411
Best accuracy so far: 0.6380974264705882, step 254, accuracy 0.5772058823529411
Best accuracy so far: 0.6380974264705882, step 255, accuracy 0.5758272058823529
Best accuracy so far: 0.6380974264705882, step 256, accuracy 0.5758272058823529
Best accuracy so far: 0.6380974264705882, step 257, accuracy 0.5760569852941176
Best accuracy so far: 0.6380974264705882, step 258, accuracy 0.5774356617647058
Best accuracy so far: 0.6380974264705882, step 259, accuracy 0.5749080882352942
Best accuracy so far: 0.6380974264705882, step 260, accuracy 0.5767463235294118
Best accuracy so far: 0.6380974264705882, step 261, accuracy 0.5749080882352942
Best accuracy so far: 0.6380974264705882, step 262, accuracy 0.5728400735294118
Best accuracy so far: 0.6380974264705882, step 263, accuracy 0.5735294117647058
Best accuracy so far: 0.6380974264705882, step 264, accuracy 0.5728400735294118
Best accuracy so far: 0.6380974264705882, step 265, accuracy 0.57421875
Best accuracy so far: 0.6380974264705882, step 266, accuracy 0.5730698529411765
Best accuracy so far: 0.6380974264705882, step 267, accuracy 0.5719209558823529
Best accuracy so far: 0.6380974264705882, step 268, accuracy 0.5735294117647058
Best accuracy so far: 0.6380974264705882, step 269, accuracy 0.5753676470588235
Best accuracy so far: 0.6380974264705882, step 270, accuracy 0.5772058823529411
Best accuracy so far: 0.6380974264705882, step 271, accuracy 0.5719209558823529
Best accuracy so far: 0.6380974264705882, step 272, accuracy 0.5726102941176471
Best accuracy so far: 0.6380974264705882, step 273, accuracy 0.57421875
Best accuracy so far: 0.6380974264705882, step 274, accuracy 0.5746783088235294
Best accuracy so far: 0.6380974264705882, step 275, accuracy 0.5765165441176471
Best accuracy so far: 0.6380974264705882, step 276, accuracy 0.5765165441176471
Best accuracy so far: 0.6380974264705882, step 277, accuracy 0.5760569852941176
Best accuracy so far: 0.6380974264705882, step 278, accuracy 0.5788143382352942
Best accuracy so far: 0.6380974264705882, step 279, accuracy 0.5769761029411765
Best accuracy so far: 0.6380974264705882, step 280, accuracy 0.5758272058823529
Best accuracy so far: 0.6380974264705882, step 281, accuracy 0.5760569852941176
Best accuracy so far: 0.6380974264705882, step 282, accuracy 0.5785845588235294
Best accuracy so far: 0.6380974264705882, step 283, accuracy 0.5767463235294118
Best accuracy so far: 0.6380974264705882, step 284, accuracy 0.5772058823529411
Best accuracy so far: 0.6380974264705882, step 285, accuracy 0.5755974264705882
Best accuracy so far: 0.6380974264705882, step 286, accuracy 0.5769761029411765
Best accuracy so far: 0.6380974264705882, step 287, accuracy 0.5772058823529411
Best accuracy so far: 0.6380974264705882, step 288, accuracy 0.5776654411764706
Best accuracy so far: 0.6380974264705882, step 289, accuracy 0.5776654411764706
Best accuracy so far: 0.6380974264705882, step 290, accuracy 0.5795036764705882
Best accuracy so far: 0.6380974264705882, step 291, accuracy 0.5795036764705882
Best accuracy so far: 0.6380974264705882, step 292, accuracy 0.5799632352941176
Best accuracy so far: 0.6380974264705882, step 293, accuracy 0.5778952205882353
Best accuracy so far: 0.6380974264705882, step 294, accuracy 0.58203125
Best accuracy so far: 0.6380974264705882, step 295, accuracy 0.5818014705882353
Best accuracy so far: 0.6380974264705882, step 296, accuracy 0.5795036764705882
Best accuracy so far: 0.6380974264705882, step 297, accuracy 0.5808823529411765
Best accuracy so far: 0.6380974264705882, step 298, accuracy 0.5811121323529411
Best accuracy so far: 0.6380974264705882, step 299, accuracy 0.5795036764705882
Best accuracy so far: 0.6380974264705882, step 300, accuracy 0.5808823529411765
Best accuracy so far: 0.6380974264705882, step 301, accuracy 0.5813419117647058
Best accuracy so far: 0.6380974264705882, step 302, accuracy 0.5804227941176471
Best accuracy so far: 0.6380974264705882, step 303, accuracy 0.5799632352941176
Best accuracy so far: 0.6380974264705882, step 304, accuracy 0.5795036764705882
Best accuracy so far: 0.6380974264705882, step 305, accuracy 0.5783547794117647
Best accuracy so far: 0.6380974264705882, step 306, accuracy 0.5792738970588235
Best accuracy so far: 0.6380974264705882, step 307, accuracy 0.5790441176470589
Best accuracy so far: 0.6380974264705882, step 308, accuracy 0.5827205882352942
Best accuracy so far: 0.6380974264705882, step 309, accuracy 0.5859375
Best accuracy so far: 0.6380974264705882, step 310, accuracy 0.5845588235294118
Best accuracy so far: 0.6380974264705882, step 311, accuracy 0.5850183823529411
Best accuracy so far: 0.6380974264705882, step 312, accuracy 0.5797334558823529
Best accuracy so far: 0.6380974264705882, step 313, accuracy 0.5813419117647058
Best accuracy so far: 0.6380974264705882, step 314, accuracy 0.5843290441176471
Best accuracy so far: 0.6380974264705882, step 315, accuracy 0.5801930147058824
Best accuracy so far: 0.6380974264705882, step 316, accuracy 0.5811121323529411
Best accuracy so far: 0.6380974264705882, step 317, accuracy 0.5813419117647058
Best accuracy so far: 0.6380974264705882, step 318, accuracy 0.5774356617647058
Best accuracy so far: 0.6380974264705882, step 319, accuracy 0.5790441176470589
Best accuracy so far: 0.6380974264705882, step 320, accuracy 0.5801930147058824
Best accuracy so far: 0.6380974264705882, step 321, accuracy 0.5811121323529411
Best accuracy so far: 0.6380974264705882, step 322, accuracy 0.5797334558823529
Best accuracy so far: 0.6380974264705882, step 323, accuracy 0.5804227941176471
Best accuracy so far: 0.6380974264705882, step 324, accuracy 0.5811121323529411
Best accuracy so far: 0.6380974264705882, step 325, accuracy 0.5808823529411765
Best accuracy so far: 0.6380974264705882, step 326, accuracy 0.5818014705882353
Best accuracy so far: 0.6380974264705882, step 327, accuracy 0.5806525735294118
Best accuracy so far: 0.6380974264705882, step 328, accuracy 0.5778952205882353
Best accuracy so far: 0.6380974264705882, step 329, accuracy 0.5778952205882353
Best accuracy so far: 0.6380974264705882, step 330, accuracy 0.5755974264705882
Best accuracy so far: 0.6380974264705882, step 331, accuracy 0.5749080882352942
Best accuracy so far: 0.6380974264705882, step 332, accuracy 0.5739889705882353
Best accuracy so far: 0.6380974264705882, step 333, accuracy 0.5710018382352942
Best accuracy so far: 0.6380974264705882, step 334, accuracy 0.5739889705882353
Best accuracy so far: 0.6380974264705882, step 335, accuracy 0.5721507352941176
Best accuracy so far: 0.6380974264705882, step 336, accuracy 0.5723805147058824
Best accuracy so far: 0.6380974264705882, step 337, accuracy 0.5721507352941176
Best accuracy so far: 0.6380974264705882, step 338, accuracy 0.5710018382352942
Best accuracy so far: 0.6380974264705882, step 339, accuracy 0.5716911764705882
Best accuracy so far: 0.6380974264705882, step 340, accuracy 0.5719209558823529
Best accuracy so far: 0.6380974264705882, step 341, accuracy 0.5716911764705882
Best accuracy so far: 0.6380974264705882, step 342, accuracy 0.5726102941176471
Best accuracy so far: 0.6380974264705882, step 343, accuracy 0.5735294117647058
Best accuracy so far: 0.6380974264705882, step 344, accuracy 0.5712316176470589
Best accuracy so far: 0.6380974264705882, step 345, accuracy 0.5735294117647058
Best accuracy so far: 0.6380974264705882, step 346, accuracy 0.5721507352941176
Best accuracy so far: 0.6380974264705882, step 347, accuracy 0.5728400735294118
Best accuracy so far: 0.6380974264705882, step 348, accuracy 0.5716911764705882
Best accuracy so far: 0.6380974264705882, step 349, accuracy 0.5714613970588235
Best accuracy so far: 0.6380974264705882, step 350, accuracy 0.5710018382352942
Best accuracy so far: 0.6380974264705882, step 351, accuracy 0.5723805147058824
Best accuracy so far: 0.6380974264705882, step 352, accuracy 0.5737591911764706
Best accuracy so far: 0.6380974264705882, step 353, accuracy 0.5753676470588235
Best accuracy so far: 0.6380974264705882, step 354, accuracy 0.5735294117647058
Best accuracy so far: 0.6380974264705882, step 355, accuracy 0.5739889705882353
Best accuracy so far: 0.6380974264705882, step 356, accuracy 0.5753676470588235
Best accuracy so far: 0.6380974264705882, step 357, accuracy 0.57421875
Best accuracy so far: 0.6380974264705882, step 358, accuracy 0.5755974264705882
Best accuracy so far: 0.6380974264705882, step 359, accuracy 0.5739889705882353
Best accuracy so far: 0.6380974264705882, step 360, accuracy 0.5726102941176471
Best accuracy so far: 0.6380974264705882, step 361, accuracy 0.5749080882352942
Best accuracy so far: 0.6380974264705882, step 362, accuracy 0.5732996323529411
Best accuracy so far: 0.6380974264705882, step 363, accuracy 0.57421875
Best accuracy so far: 0.6380974264705882, step 364, accuracy 0.5751378676470589
Best accuracy so far: 0.6380974264705882, step 365, accuracy 0.57421875
Best accuracy so far: 0.6380974264705882, step 366, accuracy 0.5730698529411765
Best accuracy so far: 0.6380974264705882, step 367, accuracy 0.5721507352941176
Best accuracy so far: 0.6380974264705882, step 368, accuracy 0.5744485294117647
Best accuracy so far: 0.6380974264705882, step 369, accuracy 0.5739889705882353
Best accuracy so far: 0.6380974264705882, step 370, accuracy 0.5712316176470589
Best accuracy so far: 0.6380974264705882, step 371, accuracy 0.5693933823529411
Best accuracy so far: 0.6380974264705882, step 372, accuracy 0.5675551470588235
Best accuracy so far: 0.6380974264705882, step 373, accuracy 0.5668658088235294
Best accuracy so far: 0.6380974264705882, step 374, accuracy 0.5668658088235294
Best accuracy so far: 0.6380974264705882, step 375, accuracy 0.5680147058823529
Best accuracy so far: 0.6380974264705882, step 376, accuracy 0.5677849264705882
Best accuracy so far: 0.6380974264705882, step 377, accuracy 0.5657169117647058
Best accuracy so far: 0.6380974264705882, step 378, accuracy 0.5682444852941176
Best accuracy so far: 0.6380974264705882, step 379, accuracy 0.5666360294117647
Best accuracy so far: 0.6380974264705882, step 380, accuracy 0.5696231617647058
Best accuracy so far: 0.6380974264705882, step 381, accuracy 0.5647977941176471
Best accuracy so far: 0.6380974264705882, step 382, accuracy 0.5675551470588235
Best accuracy so far: 0.6380974264705882, step 383, accuracy 0.5659466911764706
Best accuracy so far: 0.6380974264705882, step 384, accuracy 0.56640625
Best accuracy so far: 0.6380974264705882, step 385, accuracy 0.56640625
Best accuracy so far: 0.6380974264705882, step 386, accuracy 0.5659466911764706
Best accuracy so far: 0.6380974264705882, step 387, accuracy 0.5682444852941176
Best accuracy so far: 0.6380974264705882, step 388, accuracy 0.5693933823529411
Best accuracy so far: 0.6380974264705882, step 389, accuracy 0.5684742647058824
Best accuracy so far: 0.6380974264705882, step 390, accuracy 0.5687040441176471
Best accuracy so far: 0.6380974264705882, step 391, accuracy 0.5661764705882353
Best accuracy so far: 0.6380974264705882, step 392, accuracy 0.5689338235294118
Best accuracy so far: 0.6380974264705882, step 393, accuracy 0.5689338235294118
Best accuracy so far: 0.6380974264705882, step 394, accuracy 0.5698529411764706
Best accuracy so far: 0.6380974264705882, step 395, accuracy 0.5691636029411765
Best accuracy so far: 0.6380974264705882, step 396, accuracy 0.5680147058823529
Best accuracy so far: 0.6380974264705882, step 397, accuracy 0.5677849264705882
Best accuracy so far: 0.6380974264705882, step 398, accuracy 0.5682444852941176
Best accuracy so far: 0.6380974264705882, step 399, accuracy 0.5687040441176471
Best accuracy so far: 0.6380974264705882, step 400, accuracy 0.5723805147058824
Best accuracy so far: 0.6380974264705882, step 401, accuracy 0.5705422794117647
Best accuracy so far: 0.6380974264705882, step 402, accuracy 0.5707720588235294
Best accuracy so far: 0.6380974264705882, step 403, accuracy 0.5673253676470589
Best accuracy so far: 0.6380974264705882, step 404, accuracy 0.5673253676470589
Best accuracy so far: 0.6380974264705882, step 405, accuracy 0.5689338235294118
Best accuracy so far: 0.6380974264705882, step 406, accuracy 0.5689338235294118
Best accuracy so far: 0.6380974264705882, step 407, accuracy 0.5675551470588235
Best accuracy so far: 0.6380974264705882, step 408, accuracy 0.5675551470588235
Best accuracy so far: 0.6380974264705882, step 409, accuracy 0.5677849264705882
Best accuracy so far: 0.6380974264705882, step 410, accuracy 0.5687040441176471
Best accuracy so far: 0.6380974264705882, step 411, accuracy 0.5670955882352942
Best accuracy so far: 0.6380974264705882, step 412, accuracy 0.5659466911764706
Best accuracy so far: 0.6380974264705882, step 413, accuracy 0.5645680147058824
Best accuracy so far: 0.6380974264705882, step 414, accuracy 0.5668658088235294
Best accuracy so far: 0.6380974264705882, step 415, accuracy 0.5636488970588235
Best accuracy so far: 0.6380974264705882, step 416, accuracy 0.5645680147058824
Best accuracy so far: 0.6380974264705882, step 417, accuracy 0.5643382352941176
Best accuracy so far: 0.6380974264705882, step 418, accuracy 0.5629595588235294
Best accuracy so far: 0.6380974264705882, step 419, accuracy 0.5659466911764706
Best accuracy so far: 0.6380974264705882, step 420, accuracy 0.5659466911764706
Best accuracy so far: 0.6380974264705882, step 421, accuracy 0.5675551470588235
Best accuracy so far: 0.6380974264705882, step 422, accuracy 0.5682444852941176
Best accuracy so far: 0.6380974264705882, step 423, accuracy 0.5670955882352942
Best accuracy so far: 0.6380974264705882, step 424, accuracy 0.5670955882352942
Best accuracy so far: 0.6380974264705882, step 425, accuracy 0.5659466911764706
Best accuracy so far: 0.6380974264705882, step 426, accuracy 0.5638786764705882
Best accuracy so far: 0.6380974264705882, step 427, accuracy 0.5641084558823529
Best accuracy so far: 0.6380974264705882, step 428, accuracy 0.56640625
Best accuracy so far: 0.6380974264705882, step 429, accuracy 0.5670955882352942
Best accuracy so far: 0.6380974264705882, step 430, accuracy 0.5654871323529411
Best accuracy so far: 0.6380974264705882, step 431, accuracy 0.5684742647058824
Best accuracy so far: 0.6380974264705882, step 432, accuracy 0.5684742647058824
Best accuracy so far: 0.6380974264705882, step 433, accuracy 0.5677849264705882
Best accuracy so far: 0.6380974264705882, step 434, accuracy 0.56640625
Best accuracy so far: 0.6380974264705882, step 435, accuracy 0.5668658088235294
Best accuracy so far: 0.6380974264705882, step 436, accuracy 0.5684742647058824
Best accuracy so far: 0.6380974264705882, step 437, accuracy 0.5691636029411765
Best accuracy so far: 0.6380974264705882, step 438, accuracy 0.5705422794117647
Best accuracy so far: 0.6380974264705882, step 439, accuracy 0.5698529411764706
Best accuracy so far: 0.6380974264705882, step 440, accuracy 0.5696231617647058
Best accuracy so far: 0.6380974264705882, step 441, accuracy 0.5687040441176471
Best accuracy so far: 0.6380974264705882, step 442, accuracy 0.5689338235294118
Best accuracy so far: 0.6380974264705882, step 443, accuracy 0.5714613970588235
Best accuracy so far: 0.6380974264705882, step 444, accuracy 0.5693933823529411
Best accuracy so far: 0.6380974264705882, step 445, accuracy 0.5666360294117647
Best accuracy so far: 0.6380974264705882, step 446, accuracy 0.5654871323529411
Best accuracy so far: 0.6380974264705882, step 447, accuracy 0.5661764705882353
Best accuracy so far: 0.6380974264705882, step 448, accuracy 0.5643382352941176
Best accuracy so far: 0.6380974264705882, step 449, accuracy 0.5618106617647058
Best accuracy so far: 0.6380974264705882, step 450, accuracy 0.5613511029411765
Best accuracy so far: 0.6380974264705882, step 451, accuracy 0.5647977941176471
Best accuracy so far: 0.6380974264705882, step 452, accuracy 0.5654871323529411
Best accuracy so far: 0.6380974264705882, step 453, accuracy 0.5650275735294118
Best accuracy so far: 0.6380974264705882, step 454, accuracy 0.5638786764705882
Best accuracy so far: 0.6380974264705882, step 455, accuracy 0.5647977941176471
Best accuracy so far: 0.6380974264705882, step 456, accuracy 0.5661764705882353
Best accuracy so far: 0.6380974264705882, step 457, accuracy 0.5645680147058824
Best accuracy so far: 0.6380974264705882, step 458, accuracy 0.5631893382352942
Best accuracy so far: 0.6380974264705882, step 459, accuracy 0.5645680147058824
Best accuracy so far: 0.6380974264705882, step 460, accuracy 0.5643382352941176
Best accuracy so far: 0.6380974264705882, step 461, accuracy 0.5650275735294118
Best accuracy so far: 0.6380974264705882, step 462, accuracy 0.5645680147058824
Best accuracy so far: 0.6380974264705882, step 463, accuracy 0.5650275735294118
Best accuracy so far: 0.6380974264705882, step 464, accuracy 0.5654871323529411
Best accuracy so far: 0.6380974264705882, step 465, accuracy 0.5631893382352942
Best accuracy so far: 0.6380974264705882, step 466, accuracy 0.5673253676470589
Best accuracy so far: 0.6380974264705882, step 467, accuracy 0.5657169117647058
Best accuracy so far: 0.6380974264705882, step 468, accuracy 0.5666360294117647
Best accuracy so far: 0.6380974264705882, step 469, accuracy 0.5668658088235294
Best accuracy so far: 0.6380974264705882, step 470, accuracy 0.5675551470588235
Best accuracy so far: 0.6380974264705882, step 471, accuracy 0.5622702205882353
Best accuracy so far: 0.6380974264705882, step 472, accuracy 0.5654871323529411
Best accuracy so far: 0.6380974264705882, step 473, accuracy 0.5661764705882353
Best accuracy so far: 0.6380974264705882, step 474, accuracy 0.5627297794117647
Best accuracy so far: 0.6380974264705882, step 475, accuracy 0.5629595588235294
Best accuracy so far: 0.6380974264705882, step 476, accuracy 0.5613511029411765
Best accuracy so far: 0.6380974264705882, step 477, accuracy 0.5631893382352942
Best accuracy so far: 0.6380974264705882, step 478, accuracy 0.5627297794117647
Best accuracy so far: 0.6380974264705882, step 479, accuracy 0.5615808823529411
Best accuracy so far: 0.6380974264705882, step 480, accuracy 0.5583639705882353
Best accuracy so far: 0.6380974264705882, step 481, accuracy 0.5604319852941176
Best accuracy so far: 0.6380974264705882, step 482, accuracy 0.5611213235294118
Best accuracy so far: 0.6380974264705882, step 483, accuracy 0.5622702205882353
Best accuracy so far: 0.6380974264705882, step 484, accuracy 0.5652573529411765
Best accuracy so far: 0.6380974264705882, step 485, accuracy 0.5636488970588235
Best accuracy so far: 0.6380974264705882, step 486, accuracy 0.5631893382352942
Best accuracy so far: 0.6380974264705882, step 487, accuracy 0.5627297794117647
Best accuracy so far: 0.6380974264705882, step 488, accuracy 0.5625
Best accuracy so far: 0.6380974264705882, step 489, accuracy 0.5611213235294118
Best accuracy so far: 0.6380974264705882, step 490, accuracy 0.5579044117647058
Best accuracy so far: 0.6380974264705882, step 491, accuracy 0.5597426470588235
Best accuracy so far: 0.6380974264705882, step 492, accuracy 0.5572150735294118
Best accuracy so far: 0.6380974264705882, step 493, accuracy 0.5620404411764706
Best accuracy so far: 0.6380974264705882, step 494, accuracy 0.5606617647058824
Best accuracy so far: 0.6380974264705882, step 495, accuracy 0.5615808823529411
Best accuracy so far: 0.6380974264705882, step 496, accuracy 0.5604319852941176
Best accuracy so far: 0.6380974264705882, step 497, accuracy 0.5604319852941176
Best accuracy so far: 0.6380974264705882, step 498, accuracy 0.5597426470588235
Best accuracy so far: 0.6380974264705882, step 499, accuracy 0.5579044117647058
Best accuracy so far: 0.6380974264705882, step 500, accuracy 0.5565257352941176
Best accuracy so far: 0.6380974264705882, step 501, accuracy 0.5579044117647058
Best accuracy so far: 0.6380974264705882, step 502, accuracy 0.5590533088235294
Best accuracy so far: 0.6380974264705882, step 503, accuracy 0.5565257352941176
Best accuracy so far: 0.6380974264705882, step 504, accuracy 0.5574448529411765
Best accuracy so far: 0.6380974264705882, step 505, accuracy 0.5576746323529411
Best accuracy so far: 0.6380974264705882, step 506, accuracy 0.5579044117647058
Best accuracy so far: 0.6380974264705882, step 507, accuracy 0.5592830882352942
Best accuracy so far: 0.6380974264705882, step 508, accuracy 0.5608915441176471
Best accuracy so far: 0.6380974264705882, step 509, accuracy 0.5627297794117647
Best accuracy so far: 0.6380974264705882, step 510, accuracy 0.5604319852941176
Best accuracy so far: 0.6380974264705882, step 511, accuracy 0.5613511029411765
Best accuracy so far: 0.6380974264705882, step 512, accuracy 0.5618106617647058
Best accuracy so far: 0.6380974264705882, step 513, accuracy 0.5622702205882353
Best accuracy so far: 0.6380974264705882, step 514, accuracy 0.5618106617647058
Best accuracy so far: 0.6380974264705882, step 515, accuracy 0.5627297794117647
Best accuracy so far: 0.6380974264705882, step 516, accuracy 0.5627297794117647
Best accuracy so far: 0.6380974264705882, step 517, accuracy 0.5645680147058824
Best accuracy so far: 0.6380974264705882, step 518, accuracy 0.5668658088235294
Best accuracy so far: 0.6380974264705882, step 519, accuracy 0.5668658088235294
Best accuracy so far: 0.6380974264705882, step 520, accuracy 0.5700827205882353
Best accuracy so far: 0.6380974264705882, step 521, accuracy 0.5696231617647058
Best accuracy so far: 0.6380974264705882, step 522, accuracy 0.5707720588235294
Best accuracy so far: 0.6380974264705882, step 523, accuracy 0.5714613970588235
Best accuracy so far: 0.6380974264705882, step 524, accuracy 0.5710018382352942
Best accuracy so far: 0.6380974264705882, step 525, accuracy 0.5691636029411765
Best accuracy so far: 0.6380974264705882, step 526, accuracy 0.5675551470588235
Best accuracy so far: 0.6380974264705882, step 527, accuracy 0.5654871323529411
Best accuracy so far: 0.6380974264705882, step 528, accuracy 0.5668658088235294
Best accuracy so far: 0.6380974264705882, step 529, accuracy 0.5654871323529411
Best accuracy so far: 0.6380974264705882, step 530, accuracy 0.5670955882352942
Best accuracy so far: 0.6380974264705882, step 531, accuracy 0.5652573529411765
Best accuracy so far: 0.6380974264705882, step 532, accuracy 0.5673253676470589
Best accuracy so far: 0.6380974264705882, step 533, accuracy 0.5721507352941176
Best accuracy so far: 0.6380974264705882, step 534, accuracy 0.5691636029411765
Best accuracy so far: 0.6380974264705882, step 535, accuracy 0.5700827205882353
Best accuracy so far: 0.6380974264705882, step 536, accuracy 0.5673253676470589
Best accuracy so far: 0.6380974264705882, step 537, accuracy 0.5643382352941176
Best accuracy so far: 0.6380974264705882, step 538, accuracy 0.5666360294117647
Best accuracy so far: 0.6380974264705882, step 539, accuracy 0.5634191176470589
Best accuracy so far: 0.6380974264705882, step 540, accuracy 0.5652573529411765
Best accuracy so far: 0.6380974264705882, step 541, accuracy 0.5615808823529411
Best accuracy so far: 0.6380974264705882, step 542, accuracy 0.5622702205882353
Best accuracy so far: 0.6380974264705882, step 543, accuracy 0.5604319852941176
Best accuracy so far: 0.6380974264705882, step 544, accuracy 0.5618106617647058
Best accuracy so far: 0.6380974264705882, step 545, accuracy 0.5604319852941176
Best accuracy so far: 0.6380974264705882, step 546, accuracy 0.5599724264705882
Best accuracy so far: 0.6380974264705882, step 547, accuracy 0.55859375
Best accuracy so far: 0.6380974264705882, step 548, accuracy 0.5595128676470589
Best accuracy so far: 0.6380974264705882, step 549, accuracy 0.5618106617647058
Best accuracy so far: 0.6380974264705882, step 550, accuracy 0.5588235294117647
Best accuracy so far: 0.6380974264705882, step 551, accuracy 0.5608915441176471
Best accuracy so far: 0.6380974264705882, step 552, accuracy 0.5625
Best accuracy so far: 0.6380974264705882, step 553, accuracy 0.5604319852941176
Best accuracy so far: 0.6380974264705882, step 554, accuracy 0.5625
Best accuracy so far: 0.6380974264705882, step 555, accuracy 0.5618106617647058
Best accuracy so far: 0.6380974264705882, step 556, accuracy 0.5604319852941176
Best accuracy so far: 0.6380974264705882, step 557, accuracy 0.5597426470588235
Best accuracy so far: 0.6380974264705882, step 558, accuracy 0.5590533088235294
Best accuracy so far: 0.6380974264705882, step 559, accuracy 0.5613511029411765
Best accuracy so far: 0.6380974264705882, step 560, accuracy 0.5657169117647058
Best accuracy so far: 0.6380974264705882, step 561, accuracy 0.5643382352941176
Best accuracy so far: 0.6380974264705882, step 562, accuracy 0.5629595588235294
Best accuracy so far: 0.6380974264705882, step 563, accuracy 0.5634191176470589
Best accuracy so far: 0.6380974264705882, step 564, accuracy 0.5661764705882353
Best accuracy so far: 0.6380974264705882, step 565, accuracy 0.5657169117647058
Best accuracy so far: 0.6380974264705882, step 566, accuracy 0.5650275735294118
Best accuracy so far: 0.6380974264705882, step 567, accuracy 0.5638786764705882
Best accuracy so far: 0.6380974264705882, step 568, accuracy 0.5650275735294118
Best accuracy so far: 0.6380974264705882, step 569, accuracy 0.5680147058823529
Best accuracy so far: 0.6380974264705882, step 570, accuracy 0.5689338235294118
Best accuracy so far: 0.6380974264705882, step 571, accuracy 0.5682444852941176
Best accuracy so far: 0.6380974264705882, step 572, accuracy 0.5682444852941176
Best accuracy so far: 0.6380974264705882, step 573, accuracy 0.5689338235294118
Best accuracy so far: 0.6380974264705882, step 574, accuracy 0.5684742647058824
Best accuracy so far: 0.6380974264705882, step 575, accuracy 0.5670955882352942
Best accuracy so far: 0.6380974264705882, step 576, accuracy 0.5673253676470589
Best accuracy so far: 0.6380974264705882, step 577, accuracy 0.5643382352941176
Best accuracy so far: 0.6380974264705882, step 578, accuracy 0.5615808823529411
Best accuracy so far: 0.6380974264705882, step 579, accuracy 0.5631893382352942
Best accuracy so far: 0.6380974264705882, step 580, accuracy 0.5629595588235294
Best accuracy so far: 0.6380974264705882, step 581, accuracy 0.5606617647058824
Best accuracy so far: 0.6380974264705882, step 582, accuracy 0.5622702205882353
Best accuracy so far: 0.6380974264705882, step 583, accuracy 0.5618106617647058
Best accuracy so far: 0.6380974264705882, step 584, accuracy 0.5613511029411765
Best accuracy so far: 0.6380974264705882, step 585, accuracy 0.5634191176470589
Best accuracy so far: 0.6380974264705882, step 586, accuracy 0.5611213235294118
Best accuracy so far: 0.6380974264705882, step 587, accuracy 0.5599724264705882
Best accuracy so far: 0.6380974264705882, step 588, accuracy 0.5631893382352942
Best accuracy so far: 0.6380974264705882, step 589, accuracy 0.5625
Best accuracy so far: 0.6380974264705882, step 590, accuracy 0.5629595588235294
Best accuracy so far: 0.6380974264705882, step 591, accuracy 0.5641084558823529
Best accuracy so far: 0.6380974264705882, step 592, accuracy 0.5618106617647058
Best accuracy so far: 0.6380974264705882, step 593, accuracy 0.5627297794117647
Best accuracy so far: 0.6380974264705882, step 594, accuracy 0.5608915441176471
Best accuracy so far: 0.6380974264705882, step 595, accuracy 0.5638786764705882
Best accuracy so far: 0.6380974264705882, step 596, accuracy 0.5652573529411765
Best accuracy so far: 0.6380974264705882, step 597, accuracy 0.5627297794117647
Best accuracy so far: 0.6380974264705882, step 598, accuracy 0.5657169117647058
Best accuracy so far: 0.6380974264705882, step 599, accuracy 0.5652573529411765
Best accuracy so far: 0.6380974264705882, step 600, accuracy 0.5668658088235294
Best accuracy so far: 0.6380974264705882, step 601, accuracy 0.5670955882352942
Best accuracy so far: 0.6380974264705882, step 602, accuracy 0.5661764705882353
Best accuracy so far: 0.6380974264705882, step 603, accuracy 0.5670955882352942
Best accuracy so far: 0.6380974264705882, step 604, accuracy 0.5661764705882353
Best accuracy so far: 0.6380974264705882, step 605, accuracy 0.5670955882352942
Best accuracy so far: 0.6380974264705882, step 606, accuracy 0.5668658088235294
Best accuracy so far: 0.6380974264705882, step 607, accuracy 0.5680147058823529
Best accuracy so far: 0.6380974264705882, step 608, accuracy 0.5657169117647058
Best accuracy so far: 0.6380974264705882, step 609, accuracy 0.5668658088235294
Best accuracy so far: 0.6380974264705882, step 610, accuracy 0.5666360294117647
Best accuracy so far: 0.6380974264705882, step 611, accuracy 0.5638786764705882
Best accuracy so far: 0.6380974264705882, step 612, accuracy 0.5675551470588235
Best accuracy so far: 0.6380974264705882, step 613, accuracy 0.5668658088235294
Best accuracy so far: 0.6380974264705882, step 614, accuracy 0.5613511029411765
Best accuracy so far: 0.6380974264705882, step 615, accuracy 0.5670955882352942
Best accuracy so far: 0.6380974264705882, step 616, accuracy 0.5675551470588235
Best accuracy so far: 0.6380974264705882, step 617, accuracy 0.56640625
Best accuracy so far: 0.6380974264705882, step 618, accuracy 0.5650275735294118
Best accuracy so far: 0.6380974264705882, step 619, accuracy 0.5647977941176471
Best accuracy so far: 0.6380974264705882, step 620, accuracy 0.5631893382352942
Best accuracy so far: 0.6380974264705882, step 621, accuracy 0.5625
Best accuracy so far: 0.6380974264705882, step 622, accuracy 0.5636488970588235
Best accuracy so far: 0.6380974264705882, step 623, accuracy 0.5620404411764706
Best accuracy so far: 0.6380974264705882, step 624, accuracy 0.5631893382352942
Best accuracy so far: 0.6380974264705882, step 625, accuracy 0.5634191176470589
Best accuracy so far: 0.6380974264705882, step 626, accuracy 0.5634191176470589
Best accuracy so far: 0.6380974264705882, step 627, accuracy 0.5661764705882353
Best accuracy so far: 0.6380974264705882, step 628, accuracy 0.5638786764705882
Best accuracy so far: 0.6380974264705882, step 629, accuracy 0.5666360294117647
Best accuracy so far: 0.6380974264705882, step 630, accuracy 0.5677849264705882
Best accuracy so far: 0.6380974264705882, step 631, accuracy 0.5659466911764706
Best accuracy so far: 0.6380974264705882, step 632, accuracy 0.5666360294117647
Best accuracy so far: 0.6380974264705882, step 633, accuracy 0.5684742647058824
Best accuracy so far: 0.6380974264705882, step 634, accuracy 0.5728400735294118
Best accuracy so far: 0.6380974264705882, step 635, accuracy 0.5714613970588235
Best accuracy so far: 0.6380974264705882, step 636, accuracy 0.5744485294117647
Best accuracy so far: 0.6380974264705882, step 637, accuracy 0.57421875
Best accuracy so far: 0.6380974264705882, step 638, accuracy 0.5755974264705882
Best accuracy so far: 0.6380974264705882, step 639, accuracy 0.5758272058823529
Best accuracy so far: 0.6380974264705882, step 640, accuracy 0.5772058823529411
Best accuracy so far: 0.6380974264705882, step 641, accuracy 0.5774356617647058
Best accuracy so far: 0.6380974264705882, step 642, accuracy 0.5762867647058824
Best accuracy so far: 0.6380974264705882, step 643, accuracy 0.5755974264705882
Best accuracy so far: 0.6380974264705882, step 644, accuracy 0.5746783088235294
Best accuracy so far: 0.6380974264705882, step 645, accuracy 0.5719209558823529
Best accuracy so far: 0.6380974264705882, step 646, accuracy 0.5744485294117647
Best accuracy so far: 0.6380974264705882, step 647, accuracy 0.5726102941176471
Best accuracy so far: 0.6380974264705882, step 648, accuracy 0.5744485294117647
Best accuracy so far: 0.6380974264705882, step 649, accuracy 0.5707720588235294
Best accuracy so far: 0.6380974264705882, step 650, accuracy 0.5707720588235294
Best accuracy so far: 0.6380974264705882, step 651, accuracy 0.5693933823529411
Best accuracy so far: 0.6380974264705882, step 652, accuracy 0.5723805147058824
Best accuracy so far: 0.6380974264705882, step 653, accuracy 0.5714613970588235
Best accuracy so far: 0.6380974264705882, step 654, accuracy 0.5696231617647058
Best accuracy so far: 0.6380974264705882, step 655, accuracy 0.5696231617647058
Best accuracy so far: 0.6380974264705882, step 656, accuracy 0.5673253676470589
Best accuracy so far: 0.6380974264705882, step 657, accuracy 0.5677849264705882
Best accuracy so far: 0.6380974264705882, step 658, accuracy 0.5652573529411765
Best accuracy so far: 0.6380974264705882, step 659, accuracy 0.5670955882352942
Best accuracy so far: 0.6380974264705882, step 660, accuracy 0.5677849264705882
Best accuracy so far: 0.6380974264705882, step 661, accuracy 0.5682444852941176
Best accuracy so far: 0.6380974264705882, step 662, accuracy 0.56640625
Best accuracy so far: 0.6380974264705882, step 663, accuracy 0.5668658088235294
Best accuracy so far: 0.6380974264705882, step 664, accuracy 0.5670955882352942
Best accuracy so far: 0.6380974264705882, step 665, accuracy 0.5682444852941176
Best accuracy so far: 0.6380974264705882, step 666, accuracy 0.5670955882352942
Best accuracy so far: 0.6380974264705882, step 667, accuracy 0.5661764705882353
Best accuracy so far: 0.6380974264705882, step 668, accuracy 0.56640625
Best accuracy so far: 0.6380974264705882, step 669, accuracy 0.5668658088235294
Best accuracy so far: 0.6380974264705882, step 670, accuracy 0.5622702205882353
Best accuracy so far: 0.6380974264705882, step 671, accuracy 0.5641084558823529
Best accuracy so far: 0.6380974264705882, step 672, accuracy 0.5625
Best accuracy so far: 0.6380974264705882, step 673, accuracy 0.5636488970588235
Best accuracy so far: 0.6380974264705882, step 674, accuracy 0.5629595588235294
Best accuracy so far: 0.6380974264705882, step 675, accuracy 0.5604319852941176
Best accuracy so far: 0.6380974264705882, step 676, accuracy 0.5599724264705882
Best accuracy so far: 0.6380974264705882, step 677, accuracy 0.5590533088235294
Best accuracy so far: 0.6380974264705882, step 678, accuracy 0.5583639705882353
Best accuracy so far: 0.6380974264705882, step 679, accuracy 0.5588235294117647
Best accuracy so far: 0.6380974264705882, step 680, accuracy 0.5549172794117647
Best accuracy so far: 0.6380974264705882, step 681, accuracy 0.5551470588235294
Best accuracy so far: 0.6380974264705882, step 682, accuracy 0.5537683823529411
Best accuracy so far: 0.6380974264705882, step 683, accuracy 0.5544577205882353
Best accuracy so far: 0.6380974264705882, step 684, accuracy 0.5537683823529411
Best accuracy so far: 0.6380974264705882, step 685, accuracy 0.5512408088235294
Best accuracy so far: 0.6380974264705882, step 686, accuracy 0.5512408088235294
Best accuracy so far: 0.6380974264705882, step 687, accuracy 0.5519301470588235
Best accuracy so far: 0.6380974264705882, step 688, accuracy 0.5530790441176471
Best accuracy so far: 0.6380974264705882, step 689, accuracy 0.5519301470588235
Best accuracy so far: 0.6380974264705882, step 690, accuracy 0.5517003676470589
Best accuracy so far: 0.6380974264705882, step 691, accuracy 0.5535386029411765
Best accuracy so far: 0.6380974264705882, step 692, accuracy 0.5528492647058824
Best accuracy so far: 0.6380974264705882, step 693, accuracy 0.5519301470588235
Best accuracy so far: 0.6380974264705882, step 694, accuracy 0.5537683823529411
Best accuracy so far: 0.6380974264705882, step 695, accuracy 0.5533088235294118
Best accuracy so far: 0.6380974264705882, step 696, accuracy 0.5526194852941176
Best accuracy so far: 0.6380974264705882, step 697, accuracy 0.5519301470588235
Best accuracy so far: 0.6380974264705882, step 698, accuracy 0.5535386029411765
Best accuracy so far: 0.6380974264705882, step 699, accuracy 0.5517003676470589
Best accuracy so far: 0.6380974264705882, step 700, accuracy 0.5519301470588235
Best accuracy so far: 0.6380974264705882, step 701, accuracy 0.5549172794117647
Best accuracy so far: 0.6380974264705882, step 702, accuracy 0.5549172794117647
Best accuracy so far: 0.6380974264705882, step 703, accuracy 0.5569852941176471
Best accuracy so far: 0.6380974264705882, step 704, accuracy 0.5535386029411765
Best accuracy so far: 0.6380974264705882, step 705, accuracy 0.5539981617647058
Best accuracy so far: 0.6380974264705882, step 706, accuracy 0.5551470588235294
Best accuracy so far: 0.6380974264705882, step 707, accuracy 0.5551470588235294
Best accuracy so far: 0.6380974264705882, step 708, accuracy 0.5581341911764706
Best accuracy so far: 0.6380974264705882, step 709, accuracy 0.5553768382352942
Best accuracy so far: 0.6380974264705882, step 710, accuracy 0.5574448529411765
Best accuracy so far: 0.6380974264705882, step 711, accuracy 0.5572150735294118
Best accuracy so far: 0.6380974264705882, step 712, accuracy 0.5567555147058824
Best accuracy so far: 0.6380974264705882, step 713, accuracy 0.5583639705882353
Best accuracy so far: 0.6380974264705882, step 714, accuracy 0.5588235294117647
Best accuracy so far: 0.6380974264705882, step 715, accuracy 0.5604319852941176
Best accuracy so far: 0.6380974264705882, step 716, accuracy 0.5602022058823529
Best accuracy so far: 0.6380974264705882, step 717, accuracy 0.5562959558823529
Best accuracy so far: 0.6380974264705882, step 718, accuracy 0.5595128676470589
Best accuracy so far: 0.6380974264705882, step 719, accuracy 0.5572150735294118
Best accuracy so far: 0.6380974264705882, step 720, accuracy 0.5583639705882353
Best accuracy so far: 0.6380974264705882, step 721, accuracy 0.55859375
Best accuracy so far: 0.6380974264705882, step 722, accuracy 0.5613511029411765
Best accuracy so far: 0.6380974264705882, step 723, accuracy 0.5581341911764706
Best accuracy so far: 0.6380974264705882, step 724, accuracy 0.5581341911764706
Best accuracy so far: 0.6380974264705882, step 725, accuracy 0.5590533088235294
Best accuracy so far: 0.6380974264705882, step 726, accuracy 0.5581341911764706
Best accuracy so far: 0.6380974264705882, step 727, accuracy 0.55859375
Best accuracy so far: 0.6380974264705882, step 728, accuracy 0.5581341911764706
Best accuracy so far: 0.6380974264705882, step 729, accuracy 0.5590533088235294
Best accuracy so far: 0.6380974264705882, step 730, accuracy 0.5560661764705882
Best accuracy so far: 0.6380974264705882, step 731, accuracy 0.5588235294117647
Best accuracy so far: 0.6380974264705882, step 732, accuracy 0.5602022058823529
Best accuracy so far: 0.6380974264705882, step 733, accuracy 0.5599724264705882
Best accuracy so far: 0.6380974264705882, step 734, accuracy 0.5627297794117647
Best accuracy so far: 0.6380974264705882, step 735, accuracy 0.5634191176470589
Best accuracy so far: 0.6380974264705882, step 736, accuracy 0.5645680147058824
Best accuracy so far: 0.6380974264705882, step 737, accuracy 0.5661764705882353
Best accuracy so far: 0.6380974264705882, step 738, accuracy 0.5673253676470589
Best accuracy so far: 0.6380974264705882, step 739, accuracy 0.5659466911764706
Best accuracy so far: 0.6380974264705882, step 740, accuracy 0.5680147058823529
Best accuracy so far: 0.6380974264705882, step 741, accuracy 0.5668658088235294
Best accuracy so far: 0.6380974264705882, step 742, accuracy 0.5693933823529411
Best accuracy so far: 0.6380974264705882, step 743, accuracy 0.5693933823529411
Best accuracy so far: 0.6380974264705882, step 744, accuracy 0.5666360294117647
Best accuracy so far: 0.6380974264705882, step 745, accuracy 0.5700827205882353
Best accuracy so far: 0.6380974264705882, step 746, accuracy 0.5677849264705882
Best accuracy so far: 0.6380974264705882, step 747, accuracy 0.5668658088235294
Best accuracy so far: 0.6380974264705882, step 748, accuracy 0.5675551470588235
Best accuracy so far: 0.6380974264705882, step 749, accuracy 0.5654871323529411
Best accuracy so far: 0.6380974264705882, step 750, accuracy 0.5687040441176471
Best accuracy so far: 0.6380974264705882, step 751, accuracy 0.5661764705882353
Best accuracy so far: 0.6380974264705882, step 752, accuracy 0.5666360294117647
Best accuracy so far: 0.6380974264705882, step 753, accuracy 0.56640625
Best accuracy so far: 0.6380974264705882, step 754, accuracy 0.5652573529411765
Best accuracy so far: 0.6380974264705882, step 755, accuracy 0.5654871323529411
Best accuracy so far: 0.6380974264705882, step 756, accuracy 0.5643382352941176
Best accuracy so far: 0.6380974264705882, step 757, accuracy 0.5634191176470589
Best accuracy so far: 0.6380974264705882, step 758, accuracy 0.5647977941176471
Best accuracy so far: 0.6380974264705882, step 759, accuracy 0.5650275735294118
Best accuracy so far: 0.6380974264705882, step 760, accuracy 0.5654871323529411
Best accuracy so far: 0.6380974264705882, step 761, accuracy 0.5657169117647058
Best accuracy so far: 0.6380974264705882, step 762, accuracy 0.5650275735294118
Best accuracy so far: 0.6380974264705882, step 763, accuracy 0.5673253676470589
Best accuracy so far: 0.6380974264705882, step 764, accuracy 0.5668658088235294
Best accuracy so far: 0.6380974264705882, step 765, accuracy 0.5634191176470589
Best accuracy so far: 0.6380974264705882, step 766, accuracy 0.5659466911764706
Best accuracy so far: 0.6380974264705882, step 767, accuracy 0.5661764705882353
Best accuracy so far: 0.6380974264705882, step 768, accuracy 0.5654871323529411
Best accuracy so far: 0.6380974264705882, step 769, accuracy 0.5647977941176471
Best accuracy so far: 0.6380974264705882, step 770, accuracy 0.5668658088235294
Best accuracy so far: 0.6380974264705882, step 771, accuracy 0.5712316176470589
Best accuracy so far: 0.6380974264705882, step 772, accuracy 0.5661764705882353
Best accuracy so far: 0.6380974264705882, step 773, accuracy 0.5673253676470589
Best accuracy so far: 0.6380974264705882, step 774, accuracy 0.5689338235294118
Best accuracy so far: 0.6380974264705882, step 775, accuracy 0.5631893382352942
Best accuracy so far: 0.6380974264705882, step 776, accuracy 0.5670955882352942
Best accuracy so far: 0.6380974264705882, step 777, accuracy 0.5668658088235294
Best accuracy so far: 0.6380974264705882, step 778, accuracy 0.5643382352941176
Best accuracy so far: 0.6380974264705882, step 779, accuracy 0.56640625
Best accuracy so far: 0.6380974264705882, step 780, accuracy 0.5629595588235294
Best accuracy so far: 0.6380974264705882, step 781, accuracy 0.5652573529411765
Best accuracy so far: 0.6380974264705882, step 782, accuracy 0.5647977941176471
Best accuracy so far: 0.6380974264705882, step 783, accuracy 0.5647977941176471
Best accuracy so far: 0.6380974264705882, step 784, accuracy 0.5643382352941176
Best accuracy so far: 0.6380974264705882, step 785, accuracy 0.5638786764705882
Best accuracy so far: 0.6380974264705882, step 786, accuracy 0.5650275735294118
Best accuracy so far: 0.6380974264705882, step 787, accuracy 0.5631893382352942
Best accuracy so far: 0.6380974264705882, step 788, accuracy 0.5647977941176471
Best accuracy so far: 0.6380974264705882, step 789, accuracy 0.5622702205882353
Best accuracy so far: 0.6380974264705882, step 790, accuracy 0.5615808823529411
Best accuracy so far: 0.6380974264705882, step 791, accuracy 0.5622702205882353
Best accuracy so far: 0.6380974264705882, step 792, accuracy 0.5588235294117647
Best accuracy so far: 0.6380974264705882, step 793, accuracy 0.5579044117647058
Best accuracy so far: 0.6380974264705882, step 794, accuracy 0.5597426470588235
Best accuracy so far: 0.6380974264705882, step 795, accuracy 0.5581341911764706
Best accuracy so far: 0.6380974264705882, step 796, accuracy 0.5592830882352942
Best accuracy so far: 0.6380974264705882, step 797, accuracy 0.5588235294117647
Best accuracy so far: 0.6380974264705882, step 798, accuracy 0.5572150735294118
Best accuracy so far: 0.6380974264705882, step 799, accuracy 0.5567555147058824
Best accuracy so far: 0.6380974264705882, step 800, accuracy 0.5572150735294118
Best accuracy so far: 0.6380974264705882, step 801, accuracy 0.5562959558823529
Best accuracy so far: 0.6380974264705882, step 802, accuracy 0.5569852941176471
Best accuracy so far: 0.6380974264705882, step 803, accuracy 0.5562959558823529
Best accuracy so far: 0.6380974264705882, step 804, accuracy 0.5567555147058824
Best accuracy so far: 0.6380974264705882, step 805, accuracy 0.5549172794117647
Best accuracy so far: 0.6380974264705882, step 806, accuracy 0.5558363970588235
Best accuracy so far: 0.6380974264705882, step 807, accuracy 0.5549172794117647
Best accuracy so far: 0.6380974264705882, step 808, accuracy 0.5569852941176471
Best accuracy so far: 0.6380974264705882, step 809, accuracy 0.5565257352941176
Best accuracy so far: 0.6380974264705882, step 810, accuracy 0.5583639705882353
Best accuracy so far: 0.6380974264705882, step 811, accuracy 0.5579044117647058
Best accuracy so far: 0.6380974264705882, step 812, accuracy 0.5576746323529411
Best accuracy so far: 0.6380974264705882, step 813, accuracy 0.5592830882352942
Best accuracy so far: 0.6380974264705882, step 814, accuracy 0.5579044117647058
Best accuracy so far: 0.6380974264705882, step 815, accuracy 0.5556066176470589
Best accuracy so far: 0.6380974264705882, step 816, accuracy 0.5579044117647058
Best accuracy so far: 0.6380974264705882, step 817, accuracy 0.5592830882352942
Best accuracy so far: 0.6380974264705882, step 818, accuracy 0.5597426470588235
Best accuracy so far: 0.6380974264705882, step 819, accuracy 0.5599724264705882
Best accuracy so far: 0.6380974264705882, step 820, accuracy 0.5608915441176471
Best accuracy so far: 0.6380974264705882, step 821, accuracy 0.5615808823529411
Best accuracy so far: 0.6380974264705882, step 822, accuracy 0.5647977941176471
Best accuracy so far: 0.6380974264705882, step 823, accuracy 0.5657169117647058
Best accuracy so far: 0.6380974264705882, step 824, accuracy 0.5652573529411765
Best accuracy so far: 0.6380974264705882, step 825, accuracy 0.5677849264705882
Best accuracy so far: 0.6380974264705882, step 826, accuracy 0.56640625
Best accuracy so far: 0.6380974264705882, step 827, accuracy 0.5657169117647058
Best accuracy so far: 0.6380974264705882, step 828, accuracy 0.5680147058823529
Best accuracy so far: 0.6380974264705882, step 829, accuracy 0.5680147058823529
Best accuracy so far: 0.6380974264705882, step 830, accuracy 0.5661764705882353
Best accuracy so far: 0.6380974264705882, step 831, accuracy 0.5645680147058824
Best accuracy so far: 0.6380974264705882, step 832, accuracy 0.5659466911764706
Best accuracy so far: 0.6380974264705882, step 833, accuracy 0.5657169117647058
Best accuracy so far: 0.6380974264705882, step 834, accuracy 0.56640625
Best accuracy so far: 0.6380974264705882, step 835, accuracy 0.5647977941176471
Best accuracy so far: 0.6380974264705882, step 836, accuracy 0.5618106617647058
Best accuracy so far: 0.6380974264705882, step 837, accuracy 0.5643382352941176
Best accuracy so far: 0.6380974264705882, step 838, accuracy 0.5636488970588235
Best accuracy so far: 0.6380974264705882, step 839, accuracy 0.5631893382352942
Best accuracy so far: 0.6380974264705882, step 840, accuracy 0.5629595588235294
Best accuracy so far: 0.6380974264705882, step 841, accuracy 0.5636488970588235
Best accuracy so far: 0.6380974264705882, step 842, accuracy 0.5657169117647058
Best accuracy so far: 0.6380974264705882, step 843, accuracy 0.5661764705882353
Best accuracy so far: 0.6380974264705882, step 844, accuracy 0.5625
Best accuracy so far: 0.6380974264705882, step 845, accuracy 0.5654871323529411
Best accuracy so far: 0.6380974264705882, step 846, accuracy 0.5652573529411765
Best accuracy so far: 0.6380974264705882, step 847, accuracy 0.5641084558823529
Best accuracy so far: 0.6380974264705882, step 848, accuracy 0.5647977941176471
Best accuracy so far: 0.6380974264705882, step 849, accuracy 0.5647977941176471
Best accuracy so far: 0.6380974264705882, step 850, accuracy 0.5675551470588235
Best accuracy so far: 0.6380974264705882, step 851, accuracy 0.5636488970588235
Best accuracy so far: 0.6380974264705882, step 852, accuracy 0.5652573529411765
Best accuracy so far: 0.6380974264705882, step 853, accuracy 0.5629595588235294
Best accuracy so far: 0.6380974264705882, step 854, accuracy 0.5625
Best accuracy so far: 0.6380974264705882, step 855, accuracy 0.5643382352941176
Best accuracy so far: 0.6380974264705882, step 856, accuracy 0.5618106617647058
Best accuracy so far: 0.6380974264705882, step 857, accuracy 0.5622702205882353
Best accuracy so far: 0.6380974264705882, step 858, accuracy 0.5592830882352942
Best accuracy so far: 0.6380974264705882, step 859, accuracy 0.5602022058823529
Best accuracy so far: 0.6380974264705882, step 860, accuracy 0.5574448529411765
Best accuracy so far: 0.6380974264705882, step 861, accuracy 0.5583639705882353
Best accuracy so far: 0.6380974264705882, step 862, accuracy 0.5562959558823529
Best accuracy so far: 0.6380974264705882, step 863, accuracy 0.5576746323529411
Best accuracy so far: 0.6380974264705882, step 864, accuracy 0.5567555147058824
Best accuracy so far: 0.6380974264705882, step 865, accuracy 0.5576746323529411
Best accuracy so far: 0.6380974264705882, step 866, accuracy 0.5560661764705882
Best accuracy so far: 0.6380974264705882, step 867, accuracy 0.5556066176470589
Best accuracy so far: 0.6380974264705882, step 868, accuracy 0.5551470588235294
Best accuracy so far: 0.6380974264705882, step 869, accuracy 0.5565257352941176
Best accuracy so far: 0.6380974264705882, step 870, accuracy 0.5590533088235294
Best accuracy so far: 0.6380974264705882, step 871, accuracy 0.5551470588235294
Best accuracy so far: 0.6380974264705882, step 872, accuracy 0.5588235294117647
Best accuracy so far: 0.6380974264705882, step 873, accuracy 0.5535386029411765
Best accuracy so far: 0.6380974264705882, step 874, accuracy 0.5549172794117647
Best accuracy so far: 0.6380974264705882, step 875, accuracy 0.5581341911764706
Best accuracy so far: 0.6380974264705882, step 876, accuracy 0.5574448529411765
Best accuracy so far: 0.6380974264705882, step 877, accuracy 0.5592830882352942
Best accuracy so far: 0.6380974264705882, step 878, accuracy 0.5592830882352942
Best accuracy so far: 0.6380974264705882, step 879, accuracy 0.5592830882352942
Best accuracy so far: 0.6380974264705882, step 880, accuracy 0.5627297794117647
Best accuracy so far: 0.6380974264705882, step 881, accuracy 0.5608915441176471
Best accuracy so far: 0.6380974264705882, step 882, accuracy 0.5613511029411765
Best accuracy so far: 0.6380974264705882, step 883, accuracy 0.5647977941176471
Best accuracy so far: 0.6380974264705882, step 884, accuracy 0.5618106617647058
Best accuracy so far: 0.6380974264705882, step 885, accuracy 0.5641084558823529
Best accuracy so far: 0.6380974264705882, step 886, accuracy 0.5620404411764706
Best accuracy so far: 0.6380974264705882, step 887, accuracy 0.5634191176470589
Best accuracy so far: 0.6380974264705882, step 888, accuracy 0.5620404411764706
Best accuracy so far: 0.6380974264705882, step 889, accuracy 0.5634191176470589
Best accuracy so far: 0.6380974264705882, step 890, accuracy 0.5631893382352942
Best accuracy so far: 0.6380974264705882, step 891, accuracy 0.5622702205882353
Best accuracy so far: 0.6380974264705882, step 892, accuracy 0.5613511029411765
Best accuracy so far: 0.6380974264705882, step 893, accuracy 0.5627297794117647
Best accuracy so far: 0.6380974264705882, step 894, accuracy 0.5611213235294118
Best accuracy so far: 0.6380974264705882, step 895, accuracy 0.5602022058823529
Best accuracy so far: 0.6380974264705882, step 896, accuracy 0.5608915441176471
Best accuracy so far: 0.6380974264705882, step 897, accuracy 0.5590533088235294
Best accuracy so far: 0.6380974264705882, step 898, accuracy 0.5583639705882353
Best accuracy so far: 0.6380974264705882, step 899, accuracy 0.55859375
Best accuracy so far: 0.6380974264705882, step 900, accuracy 0.5597426470588235
Best accuracy so far: 0.6380974264705882, step 901, accuracy 0.5604319852941176
Best accuracy so far: 0.6380974264705882, step 902, accuracy 0.5602022058823529
Best accuracy so far: 0.6380974264705882, step 903, accuracy 0.5599724264705882
Best accuracy so far: 0.6380974264705882, step 904, accuracy 0.55859375
Best accuracy so far: 0.6380974264705882, step 905, accuracy 0.5569852941176471
Best accuracy so far: 0.6380974264705882, step 906, accuracy 0.5590533088235294
Best accuracy so far: 0.6380974264705882, step 907, accuracy 0.5611213235294118
Best accuracy so far: 0.6380974264705882, step 908, accuracy 0.55859375
Best accuracy so far: 0.6380974264705882, step 909, accuracy 0.5613511029411765
Best accuracy so far: 0.6380974264705882, step 910, accuracy 0.5618106617647058
Best accuracy so far: 0.6380974264705882, step 911, accuracy 0.5615808823529411
Best accuracy so far: 0.6380974264705882, step 912, accuracy 0.5618106617647058
Best accuracy so far: 0.6380974264705882, step 913, accuracy 0.5625
Best accuracy so far: 0.6380974264705882, step 914, accuracy 0.5602022058823529
Best accuracy so far: 0.6380974264705882, step 915, accuracy 0.5615808823529411
Best accuracy so far: 0.6380974264705882, step 916, accuracy 0.5606617647058824
Best accuracy so far: 0.6380974264705882, step 917, accuracy 0.5595128676470589
Best accuracy so far: 0.6380974264705882, step 918, accuracy 0.5606617647058824
Best accuracy so far: 0.6380974264705882, step 919, accuracy 0.5590533088235294
Best accuracy so far: 0.6380974264705882, step 920, accuracy 0.5615808823529411
Best accuracy so far: 0.6380974264705882, step 921, accuracy 0.5588235294117647
Best accuracy so far: 0.6380974264705882, step 922, accuracy 0.5574448529411765
Best accuracy so far: 0.6380974264705882, step 923, accuracy 0.5602022058823529
Best accuracy so far: 0.6380974264705882, step 924, accuracy 0.5583639705882353
Best accuracy so far: 0.6380974264705882, step 925, accuracy 0.5613511029411765
Best accuracy so far: 0.6380974264705882, step 926, accuracy 0.5567555147058824
Best accuracy so far: 0.6380974264705882, step 927, accuracy 0.5581341911764706
Best accuracy so far: 0.6380974264705882, step 928, accuracy 0.5620404411764706
Best accuracy so far: 0.6380974264705882, step 929, accuracy 0.5599724264705882
Best accuracy so far: 0.6380974264705882, step 930, accuracy 0.5613511029411765
Best accuracy so far: 0.6380974264705882, step 931, accuracy 0.5654871323529411
Best accuracy so far: 0.6380974264705882, step 932, accuracy 0.5634191176470589
Best accuracy so far: 0.6380974264705882, step 933, accuracy 0.5595128676470589
Best accuracy so far: 0.6380974264705882, step 934, accuracy 0.5618106617647058
Best accuracy so far: 0.6380974264705882, step 935, accuracy 0.5643382352941176
Best accuracy so far: 0.6380974264705882, step 936, accuracy 0.5631893382352942
Best accuracy so far: 0.6380974264705882, step 937, accuracy 0.5631893382352942
Best accuracy so far: 0.6380974264705882, step 938, accuracy 0.5643382352941176
Best accuracy so far: 0.6380974264705882, step 939, accuracy 0.5638786764705882
Best accuracy so far: 0.6380974264705882, step 940, accuracy 0.5634191176470589
Best accuracy so far: 0.6380974264705882, step 941, accuracy 0.5615808823529411
Best accuracy so far: 0.6380974264705882, step 942, accuracy 0.5634191176470589
Best accuracy so far: 0.6380974264705882, step 943, accuracy 0.5636488970588235
Best accuracy so far: 0.6380974264705882, step 944, accuracy 0.5641084558823529
Best accuracy so far: 0.6380974264705882, step 945, accuracy 0.5652573529411765
Best accuracy so far: 0.6380974264705882, step 946, accuracy 0.5657169117647058
Best accuracy so far: 0.6380974264705882, step 947, accuracy 0.5654871323529411
Best accuracy so far: 0.6380974264705882, step 948, accuracy 0.5641084558823529
Best accuracy so far: 0.6380974264705882, step 949, accuracy 0.5650275735294118
Best accuracy so far: 0.6380974264705882, step 950, accuracy 0.5631893382352942
Best accuracy so far: 0.6380974264705882, step 951, accuracy 0.5620404411764706
Best accuracy so far: 0.6380974264705882, step 952, accuracy 0.5657169117647058
Best accuracy so far: 0.6380974264705882, step 953, accuracy 0.5613511029411765
Best accuracy so far: 0.6380974264705882, step 954, accuracy 0.5604319852941176
Best accuracy so far: 0.6380974264705882, step 955, accuracy 0.5583639705882353
Best accuracy so far: 0.6380974264705882, step 956, accuracy 0.5581341911764706
Best accuracy so far: 0.6380974264705882, step 957, accuracy 0.5579044117647058
Best accuracy so far: 0.6380974264705882, step 958, accuracy 0.5581341911764706
Best accuracy so far: 0.6380974264705882, step 959, accuracy 0.5583639705882353
Best accuracy so far: 0.6380974264705882, step 960, accuracy 0.5588235294117647
Best accuracy so far: 0.6380974264705882, step 961, accuracy 0.5576746323529411
Best accuracy so far: 0.6380974264705882, step 962, accuracy 0.55859375
Best accuracy so far: 0.6380974264705882, step 963, accuracy 0.5592830882352942
Best accuracy so far: 0.6380974264705882, step 964, accuracy 0.5595128676470589
Best accuracy so far: 0.6380974264705882, step 965, accuracy 0.5604319852941176
Best accuracy so far: 0.6380974264705882, step 966, accuracy 0.5590533088235294
Best accuracy so far: 0.6380974264705882, step 967, accuracy 0.5615808823529411
Best accuracy so far: 0.6380974264705882, step 968, accuracy 0.5638786764705882
Best accuracy so far: 0.6380974264705882, step 969, accuracy 0.5620404411764706
Best accuracy so far: 0.6380974264705882, step 970, accuracy 0.5620404411764706
Best accuracy so far: 0.6380974264705882, step 971, accuracy 0.5631893382352942
Best accuracy so far: 0.6380974264705882, step 972, accuracy 0.5631893382352942
Best accuracy so far: 0.6380974264705882, step 973, accuracy 0.5638786764705882
Best accuracy so far: 0.6380974264705882, step 974, accuracy 0.5622702205882353
Best accuracy so far: 0.6380974264705882, step 975, accuracy 0.5613511029411765
Best accuracy so far: 0.6380974264705882, step 976, accuracy 0.5631893382352942
Best accuracy so far: 0.6380974264705882, step 977, accuracy 0.5615808823529411
Best accuracy so far: 0.6380974264705882, step 978, accuracy 0.5629595588235294
Best accuracy so far: 0.6380974264705882, step 979, accuracy 0.5629595588235294
Best accuracy so far: 0.6380974264705882, step 980, accuracy 0.5652573529411765
Best accuracy so far: 0.6380974264705882, step 981, accuracy 0.5643382352941176
Best accuracy so far: 0.6380974264705882, step 982, accuracy 0.5631893382352942
Best accuracy so far: 0.6380974264705882, step 983, accuracy 0.5625
Best accuracy so far: 0.6380974264705882, step 984, accuracy 0.5634191176470589
Best accuracy so far: 0.6380974264705882, step 985, accuracy 0.5645680147058824
Best accuracy so far: 0.6380974264705882, step 986, accuracy 0.5629595588235294
Best accuracy so far: 0.6380974264705882, step 987, accuracy 0.5625
Best accuracy so far: 0.6380974264705882, step 988, accuracy 0.5625
Best accuracy so far: 0.6380974264705882, step 989, accuracy 0.5631893382352942
Best accuracy so far: 0.6380974264705882, step 990, accuracy 0.5604319852941176
Best accuracy so far: 0.6380974264705882, step 991, accuracy 0.5645680147058824
Best accuracy so far: 0.6380974264705882, step 992, accuracy 0.5620404411764706
Best accuracy so far: 0.6380974264705882, step 993, accuracy 0.5615808823529411
Best accuracy so far: 0.6380974264705882, step 994, accuracy 0.5602022058823529
Best accuracy so far: 0.6380974264705882, step 995, accuracy 0.5576746323529411
Best accuracy so far: 0.6380974264705882, step 996, accuracy 0.5583639705882353
Best accuracy so far: 0.6380974264705882, step 997, accuracy 0.5590533088235294
Best accuracy so far: 0.6380974264705882, step 998, accuracy 0.5565257352941176
Best accuracy so far: 0.6380974264705882, step 999, accuracy 0.5583639705882353
Best accuracy so far: 0.6380974264705882, step 1000, accuracy 0.5597426470588235
Best accuracy for each domain: [0.7633333333333333, 0.6380974264705882] Average: 0.7007153799019608
Number of conflicts: 0 Total steps: 1000 Conflict rate: 0.0
Average cosine similarity between gradients: nan
Cosine similarity between gradients: []
